08:50:57,306 INFO  [localhost-startStop-1][DialectDetector:71] Determine dialect for MySQL 5
08:50:57,324 INFO  [localhost-startStop-1][DialectDetector:136] Found dialect org.hibernate.dialect.MySQLDialect
08:51:09,518 INFO  [localhost-startStop-1][StartupAction:96] There are no patches installed
08:51:09,859 INFO  [localhost-startStop-1][BaseDB:484] Database does not support case sensitive queries
08:51:10,153 INFO  [localhost-startStop-1][ServerDetector:138] Server supports hot deploy
08:51:10,156 INFO  [localhost-startStop-1][PluginPackageUtil:1013] Reading plugin package for the root context
08:51:12,330 INFO  [localhost-startStop-1][AutoDeployDir:139] Auto deploy scanner started for E:\WebPortal\liferay-portal-6.2-ce\deploy
08:51:13,723 INFO  [liferay/scheduler_dispatch-3][PluginPackageUtil:1280] Reloading repositories
08:51:15,605 INFO  [localhost-startStop-1][HotDeployEvent:145] Plugin WebPortal-portlet requires marketplace-portlet
08:51:15,628 INFO  [localhost-startStop-1][HotDeployImpl:273] Queueing WebPortal-portlet for deploy because it is missing marketplace-portlet
08:51:17,921 INFO  [localhost-startStop-1][HotDeployEvent:145] Plugin calendar-portlet requires marketplace-portlet
08:51:17,921 INFO  [localhost-startStop-1][HotDeployImpl:273] Queueing calendar-portlet for deploy because it is missing marketplace-portlet
08:51:20,950 INFO  [localhost-startStop-1][HotDeployEvent:145] Plugin kaleo-web requires marketplace-portlet
08:51:20,951 INFO  [localhost-startStop-1][HotDeployImpl:273] Queueing kaleo-web for deploy because it is missing marketplace-portlet
08:51:22,172 INFO  [localhost-startStop-1][HotDeployImpl:217] Deploying marketplace-portlet from queue
08:51:22,174 INFO  [localhost-startStop-1][PluginPackageUtil:1016] Reading plugin package for marketplace-portlet
08:51:22,592 INFO  [localhost-startStop-1][HookHotDeployListener:693] Registering hook for marketplace-portlet
08:51:22,700 INFO  [localhost-startStop-1][HookHotDeployListener:821] Hook for marketplace-portlet is available for use
08:51:22,702 INFO  [localhost-startStop-1][PortletHotDeployListener:344] Registering portlets for marketplace-portlet
08:51:22,772 INFO  [localhost-startStop-1][PortletHotDeployListener:497] 3 portlets for marketplace-portlet are available for use
08:51:22,773 INFO  [localhost-startStop-1][HotDeployImpl:217] Deploying WebPortal-portlet from queue
08:51:22,773 INFO  [localhost-startStop-1][PluginPackageUtil:1016] Reading plugin package for WebPortal-portlet
08:51:23,045 INFO  [localhost-startStop-1][PortletHotDeployListener:344] Registering portlets for WebPortal-portlet
08:51:23,065 INFO  [localhost-startStop-1][PortletHotDeployListener:497] 2 portlets for WebPortal-portlet are available for use
08:51:23,065 INFO  [localhost-startStop-1][HotDeployImpl:217] Deploying calendar-portlet from queue
08:51:23,066 INFO  [localhost-startStop-1][PluginPackageUtil:1016] Reading plugin package for calendar-portlet
08:51:23,666 INFO  [localhost-startStop-1][HookHotDeployListener:693] Registering hook for calendar-portlet
08:51:24,408 INFO  [localhost-startStop-1][HookHotDeployListener:821] Hook for calendar-portlet is available for use
08:51:24,417 INFO  [localhost-startStop-1][PortletHotDeployListener:344] Registering portlets for calendar-portlet
08:51:24,483 INFO  [localhost-startStop-1][PortletHotDeployListener:492] 1 portlet for calendar-portlet is available for use
08:51:24,484 INFO  [localhost-startStop-1][SocialHotDeployListener:94] Registering social for calendar-portlet
08:51:24,485 INFO  [localhost-startStop-1][SocialHotDeployListener:103] Social for calendar-portlet is available for use
08:51:24,485 INFO  [localhost-startStop-1][HotDeployImpl:217] Deploying kaleo-web from queue
08:51:24,485 INFO  [localhost-startStop-1][PluginPackageUtil:1016] Reading plugin package for kaleo-web
08:51:25,814 INFO  [localhost-startStop-1][HookHotDeployListener:693] Registering hook for kaleo-web
08:51:25,899 INFO  [localhost-startStop-1][HookHotDeployListener:821] Hook for kaleo-web is available for use
08:51:27,996 INFO  [localhost-startStop-1][HotDeployEvent:145] Plugin notifications-portlet requires marketplace-portlet
08:51:27,997 INFO  [localhost-startStop-1][HotDeployImpl:217] Deploying notifications-portlet from queue
08:51:27,997 INFO  [localhost-startStop-1][PluginPackageUtil:1016] Reading plugin package for notifications-portlet
08:51:28,199 INFO  [localhost-startStop-1][HookHotDeployListener:693] Registering hook for notifications-portlet
08:51:28,355 INFO  [localhost-startStop-1][HookHotDeployListener:821] Hook for notifications-portlet is available for use
08:51:28,356 INFO  [localhost-startStop-1][PortletHotDeployListener:344] Registering portlets for notifications-portlet
08:51:28,399 INFO  [localhost-startStop-1][PortletHotDeployListener:497] 2 portlets for notifications-portlet are available for use
08:51:32,189 INFO  [localhost-startStop-1][HotDeployEvent:145] Plugin opensocial-portlet requires marketplace-portlet
08:51:32,190 INFO  [localhost-startStop-1][HotDeployImpl:217] Deploying opensocial-portlet from queue
08:51:32,190 INFO  [localhost-startStop-1][PluginPackageUtil:1016] Reading plugin package for opensocial-portlet
08:51:32,916 INFO  [localhost-startStop-1][HookHotDeployListener:693] Registering hook for opensocial-portlet
08:51:32,952 INFO  [localhost-startStop-1][HookHotDeployListener:821] Hook for opensocial-portlet is available for use
08:51:32,954 INFO  [localhost-startStop-1][PortletHotDeployListener:344] Registering portlets for opensocial-portlet
08:51:33,027 INFO  [localhost-startStop-1][PortletHotDeployListener:497] 4 portlets for opensocial-portlet are available for use
08:51:33,919 INFO  [localhost-startStop-1][HotDeployEvent:145] Plugin resources-importer-web requires marketplace-portlet
08:51:33,919 INFO  [localhost-startStop-1][HotDeployImpl:217] Deploying resources-importer-web from queue
08:51:33,919 INFO  [localhost-startStop-1][PluginPackageUtil:1016] Reading plugin package for resources-importer-web
08:51:34,014 INFO  [localhost-startStop-1][HookHotDeployListener:693] Registering hook for resources-importer-web
08:51:34,017 INFO  [localhost-startStop-1][HookHotDeployListener:821] Hook for resources-importer-web is available for use
08:51:34,771 INFO  [localhost-startStop-1][HotDeployEvent:145] Plugin sync-web requires marketplace-portlet
08:51:34,771 INFO  [localhost-startStop-1][HotDeployImpl:217] Deploying sync-web from queue
08:51:34,771 INFO  [localhost-startStop-1][PluginPackageUtil:1016] Reading plugin package for sync-web
08:51:36,247 INFO  [localhost-startStop-1][HotDeployEvent:145] Plugin web-form-portlet requires marketplace-portlet
08:51:36,247 INFO  [localhost-startStop-1][HotDeployImpl:217] Deploying web-form-portlet from queue
08:51:36,247 INFO  [localhost-startStop-1][PluginPackageUtil:1016] Reading plugin package for web-form-portlet
08:51:36,352 INFO  [localhost-startStop-1][PortletHotDeployListener:344] Registering portlets for web-form-portlet
08:51:36,389 INFO  [localhost-startStop-1][PortletHotDeployListener:492] 1 portlet for web-form-portlet is available for use
08:51:36,771 INFO  [localhost-startStop-1][HotDeployEvent:145] Plugin welcome-theme requires marketplace-portlet, resources-importer-web
08:51:36,771 INFO  [localhost-startStop-1][HotDeployImpl:217] Deploying welcome-theme from queue
08:51:36,771 INFO  [localhost-startStop-1][PluginPackageUtil:1016] Reading plugin package for welcome-theme
08:51:36,845 INFO  [localhost-startStop-1][ThemeHotDeployListener:98] Registering themes for welcome-theme
08:51:36,976 INFO  [localhost-startStop-1][ThemeHotDeployListener:113] 1 theme for welcome-theme is available for use
08:51:37,003 INFO  [liferay/hot_deploy-1][ResourcesImporterHotDeployMessageListener:110] Group or layout set prototype already exists for company liferay.com
09:43:44,874 INFO  [localhost-startStop-1][DialectDetector:71] Determine dialect for MySQL 5
09:43:44,893 INFO  [localhost-startStop-1][DialectDetector:136] Found dialect org.hibernate.dialect.MySQLDialect
09:43:58,082 INFO  [localhost-startStop-1][StartupAction:96] There are no patches installed
09:43:58,469 INFO  [localhost-startStop-1][BaseDB:484] Database does not support case sensitive queries
09:43:59,072 INFO  [localhost-startStop-1][ServerDetector:138] Server supports hot deploy
09:43:59,076 INFO  [localhost-startStop-1][PluginPackageUtil:1013] Reading plugin package for the root context
09:44:01,475 INFO  [localhost-startStop-1][AutoDeployDir:139] Auto deploy scanner started for E:\WebPortal\liferay-portal-6.2-ce\deploy
09:44:02,991 INFO  [liferay/scheduler_dispatch-5][PluginPackageUtil:1280] Reloading repositories
09:44:04,592 INFO  [localhost-startStop-1][HotDeployEvent:145] Plugin WebPortal-portlet requires marketplace-portlet
09:44:04,614 INFO  [localhost-startStop-1][HotDeployImpl:273] Queueing WebPortal-portlet for deploy because it is missing marketplace-portlet
09:44:06,597 INFO  [localhost-startStop-1][HotDeployEvent:145] Plugin calendar-portlet requires marketplace-portlet
09:44:06,597 INFO  [localhost-startStop-1][HotDeployImpl:273] Queueing calendar-portlet for deploy because it is missing marketplace-portlet
09:44:09,413 INFO  [localhost-startStop-1][HotDeployEvent:145] Plugin kaleo-web requires marketplace-portlet
09:44:09,413 INFO  [localhost-startStop-1][HotDeployImpl:273] Queueing kaleo-web for deploy because it is missing marketplace-portlet
09:44:10,398 INFO  [localhost-startStop-1][HotDeployImpl:217] Deploying marketplace-portlet from queue
09:44:10,400 INFO  [localhost-startStop-1][PluginPackageUtil:1016] Reading plugin package for marketplace-portlet
09:44:10,806 INFO  [localhost-startStop-1][HookHotDeployListener:693] Registering hook for marketplace-portlet
09:44:10,931 INFO  [localhost-startStop-1][HookHotDeployListener:821] Hook for marketplace-portlet is available for use
09:44:10,934 INFO  [localhost-startStop-1][PortletHotDeployListener:344] Registering portlets for marketplace-portlet
09:44:11,006 INFO  [localhost-startStop-1][PortletHotDeployListener:497] 3 portlets for marketplace-portlet are available for use
09:44:11,007 INFO  [localhost-startStop-1][HotDeployImpl:217] Deploying WebPortal-portlet from queue
09:44:11,007 INFO  [localhost-startStop-1][PluginPackageUtil:1016] Reading plugin package for WebPortal-portlet
09:44:11,277 INFO  [localhost-startStop-1][PortletHotDeployListener:344] Registering portlets for WebPortal-portlet
09:44:11,296 INFO  [localhost-startStop-1][PortletHotDeployListener:497] 2 portlets for WebPortal-portlet are available for use
09:44:11,296 INFO  [localhost-startStop-1][HotDeployImpl:217] Deploying calendar-portlet from queue
09:44:11,296 INFO  [localhost-startStop-1][PluginPackageUtil:1016] Reading plugin package for calendar-portlet
09:44:11,859 INFO  [localhost-startStop-1][HookHotDeployListener:693] Registering hook for calendar-portlet
09:44:12,509 INFO  [localhost-startStop-1][HookHotDeployListener:821] Hook for calendar-portlet is available for use
09:44:12,519 INFO  [localhost-startStop-1][PortletHotDeployListener:344] Registering portlets for calendar-portlet
09:44:12,584 INFO  [localhost-startStop-1][PortletHotDeployListener:492] 1 portlet for calendar-portlet is available for use
09:44:12,584 INFO  [localhost-startStop-1][SocialHotDeployListener:94] Registering social for calendar-portlet
09:44:12,585 INFO  [localhost-startStop-1][SocialHotDeployListener:103] Social for calendar-portlet is available for use
09:44:12,585 INFO  [localhost-startStop-1][HotDeployImpl:217] Deploying kaleo-web from queue
09:44:12,585 INFO  [localhost-startStop-1][PluginPackageUtil:1016] Reading plugin package for kaleo-web
09:44:14,621 INFO  [localhost-startStop-1][HookHotDeployListener:693] Registering hook for kaleo-web
09:44:14,714 INFO  [localhost-startStop-1][HookHotDeployListener:821] Hook for kaleo-web is available for use
09:44:15,847 INFO  [localhost-startStop-1][HotDeployEvent:145] Plugin notifications-portlet requires marketplace-portlet
09:44:15,847 INFO  [localhost-startStop-1][HotDeployImpl:217] Deploying notifications-portlet from queue
09:44:15,847 INFO  [localhost-startStop-1][PluginPackageUtil:1016] Reading plugin package for notifications-portlet
09:44:16,025 INFO  [localhost-startStop-1][HookHotDeployListener:693] Registering hook for notifications-portlet
09:44:16,246 INFO  [localhost-startStop-1][HookHotDeployListener:821] Hook for notifications-portlet is available for use
09:44:16,248 INFO  [localhost-startStop-1][PortletHotDeployListener:344] Registering portlets for notifications-portlet
09:44:16,287 INFO  [localhost-startStop-1][PortletHotDeployListener:497] 2 portlets for notifications-portlet are available for use
09:44:18,747 INFO  [localhost-startStop-1][HotDeployEvent:145] Plugin opensocial-portlet requires marketplace-portlet
09:44:18,747 INFO  [localhost-startStop-1][HotDeployImpl:217] Deploying opensocial-portlet from queue
09:44:18,747 INFO  [localhost-startStop-1][PluginPackageUtil:1016] Reading plugin package for opensocial-portlet
09:44:19,403 INFO  [localhost-startStop-1][HookHotDeployListener:693] Registering hook for opensocial-portlet
09:44:19,456 INFO  [localhost-startStop-1][HookHotDeployListener:821] Hook for opensocial-portlet is available for use
09:44:19,458 INFO  [localhost-startStop-1][PortletHotDeployListener:344] Registering portlets for opensocial-portlet
09:44:19,517 INFO  [localhost-startStop-1][PortletHotDeployListener:497] 4 portlets for opensocial-portlet are available for use
09:44:20,173 INFO  [localhost-startStop-1][HotDeployEvent:145] Plugin resources-importer-web requires marketplace-portlet
09:44:20,174 INFO  [localhost-startStop-1][HotDeployImpl:217] Deploying resources-importer-web from queue
09:44:20,174 INFO  [localhost-startStop-1][PluginPackageUtil:1016] Reading plugin package for resources-importer-web
09:44:20,273 INFO  [localhost-startStop-1][HookHotDeployListener:693] Registering hook for resources-importer-web
09:44:20,275 INFO  [localhost-startStop-1][HookHotDeployListener:821] Hook for resources-importer-web is available for use
09:44:21,062 INFO  [localhost-startStop-1][HotDeployEvent:145] Plugin sync-web requires marketplace-portlet
09:44:21,062 INFO  [localhost-startStop-1][HotDeployImpl:217] Deploying sync-web from queue
09:44:21,063 INFO  [localhost-startStop-1][PluginPackageUtil:1016] Reading plugin package for sync-web
09:44:22,729 INFO  [localhost-startStop-1][HotDeployEvent:145] Plugin web-form-portlet requires marketplace-portlet
09:44:22,729 INFO  [localhost-startStop-1][HotDeployImpl:217] Deploying web-form-portlet from queue
09:44:22,729 INFO  [localhost-startStop-1][PluginPackageUtil:1016] Reading plugin package for web-form-portlet
09:44:22,829 INFO  [localhost-startStop-1][PortletHotDeployListener:344] Registering portlets for web-form-portlet
09:44:22,861 INFO  [localhost-startStop-1][PortletHotDeployListener:492] 1 portlet for web-form-portlet is available for use
09:44:23,229 INFO  [localhost-startStop-1][HotDeployEvent:145] Plugin welcome-theme requires marketplace-portlet, resources-importer-web
09:44:23,230 INFO  [localhost-startStop-1][HotDeployImpl:217] Deploying welcome-theme from queue
09:44:23,230 INFO  [localhost-startStop-1][PluginPackageUtil:1016] Reading plugin package for welcome-theme
09:44:23,303 INFO  [localhost-startStop-1][ThemeHotDeployListener:98] Registering themes for welcome-theme
09:44:23,423 INFO  [localhost-startStop-1][ThemeHotDeployListener:113] 1 theme for welcome-theme is available for use
09:44:23,449 INFO  [liferay/hot_deploy-1][ResourcesImporterHotDeployMessageListener:110] Group or layout set prototype already exists for company liferay.com
09:47:45,253 INFO  [localhost-startStop-1][DialectDetector:71] Determine dialect for MySQL 5
09:47:45,275 INFO  [localhost-startStop-1][DialectDetector:136] Found dialect org.hibernate.dialect.MySQLDialect
09:47:58,966 INFO  [localhost-startStop-1][StartupAction:96] There are no patches installed
09:47:59,332 INFO  [localhost-startStop-1][BaseDB:484] Database does not support case sensitive queries
09:47:59,651 INFO  [localhost-startStop-1][ServerDetector:138] Server supports hot deploy
09:47:59,654 INFO  [localhost-startStop-1][PluginPackageUtil:1013] Reading plugin package for the root context
09:48:01,877 INFO  [localhost-startStop-1][AutoDeployDir:139] Auto deploy scanner started for E:\WebPortal\liferay-portal-6.2-ce\deploy
09:48:03,258 INFO  [liferay/scheduler_dispatch-5][PluginPackageUtil:1280] Reloading repositories
09:48:04,837 INFO  [localhost-startStop-1][HotDeployEvent:145] Plugin WebPortal-portlet requires marketplace-portlet
09:48:04,860 INFO  [localhost-startStop-1][HotDeployImpl:273] Queueing WebPortal-portlet for deploy because it is missing marketplace-portlet
09:48:06,919 INFO  [localhost-startStop-1][HotDeployEvent:145] Plugin calendar-portlet requires marketplace-portlet
09:48:06,920 INFO  [localhost-startStop-1][HotDeployImpl:273] Queueing calendar-portlet for deploy because it is missing marketplace-portlet
09:48:09,714 INFO  [localhost-startStop-1][HotDeployEvent:145] Plugin kaleo-web requires marketplace-portlet
09:48:09,715 INFO  [localhost-startStop-1][HotDeployImpl:273] Queueing kaleo-web for deploy because it is missing marketplace-portlet
09:48:10,837 INFO  [localhost-startStop-1][HotDeployImpl:217] Deploying marketplace-portlet from queue
09:48:10,840 INFO  [localhost-startStop-1][PluginPackageUtil:1016] Reading plugin package for marketplace-portlet
09:48:11,287 INFO  [localhost-startStop-1][HookHotDeployListener:693] Registering hook for marketplace-portlet
09:48:11,624 INFO  [localhost-startStop-1][HookHotDeployListener:821] Hook for marketplace-portlet is available for use
09:48:11,628 INFO  [localhost-startStop-1][PortletHotDeployListener:344] Registering portlets for marketplace-portlet
09:48:11,697 INFO  [localhost-startStop-1][PortletHotDeployListener:497] 3 portlets for marketplace-portlet are available for use
09:48:11,697 INFO  [localhost-startStop-1][HotDeployImpl:217] Deploying WebPortal-portlet from queue
09:48:11,698 INFO  [localhost-startStop-1][PluginPackageUtil:1016] Reading plugin package for WebPortal-portlet
09:48:11,965 INFO  [localhost-startStop-1][PortletHotDeployListener:344] Registering portlets for WebPortal-portlet
09:48:11,986 INFO  [localhost-startStop-1][PortletHotDeployListener:497] 2 portlets for WebPortal-portlet are available for use
09:48:11,986 INFO  [localhost-startStop-1][HotDeployImpl:217] Deploying calendar-portlet from queue
09:48:11,986 INFO  [localhost-startStop-1][PluginPackageUtil:1016] Reading plugin package for calendar-portlet
09:48:12,551 INFO  [localhost-startStop-1][HookHotDeployListener:693] Registering hook for calendar-portlet
09:48:13,198 INFO  [localhost-startStop-1][HookHotDeployListener:821] Hook for calendar-portlet is available for use
09:48:13,210 INFO  [localhost-startStop-1][PortletHotDeployListener:344] Registering portlets for calendar-portlet
09:48:13,329 INFO  [localhost-startStop-1][PortletHotDeployListener:492] 1 portlet for calendar-portlet is available for use
09:48:13,330 INFO  [localhost-startStop-1][SocialHotDeployListener:94] Registering social for calendar-portlet
09:48:13,331 INFO  [localhost-startStop-1][SocialHotDeployListener:103] Social for calendar-portlet is available for use
09:48:13,331 INFO  [localhost-startStop-1][HotDeployImpl:217] Deploying kaleo-web from queue
09:48:13,331 INFO  [localhost-startStop-1][PluginPackageUtil:1016] Reading plugin package for kaleo-web
09:48:14,614 INFO  [localhost-startStop-1][HookHotDeployListener:693] Registering hook for kaleo-web
09:48:14,655 INFO  [localhost-startStop-1][HookHotDeployListener:821] Hook for kaleo-web is available for use
09:48:15,903 INFO  [localhost-startStop-1][HotDeployEvent:145] Plugin notifications-portlet requires marketplace-portlet
09:48:15,903 INFO  [localhost-startStop-1][HotDeployImpl:217] Deploying notifications-portlet from queue
09:48:15,903 INFO  [localhost-startStop-1][PluginPackageUtil:1016] Reading plugin package for notifications-portlet
09:48:16,090 INFO  [localhost-startStop-1][HookHotDeployListener:693] Registering hook for notifications-portlet
09:48:16,232 INFO  [localhost-startStop-1][HookHotDeployListener:821] Hook for notifications-portlet is available for use
09:48:16,233 INFO  [localhost-startStop-1][PortletHotDeployListener:344] Registering portlets for notifications-portlet
09:48:16,278 INFO  [localhost-startStop-1][PortletHotDeployListener:497] 2 portlets for notifications-portlet are available for use
09:48:19,703 INFO  [localhost-startStop-1][HotDeployEvent:145] Plugin opensocial-portlet requires marketplace-portlet
09:48:19,703 INFO  [localhost-startStop-1][HotDeployImpl:217] Deploying opensocial-portlet from queue
09:48:19,703 INFO  [localhost-startStop-1][PluginPackageUtil:1016] Reading plugin package for opensocial-portlet
09:48:20,372 INFO  [localhost-startStop-1][HookHotDeployListener:693] Registering hook for opensocial-portlet
09:48:20,407 INFO  [localhost-startStop-1][HookHotDeployListener:821] Hook for opensocial-portlet is available for use
09:48:20,410 INFO  [localhost-startStop-1][PortletHotDeployListener:344] Registering portlets for opensocial-portlet
09:48:20,488 INFO  [localhost-startStop-1][PortletHotDeployListener:497] 4 portlets for opensocial-portlet are available for use
09:48:21,158 INFO  [localhost-startStop-1][HotDeployEvent:145] Plugin resources-importer-web requires marketplace-portlet
09:48:21,159 INFO  [localhost-startStop-1][HotDeployImpl:217] Deploying resources-importer-web from queue
09:48:21,159 INFO  [localhost-startStop-1][PluginPackageUtil:1016] Reading plugin package for resources-importer-web
09:48:21,264 INFO  [localhost-startStop-1][HookHotDeployListener:693] Registering hook for resources-importer-web
09:48:21,266 INFO  [localhost-startStop-1][HookHotDeployListener:821] Hook for resources-importer-web is available for use
09:48:22,546 INFO  [localhost-startStop-1][HotDeployEvent:145] Plugin sync-web requires marketplace-portlet
09:48:22,546 INFO  [localhost-startStop-1][HotDeployImpl:217] Deploying sync-web from queue
09:48:22,546 INFO  [localhost-startStop-1][PluginPackageUtil:1016] Reading plugin package for sync-web
09:48:23,561 INFO  [localhost-startStop-1][HotDeployEvent:145] Plugin web-form-portlet requires marketplace-portlet
09:48:23,562 INFO  [localhost-startStop-1][HotDeployImpl:217] Deploying web-form-portlet from queue
09:48:23,562 INFO  [localhost-startStop-1][PluginPackageUtil:1016] Reading plugin package for web-form-portlet
09:48:23,691 INFO  [localhost-startStop-1][PortletHotDeployListener:344] Registering portlets for web-form-portlet
09:48:23,726 INFO  [localhost-startStop-1][PortletHotDeployListener:492] 1 portlet for web-form-portlet is available for use
09:48:24,096 INFO  [localhost-startStop-1][HotDeployEvent:145] Plugin welcome-theme requires marketplace-portlet, resources-importer-web
09:48:24,096 INFO  [localhost-startStop-1][HotDeployImpl:217] Deploying welcome-theme from queue
09:48:24,096 INFO  [localhost-startStop-1][PluginPackageUtil:1016] Reading plugin package for welcome-theme
09:48:24,170 INFO  [localhost-startStop-1][ThemeHotDeployListener:98] Registering themes for welcome-theme
09:48:24,297 INFO  [localhost-startStop-1][ThemeHotDeployListener:113] 1 theme for welcome-theme is available for use
09:48:24,323 INFO  [liferay/hot_deploy-1][ResourcesImporterHotDeployMessageListener:110] Group or layout set prototype already exists for company liferay.com
09:51:03,429 WARN  [liferay/mail-1][MailEngine:592] Failed to connect to a valid mail server. Please make sure one is properly configured. Could not connect to SMTP host: localhost, port: 25
10:03:34,528 INFO  [localhost-startStop-1][DialectDetector:71] Determine dialect for MySQL 5
10:03:34,548 INFO  [localhost-startStop-1][DialectDetector:136] Found dialect org.hibernate.dialect.MySQLDialect
10:03:46,773 INFO  [localhost-startStop-1][StartupAction:96] There are no patches installed
10:03:47,123 INFO  [localhost-startStop-1][BaseDB:484] Database does not support case sensitive queries
10:03:47,425 INFO  [localhost-startStop-1][ServerDetector:138] Server supports hot deploy
10:03:47,428 INFO  [localhost-startStop-1][PluginPackageUtil:1013] Reading plugin package for the root context
10:03:49,551 INFO  [localhost-startStop-1][AutoDeployDir:139] Auto deploy scanner started for E:\WebPortal\liferay-portal-6.2-ce\deploy
10:03:50,897 INFO  [liferay/scheduler_dispatch-1][PluginPackageUtil:1280] Reloading repositories
10:03:52,762 INFO  [localhost-startStop-1][HotDeployEvent:145] Plugin WebPortal-portlet requires marketplace-portlet
10:03:52,785 INFO  [localhost-startStop-1][HotDeployImpl:273] Queueing WebPortal-portlet for deploy because it is missing marketplace-portlet
10:03:54,760 INFO  [localhost-startStop-1][HotDeployEvent:145] Plugin calendar-portlet requires marketplace-portlet
10:03:54,760 INFO  [localhost-startStop-1][HotDeployImpl:273] Queueing calendar-portlet for deploy because it is missing marketplace-portlet
10:03:57,400 INFO  [localhost-startStop-1][HotDeployEvent:145] Plugin kaleo-web requires marketplace-portlet
10:03:57,401 INFO  [localhost-startStop-1][HotDeployImpl:273] Queueing kaleo-web for deploy because it is missing marketplace-portlet
10:03:58,707 INFO  [localhost-startStop-1][HotDeployImpl:217] Deploying marketplace-portlet from queue
10:03:58,709 INFO  [localhost-startStop-1][PluginPackageUtil:1016] Reading plugin package for marketplace-portlet
10:03:59,128 INFO  [localhost-startStop-1][HookHotDeployListener:693] Registering hook for marketplace-portlet
10:03:59,515 INFO  [localhost-startStop-1][HookHotDeployListener:821] Hook for marketplace-portlet is available for use
10:03:59,524 INFO  [localhost-startStop-1][PortletHotDeployListener:344] Registering portlets for marketplace-portlet
10:03:59,603 INFO  [localhost-startStop-1][PortletHotDeployListener:497] 3 portlets for marketplace-portlet are available for use
10:03:59,604 INFO  [localhost-startStop-1][HotDeployImpl:217] Deploying WebPortal-portlet from queue
10:03:59,604 INFO  [localhost-startStop-1][PluginPackageUtil:1016] Reading plugin package for WebPortal-portlet
10:03:59,866 INFO  [localhost-startStop-1][PortletHotDeployListener:344] Registering portlets for WebPortal-portlet
10:03:59,886 INFO  [localhost-startStop-1][PortletHotDeployListener:497] 2 portlets for WebPortal-portlet are available for use
10:03:59,887 INFO  [localhost-startStop-1][HotDeployImpl:217] Deploying calendar-portlet from queue
10:03:59,887 INFO  [localhost-startStop-1][PluginPackageUtil:1016] Reading plugin package for calendar-portlet
10:04:00,445 INFO  [localhost-startStop-1][HookHotDeployListener:693] Registering hook for calendar-portlet
10:04:01,107 INFO  [localhost-startStop-1][HookHotDeployListener:821] Hook for calendar-portlet is available for use
10:04:01,116 INFO  [localhost-startStop-1][PortletHotDeployListener:344] Registering portlets for calendar-portlet
10:04:01,183 INFO  [localhost-startStop-1][PortletHotDeployListener:492] 1 portlet for calendar-portlet is available for use
10:04:01,184 INFO  [localhost-startStop-1][SocialHotDeployListener:94] Registering social for calendar-portlet
10:04:01,185 INFO  [localhost-startStop-1][SocialHotDeployListener:103] Social for calendar-portlet is available for use
10:04:01,185 INFO  [localhost-startStop-1][HotDeployImpl:217] Deploying kaleo-web from queue
10:04:01,185 INFO  [localhost-startStop-1][PluginPackageUtil:1016] Reading plugin package for kaleo-web
10:04:02,690 INFO  [localhost-startStop-1][HookHotDeployListener:693] Registering hook for kaleo-web
10:04:02,743 INFO  [localhost-startStop-1][HookHotDeployListener:821] Hook for kaleo-web is available for use
10:04:04,720 INFO  [localhost-startStop-1][HotDeployEvent:145] Plugin notifications-portlet requires marketplace-portlet
10:04:04,721 INFO  [localhost-startStop-1][HotDeployImpl:217] Deploying notifications-portlet from queue
10:04:04,721 INFO  [localhost-startStop-1][PluginPackageUtil:1016] Reading plugin package for notifications-portlet
10:04:04,910 INFO  [localhost-startStop-1][HookHotDeployListener:693] Registering hook for notifications-portlet
10:04:05,051 INFO  [localhost-startStop-1][HookHotDeployListener:821] Hook for notifications-portlet is available for use
10:04:05,053 INFO  [localhost-startStop-1][PortletHotDeployListener:344] Registering portlets for notifications-portlet
10:04:05,093 INFO  [localhost-startStop-1][PortletHotDeployListener:497] 2 portlets for notifications-portlet are available for use
10:04:07,652 INFO  [localhost-startStop-1][HotDeployEvent:145] Plugin opensocial-portlet requires marketplace-portlet
10:04:07,652 INFO  [localhost-startStop-1][HotDeployImpl:217] Deploying opensocial-portlet from queue
10:04:07,653 INFO  [localhost-startStop-1][PluginPackageUtil:1016] Reading plugin package for opensocial-portlet
10:04:08,308 INFO  [localhost-startStop-1][HookHotDeployListener:693] Registering hook for opensocial-portlet
10:04:08,342 INFO  [localhost-startStop-1][HookHotDeployListener:821] Hook for opensocial-portlet is available for use
10:04:08,344 INFO  [localhost-startStop-1][PortletHotDeployListener:344] Registering portlets for opensocial-portlet
10:04:08,404 INFO  [localhost-startStop-1][PortletHotDeployListener:497] 4 portlets for opensocial-portlet are available for use
10:04:09,055 INFO  [localhost-startStop-1][HotDeployEvent:145] Plugin resources-importer-web requires marketplace-portlet
10:04:09,055 INFO  [localhost-startStop-1][HotDeployImpl:217] Deploying resources-importer-web from queue
10:04:09,055 INFO  [localhost-startStop-1][PluginPackageUtil:1016] Reading plugin package for resources-importer-web
10:04:09,148 INFO  [localhost-startStop-1][HookHotDeployListener:693] Registering hook for resources-importer-web
10:04:09,150 INFO  [localhost-startStop-1][HookHotDeployListener:821] Hook for resources-importer-web is available for use
10:04:10,021 INFO  [localhost-startStop-1][HotDeployEvent:145] Plugin sync-web requires marketplace-portlet
10:04:10,021 INFO  [localhost-startStop-1][HotDeployImpl:217] Deploying sync-web from queue
10:04:10,021 INFO  [localhost-startStop-1][PluginPackageUtil:1016] Reading plugin package for sync-web
10:04:10,991 INFO  [localhost-startStop-1][HotDeployEvent:145] Plugin web-form-portlet requires marketplace-portlet
10:04:10,991 INFO  [localhost-startStop-1][HotDeployImpl:217] Deploying web-form-portlet from queue
10:04:10,991 INFO  [localhost-startStop-1][PluginPackageUtil:1016] Reading plugin package for web-form-portlet
10:04:11,088 INFO  [localhost-startStop-1][PortletHotDeployListener:344] Registering portlets for web-form-portlet
10:04:11,120 INFO  [localhost-startStop-1][PortletHotDeployListener:492] 1 portlet for web-form-portlet is available for use
10:04:11,465 INFO  [localhost-startStop-1][HotDeployEvent:145] Plugin welcome-theme requires marketplace-portlet, resources-importer-web
10:04:11,465 INFO  [localhost-startStop-1][HotDeployImpl:217] Deploying welcome-theme from queue
10:04:11,465 INFO  [localhost-startStop-1][PluginPackageUtil:1016] Reading plugin package for welcome-theme
10:04:11,535 INFO  [localhost-startStop-1][ThemeHotDeployListener:98] Registering themes for welcome-theme
10:04:11,654 INFO  [localhost-startStop-1][ThemeHotDeployListener:113] 1 theme for welcome-theme is available for use
10:04:11,946 INFO  [liferay/hot_deploy-1][ResourcesImporterHotDeployMessageListener:110] Group or layout set prototype already exists for company liferay.com
10:06:59,010 INFO  [localhost-startStop-1][DialectDetector:71] Determine dialect for MySQL 5
10:06:59,029 INFO  [localhost-startStop-1][DialectDetector:136] Found dialect org.hibernate.dialect.MySQLDialect
10:07:11,372 INFO  [localhost-startStop-1][StartupAction:96] There are no patches installed
10:07:11,768 INFO  [localhost-startStop-1][BaseDB:484] Database does not support case sensitive queries
10:07:12,069 INFO  [localhost-startStop-1][ServerDetector:138] Server supports hot deploy
10:07:12,072 INFO  [localhost-startStop-1][PluginPackageUtil:1013] Reading plugin package for the root context
10:07:14,200 INFO  [localhost-startStop-1][AutoDeployDir:139] Auto deploy scanner started for E:\WebPortal\liferay-portal-6.2-ce\deploy
10:07:15,637 INFO  [liferay/scheduler_dispatch-5][PluginPackageUtil:1280] Reloading repositories
10:07:17,425 INFO  [localhost-startStop-1][HotDeployEvent:145] Plugin WebPortal-portlet requires marketplace-portlet
10:07:17,449 INFO  [localhost-startStop-1][HotDeployImpl:273] Queueing WebPortal-portlet for deploy because it is missing marketplace-portlet
10:07:19,417 INFO  [localhost-startStop-1][HotDeployEvent:145] Plugin calendar-portlet requires marketplace-portlet
10:07:19,417 INFO  [localhost-startStop-1][HotDeployImpl:273] Queueing calendar-portlet for deploy because it is missing marketplace-portlet
10:07:22,041 INFO  [localhost-startStop-1][HotDeployEvent:145] Plugin kaleo-web requires marketplace-portlet
10:07:22,041 INFO  [localhost-startStop-1][HotDeployImpl:273] Queueing kaleo-web for deploy because it is missing marketplace-portlet
10:07:23,079 INFO  [localhost-startStop-1][HotDeployImpl:217] Deploying marketplace-portlet from queue
10:07:23,082 INFO  [localhost-startStop-1][PluginPackageUtil:1016] Reading plugin package for marketplace-portlet
10:07:23,527 INFO  [localhost-startStop-1][HookHotDeployListener:693] Registering hook for marketplace-portlet
10:07:23,668 INFO  [localhost-startStop-1][HookHotDeployListener:821] Hook for marketplace-portlet is available for use
10:07:23,671 INFO  [localhost-startStop-1][PortletHotDeployListener:344] Registering portlets for marketplace-portlet
10:07:23,742 INFO  [localhost-startStop-1][PortletHotDeployListener:497] 3 portlets for marketplace-portlet are available for use
10:07:23,743 INFO  [localhost-startStop-1][HotDeployImpl:217] Deploying WebPortal-portlet from queue
10:07:23,743 INFO  [localhost-startStop-1][PluginPackageUtil:1016] Reading plugin package for WebPortal-portlet
10:07:24,005 INFO  [localhost-startStop-1][PortletHotDeployListener:344] Registering portlets for WebPortal-portlet
10:07:24,023 INFO  [localhost-startStop-1][PortletHotDeployListener:497] 2 portlets for WebPortal-portlet are available for use
10:07:24,023 INFO  [localhost-startStop-1][HotDeployImpl:217] Deploying calendar-portlet from queue
10:07:24,024 INFO  [localhost-startStop-1][PluginPackageUtil:1016] Reading plugin package for calendar-portlet
10:07:24,561 INFO  [localhost-startStop-1][HookHotDeployListener:693] Registering hook for calendar-portlet
10:07:25,204 INFO  [localhost-startStop-1][HookHotDeployListener:821] Hook for calendar-portlet is available for use
10:07:25,215 INFO  [localhost-startStop-1][PortletHotDeployListener:344] Registering portlets for calendar-portlet
10:07:25,287 INFO  [localhost-startStop-1][PortletHotDeployListener:492] 1 portlet for calendar-portlet is available for use
10:07:25,287 INFO  [localhost-startStop-1][SocialHotDeployListener:94] Registering social for calendar-portlet
10:07:25,288 INFO  [localhost-startStop-1][SocialHotDeployListener:103] Social for calendar-portlet is available for use
10:07:25,288 INFO  [localhost-startStop-1][HotDeployImpl:217] Deploying kaleo-web from queue
10:07:25,288 INFO  [localhost-startStop-1][PluginPackageUtil:1016] Reading plugin package for kaleo-web
10:07:26,583 INFO  [localhost-startStop-1][HookHotDeployListener:693] Registering hook for kaleo-web
10:07:26,626 INFO  [localhost-startStop-1][HookHotDeployListener:821] Hook for kaleo-web is available for use
10:07:27,995 INFO  [localhost-startStop-1][HotDeployEvent:145] Plugin notifications-portlet requires marketplace-portlet
10:07:27,995 INFO  [localhost-startStop-1][HotDeployImpl:217] Deploying notifications-portlet from queue
10:07:27,995 INFO  [localhost-startStop-1][PluginPackageUtil:1016] Reading plugin package for notifications-portlet
10:07:28,205 INFO  [localhost-startStop-1][HookHotDeployListener:693] Registering hook for notifications-portlet
10:07:28,354 INFO  [localhost-startStop-1][HookHotDeployListener:821] Hook for notifications-portlet is available for use
10:07:28,356 INFO  [localhost-startStop-1][PortletHotDeployListener:344] Registering portlets for notifications-portlet
10:07:28,396 INFO  [localhost-startStop-1][PortletHotDeployListener:497] 2 portlets for notifications-portlet are available for use
10:07:31,890 INFO  [localhost-startStop-1][HotDeployEvent:145] Plugin opensocial-portlet requires marketplace-portlet
10:07:31,891 INFO  [localhost-startStop-1][HotDeployImpl:217] Deploying opensocial-portlet from queue
10:07:31,891 INFO  [localhost-startStop-1][PluginPackageUtil:1016] Reading plugin package for opensocial-portlet
10:07:32,541 INFO  [localhost-startStop-1][HookHotDeployListener:693] Registering hook for opensocial-portlet
10:07:32,576 INFO  [localhost-startStop-1][HookHotDeployListener:821] Hook for opensocial-portlet is available for use
10:07:32,578 INFO  [localhost-startStop-1][PortletHotDeployListener:344] Registering portlets for opensocial-portlet
10:07:32,654 INFO  [localhost-startStop-1][PortletHotDeployListener:497] 4 portlets for opensocial-portlet are available for use
10:07:33,348 INFO  [localhost-startStop-1][HotDeployEvent:145] Plugin resources-importer-web requires marketplace-portlet
10:07:33,348 INFO  [localhost-startStop-1][HotDeployImpl:217] Deploying resources-importer-web from queue
10:07:33,348 INFO  [localhost-startStop-1][PluginPackageUtil:1016] Reading plugin package for resources-importer-web
10:07:33,443 INFO  [localhost-startStop-1][HookHotDeployListener:693] Registering hook for resources-importer-web
10:07:33,446 INFO  [localhost-startStop-1][HookHotDeployListener:821] Hook for resources-importer-web is available for use
10:07:34,598 INFO  [localhost-startStop-1][HotDeployEvent:145] Plugin sync-web requires marketplace-portlet
10:07:34,599 INFO  [localhost-startStop-1][HotDeployImpl:217] Deploying sync-web from queue
10:07:34,599 INFO  [localhost-startStop-1][PluginPackageUtil:1016] Reading plugin package for sync-web
10:07:35,559 INFO  [localhost-startStop-1][HotDeployEvent:145] Plugin web-form-portlet requires marketplace-portlet
10:07:35,559 INFO  [localhost-startStop-1][HotDeployImpl:217] Deploying web-form-portlet from queue
10:07:35,559 INFO  [localhost-startStop-1][PluginPackageUtil:1016] Reading plugin package for web-form-portlet
10:07:35,660 INFO  [localhost-startStop-1][PortletHotDeployListener:344] Registering portlets for web-form-portlet
10:07:35,692 INFO  [localhost-startStop-1][PortletHotDeployListener:492] 1 portlet for web-form-portlet is available for use
10:07:36,043 INFO  [localhost-startStop-1][HotDeployEvent:145] Plugin welcome-theme requires marketplace-portlet, resources-importer-web
10:07:36,043 INFO  [localhost-startStop-1][HotDeployImpl:217] Deploying welcome-theme from queue
10:07:36,043 INFO  [localhost-startStop-1][PluginPackageUtil:1016] Reading plugin package for welcome-theme
10:07:36,115 INFO  [localhost-startStop-1][ThemeHotDeployListener:98] Registering themes for welcome-theme
10:07:36,238 INFO  [localhost-startStop-1][ThemeHotDeployListener:113] 1 theme for welcome-theme is available for use
10:07:36,276 INFO  [liferay/hot_deploy-1][ResourcesImporterHotDeployMessageListener:110] Group or layout set prototype already exists for company liferay.com
10:07:42,427 INFO  [com.liferay.portal.kernel.deploy.auto.AutoDeployScanner][AutoDeployDir:204] Processing WebPortal-portlet.xml
10:07:42,438 INFO  [com.liferay.portal.kernel.deploy.auto.AutoDeployScanner][PortletExplodedTomcatListener:61] Modifying portlets for E:\WebPortal\liferay-portal-6.2-ce\deploy\WebPortal-portlet.xml
10:07:42,534 INFO  [com.liferay.portal.kernel.deploy.auto.AutoDeployScanner][BaseDeployer:2391] Modifying Servlet 2.5 E:\WebPortal\liferay-portal-6.2-ce\tomcat-7.0.42\webapps\WebPortal-portlet\WEB-INF\web.xml
10:07:42,535 INFO  [com.liferay.portal.kernel.deploy.auto.AutoDeployScanner][PortletExplodedTomcatListener:67] Portlets for E:\WebPortal\liferay-portal-6.2-ce\deploy\WebPortal-portlet.xml modified successfully
10:07:42,535 INFO  [com.liferay.portal.kernel.deploy.auto.AutoDeployScanner][BaseExplodedTomcatListener:49] Copying file E:\WebPortal\liferay-portal-6.2-ce\deploy\WebPortal-portlet.xml to E:\WebPortal\liferay-portal-6.2-ce\tomcat-7.0.42\conf\Catalina\localhost
10:07:46,268 INFO  [ContainerBackgroundProcessor[StandardEngine[Catalina]]][HotDeployEvent:145] Plugin WebPortal-portlet requires marketplace-portlet
10:07:46,272 INFO  [ContainerBackgroundProcessor[StandardEngine[Catalina]]][PortletHotDeployListener:525] Unregistering portlets for WebPortal-portlet
10:07:46,285 INFO  [ContainerBackgroundProcessor[StandardEngine[Catalina]]][PortletHotDeployListener:565] 2 portlets for WebPortal-portlet were unregistered
10:07:46,296 INFO  [ContainerBackgroundProcessor[StandardEngine[Catalina]]][PluginPackageUtil:1016] Reading plugin package for WebPortal-portlet
10:07:47,286 INFO  [localhost-startStop-2][HotDeployEvent:145] Plugin WebPortal-portlet requires marketplace-portlet
10:07:47,286 INFO  [localhost-startStop-2][HotDeployImpl:217] Deploying WebPortal-portlet from queue
10:07:47,287 INFO  [localhost-startStop-2][PluginPackageUtil:1016] Reading plugin package for WebPortal-portlet
10:07:47,624 INFO  [localhost-startStop-2][PortletHotDeployListener:344] Registering portlets for WebPortal-portlet
10:07:47,653 INFO  [localhost-startStop-2][PortletHotDeployListener:497] 2 portlets for WebPortal-portlet are available for use
10:09:00,319 INFO  [localhost-startStop-1][DialectDetector:71] Determine dialect for MySQL 5
10:09:00,340 INFO  [localhost-startStop-1][DialectDetector:136] Found dialect org.hibernate.dialect.MySQLDialect
10:09:13,313 INFO  [localhost-startStop-1][StartupAction:96] There are no patches installed
10:09:13,671 INFO  [localhost-startStop-1][BaseDB:484] Database does not support case sensitive queries
10:09:13,939 INFO  [localhost-startStop-1][ServerDetector:138] Server supports hot deploy
10:09:13,942 INFO  [localhost-startStop-1][PluginPackageUtil:1013] Reading plugin package for the root context
10:09:16,041 INFO  [localhost-startStop-1][AutoDeployDir:139] Auto deploy scanner started for E:\WebPortal\liferay-portal-6.2-ce\deploy
10:09:17,580 INFO  [liferay/scheduler_dispatch-5][PluginPackageUtil:1280] Reloading repositories
10:09:19,189 INFO  [localhost-startStop-1][HotDeployEvent:145] Plugin WebPortal-portlet requires marketplace-portlet
10:09:19,212 INFO  [localhost-startStop-1][HotDeployImpl:273] Queueing WebPortal-portlet for deploy because it is missing marketplace-portlet
10:09:21,211 INFO  [localhost-startStop-1][HotDeployEvent:145] Plugin calendar-portlet requires marketplace-portlet
10:09:21,220 INFO  [localhost-startStop-1][HotDeployImpl:273] Queueing calendar-portlet for deploy because it is missing marketplace-portlet
10:09:23,985 INFO  [localhost-startStop-1][HotDeployEvent:145] Plugin kaleo-web requires marketplace-portlet
10:09:23,985 INFO  [localhost-startStop-1][HotDeployImpl:273] Queueing kaleo-web for deploy because it is missing marketplace-portlet
10:09:25,000 INFO  [localhost-startStop-1][HotDeployImpl:217] Deploying marketplace-portlet from queue
10:09:25,002 INFO  [localhost-startStop-1][PluginPackageUtil:1016] Reading plugin package for marketplace-portlet
10:09:25,444 INFO  [localhost-startStop-1][HookHotDeployListener:693] Registering hook for marketplace-portlet
10:09:25,815 INFO  [localhost-startStop-1][HookHotDeployListener:821] Hook for marketplace-portlet is available for use
10:09:25,820 INFO  [localhost-startStop-1][PortletHotDeployListener:344] Registering portlets for marketplace-portlet
10:09:25,892 INFO  [localhost-startStop-1][PortletHotDeployListener:497] 3 portlets for marketplace-portlet are available for use
10:09:25,893 INFO  [localhost-startStop-1][HotDeployImpl:217] Deploying WebPortal-portlet from queue
10:09:25,893 INFO  [localhost-startStop-1][PluginPackageUtil:1016] Reading plugin package for WebPortal-portlet
10:09:26,153 INFO  [localhost-startStop-1][PortletHotDeployListener:344] Registering portlets for WebPortal-portlet
10:09:26,174 INFO  [localhost-startStop-1][PortletHotDeployListener:497] 2 portlets for WebPortal-portlet are available for use
10:09:26,174 INFO  [localhost-startStop-1][HotDeployImpl:217] Deploying calendar-portlet from queue
10:09:26,174 INFO  [localhost-startStop-1][PluginPackageUtil:1016] Reading plugin package for calendar-portlet
10:09:26,756 INFO  [localhost-startStop-1][HookHotDeployListener:693] Registering hook for calendar-portlet
10:09:27,523 INFO  [localhost-startStop-1][HookHotDeployListener:821] Hook for calendar-portlet is available for use
10:09:27,533 INFO  [localhost-startStop-1][PortletHotDeployListener:344] Registering portlets for calendar-portlet
10:09:27,598 INFO  [localhost-startStop-1][PortletHotDeployListener:492] 1 portlet for calendar-portlet is available for use
10:09:27,599 INFO  [localhost-startStop-1][SocialHotDeployListener:94] Registering social for calendar-portlet
10:09:27,599 INFO  [localhost-startStop-1][SocialHotDeployListener:103] Social for calendar-portlet is available for use
10:09:27,600 INFO  [localhost-startStop-1][HotDeployImpl:217] Deploying kaleo-web from queue
10:09:27,600 INFO  [localhost-startStop-1][PluginPackageUtil:1016] Reading plugin package for kaleo-web
10:09:28,907 INFO  [localhost-startStop-1][HookHotDeployListener:693] Registering hook for kaleo-web
10:09:28,945 INFO  [localhost-startStop-1][HookHotDeployListener:821] Hook for kaleo-web is available for use
10:09:31,061 INFO  [localhost-startStop-1][HotDeployEvent:145] Plugin notifications-portlet requires marketplace-portlet
10:09:31,062 INFO  [localhost-startStop-1][HotDeployImpl:217] Deploying notifications-portlet from queue
10:09:31,062 INFO  [localhost-startStop-1][PluginPackageUtil:1016] Reading plugin package for notifications-portlet
10:09:31,243 INFO  [localhost-startStop-1][HookHotDeployListener:693] Registering hook for notifications-portlet
10:09:31,460 INFO  [localhost-startStop-1][HookHotDeployListener:821] Hook for notifications-portlet is available for use
10:09:31,461 INFO  [localhost-startStop-1][PortletHotDeployListener:344] Registering portlets for notifications-portlet
10:09:31,502 INFO  [localhost-startStop-1][PortletHotDeployListener:497] 2 portlets for notifications-portlet are available for use
10:09:34,136 INFO  [localhost-startStop-1][HotDeployEvent:145] Plugin opensocial-portlet requires marketplace-portlet
10:09:34,136 INFO  [localhost-startStop-1][HotDeployImpl:217] Deploying opensocial-portlet from queue
10:09:34,136 INFO  [localhost-startStop-1][PluginPackageUtil:1016] Reading plugin package for opensocial-portlet
10:09:34,799 INFO  [localhost-startStop-1][HookHotDeployListener:693] Registering hook for opensocial-portlet
10:09:34,843 INFO  [localhost-startStop-1][HookHotDeployListener:821] Hook for opensocial-portlet is available for use
10:09:34,845 INFO  [localhost-startStop-1][PortletHotDeployListener:344] Registering portlets for opensocial-portlet
10:09:34,906 INFO  [localhost-startStop-1][PortletHotDeployListener:497] 4 portlets for opensocial-portlet are available for use
10:09:35,619 INFO  [localhost-startStop-1][HotDeployEvent:145] Plugin resources-importer-web requires marketplace-portlet
10:09:35,620 INFO  [localhost-startStop-1][HotDeployImpl:217] Deploying resources-importer-web from queue
10:09:35,620 INFO  [localhost-startStop-1][PluginPackageUtil:1016] Reading plugin package for resources-importer-web
10:09:35,716 INFO  [localhost-startStop-1][HookHotDeployListener:693] Registering hook for resources-importer-web
10:09:35,719 INFO  [localhost-startStop-1][HookHotDeployListener:821] Hook for resources-importer-web is available for use
10:09:36,394 INFO  [localhost-startStop-1][HotDeployEvent:145] Plugin sync-web requires marketplace-portlet
10:09:36,394 INFO  [localhost-startStop-1][HotDeployImpl:217] Deploying sync-web from queue
10:09:36,394 INFO  [localhost-startStop-1][PluginPackageUtil:1016] Reading plugin package for sync-web
10:09:37,443 INFO  [localhost-startStop-1][HotDeployEvent:145] Plugin web-form-portlet requires marketplace-portlet
10:09:37,443 INFO  [localhost-startStop-1][HotDeployImpl:217] Deploying web-form-portlet from queue
10:09:37,443 INFO  [localhost-startStop-1][PluginPackageUtil:1016] Reading plugin package for web-form-portlet
10:09:37,557 INFO  [localhost-startStop-1][PortletHotDeployListener:344] Registering portlets for web-form-portlet
10:09:37,589 INFO  [localhost-startStop-1][PortletHotDeployListener:492] 1 portlet for web-form-portlet is available for use
10:09:37,936 INFO  [localhost-startStop-1][HotDeployEvent:145] Plugin welcome-theme requires marketplace-portlet, resources-importer-web
10:09:37,936 INFO  [localhost-startStop-1][HotDeployImpl:217] Deploying welcome-theme from queue
10:09:37,936 INFO  [localhost-startStop-1][PluginPackageUtil:1016] Reading plugin package for welcome-theme
10:09:38,006 INFO  [localhost-startStop-1][ThemeHotDeployListener:98] Registering themes for welcome-theme
10:09:38,124 INFO  [localhost-startStop-1][ThemeHotDeployListener:113] 1 theme for welcome-theme is available for use
10:09:38,163 INFO  [liferay/hot_deploy-1][ResourcesImporterHotDeployMessageListener:110] Group or layout set prototype already exists for company liferay.com
10:55:06,684 INFO  [localhost-startStop-2][HotDeployEvent:145] Plugin welcome-theme requires marketplace-portlet, resources-importer-web
10:55:06,688 INFO  [localhost-startStop-2][ThemeHotDeployListener:140] Unregistering themes for welcome-theme
10:55:06,689 INFO  [localhost-startStop-2][ThemeHotDeployListener:172] 1 theme for welcome-theme was unregistered
10:55:06,692 INFO  [localhost-startStop-2][PluginPackageUtil:1016] Reading plugin package for welcome-theme
10:55:06,695 INFO  [localhost-startStop-2][HotDeployEvent:145] Plugin web-form-portlet requires marketplace-portlet
10:55:06,695 INFO  [localhost-startStop-2][PortletHotDeployListener:525] Unregistering portlets for web-form-portlet
10:55:06,701 INFO  [localhost-startStop-2][PortletHotDeployListener:560] 1 portlet for web-form-portlet was unregistered
10:55:06,702 INFO  [localhost-startStop-2][PluginPackageUtil:1016] Reading plugin package for web-form-portlet
10:55:06,740 INFO  [localhost-startStop-2][HotDeployEvent:145] Plugin sync-web requires marketplace-portlet
10:55:06,744 INFO  [localhost-startStop-2][PluginPackageUtil:1016] Reading plugin package for sync-web
10:55:06,749 INFO  [localhost-startStop-2][HotDeployEvent:145] Plugin resources-importer-web requires marketplace-portlet
10:55:06,767 INFO  [localhost-startStop-2][HookHotDeployListener:952] Hook for resources-importer-web was unregistered
10:55:06,769 INFO  [localhost-startStop-2][PluginPackageUtil:1016] Reading plugin package for resources-importer-web
10:55:06,771 INFO  [localhost-startStop-2][HotDeployEvent:145] Plugin opensocial-portlet requires marketplace-portlet
10:55:06,771 INFO  [localhost-startStop-2][PortletHotDeployListener:525] Unregistering portlets for opensocial-portlet
10:55:06,773 INFO  [localhost-startStop-2][PortletHotDeployListener:565] 4 portlets for opensocial-portlet were unregistered
10:55:06,830 INFO  [localhost-startStop-2][HookHotDeployListener:952] Hook for opensocial-portlet was unregistered
10:55:06,837 INFO  [localhost-startStop-2][PluginPackageUtil:1016] Reading plugin package for opensocial-portlet
10:55:06,840 INFO  [localhost-startStop-2][HotDeployEvent:145] Plugin notifications-portlet requires marketplace-portlet
10:55:06,840 INFO  [localhost-startStop-2][PortletHotDeployListener:525] Unregistering portlets for notifications-portlet
10:55:06,842 INFO  [localhost-startStop-2][PortletHotDeployListener:565] 2 portlets for notifications-portlet were unregistered
10:55:06,898 INFO  [localhost-startStop-2][HookHotDeployListener:952] Hook for notifications-portlet was unregistered
10:55:06,901 INFO  [localhost-startStop-2][PluginPackageUtil:1016] Reading plugin package for notifications-portlet
10:55:06,904 INFO  [localhost-startStop-2][PortletHotDeployListener:525] Unregistering portlets for marketplace-portlet
10:55:06,905 INFO  [localhost-startStop-2][PortletHotDeployListener:565] 3 portlets for marketplace-portlet were unregistered
10:55:06,906 INFO  [localhost-startStop-2][HookHotDeployListener:952] Hook for marketplace-portlet was unregistered
10:55:06,909 INFO  [localhost-startStop-2][PluginPackageUtil:1016] Reading plugin package for marketplace-portlet
10:55:06,912 INFO  [localhost-startStop-2][HotDeployEvent:145] Plugin kaleo-web requires marketplace-portlet
10:55:06,913 INFO  [localhost-startStop-2][HookHotDeployListener:952] Hook for kaleo-web was unregistered
10:55:06,926 INFO  [localhost-startStop-2][PluginPackageUtil:1016] Reading plugin package for kaleo-web
10:55:06,930 INFO  [localhost-startStop-2][HotDeployEvent:145] Plugin calendar-portlet requires marketplace-portlet
10:55:06,930 INFO  [localhost-startStop-2][SocialHotDeployListener:159] Social for calendar-portlet was unregistered
10:55:06,930 INFO  [localhost-startStop-2][PortletHotDeployListener:525] Unregistering portlets for calendar-portlet
10:55:06,933 INFO  [localhost-startStop-2][PortletHotDeployListener:560] 1 portlet for calendar-portlet was unregistered
10:55:06,974 INFO  [localhost-startStop-2][HookHotDeployListener:952] Hook for calendar-portlet was unregistered
10:55:06,978 INFO  [localhost-startStop-2][PluginPackageUtil:1016] Reading plugin package for calendar-portlet
10:55:06,981 INFO  [localhost-startStop-2][HotDeployEvent:145] Plugin WebPortal-portlet requires marketplace-portlet
10:55:06,981 INFO  [localhost-startStop-2][PortletHotDeployListener:525] Unregistering portlets for WebPortal-portlet
10:55:06,982 INFO  [localhost-startStop-2][PortletHotDeployListener:565] 2 portlets for WebPortal-portlet were unregistered
10:55:06,986 INFO  [localhost-startStop-2][PluginPackageUtil:1016] Reading plugin package for WebPortal-portlet
10:55:24,120 INFO  [localhost-startStop-1][DialectDetector:71] Determine dialect for MySQL 5
10:55:24,140 INFO  [localhost-startStop-1][DialectDetector:136] Found dialect org.hibernate.dialect.MySQLDialect
10:55:36,495 INFO  [localhost-startStop-1][StartupAction:96] There are no patches installed
10:55:36,854 INFO  [localhost-startStop-1][BaseDB:484] Database does not support case sensitive queries
10:55:37,238 INFO  [localhost-startStop-1][ServerDetector:138] Server supports hot deploy
10:55:37,242 INFO  [localhost-startStop-1][PluginPackageUtil:1013] Reading plugin package for the root context
10:55:39,412 INFO  [localhost-startStop-1][AutoDeployDir:139] Auto deploy scanner started for E:\WebPortal\liferay-portal-6.2-ce\deploy
10:55:41,118 INFO  [liferay/scheduler_dispatch-4][PluginPackageUtil:1280] Reloading repositories
10:55:42,642 INFO  [localhost-startStop-1][HotDeployEvent:145] Plugin WebPortal-portlet requires marketplace-portlet
10:55:42,666 INFO  [localhost-startStop-1][HotDeployImpl:273] Queueing WebPortal-portlet for deploy because it is missing marketplace-portlet
10:55:44,720 INFO  [localhost-startStop-1][HotDeployEvent:145] Plugin calendar-portlet requires marketplace-portlet
10:55:44,720 INFO  [localhost-startStop-1][HotDeployImpl:273] Queueing calendar-portlet for deploy because it is missing marketplace-portlet
10:55:47,486 INFO  [localhost-startStop-1][HotDeployEvent:145] Plugin kaleo-web requires marketplace-portlet
10:55:47,486 INFO  [localhost-startStop-1][HotDeployImpl:273] Queueing kaleo-web for deploy because it is missing marketplace-portlet
10:55:48,457 INFO  [localhost-startStop-1][HotDeployImpl:217] Deploying marketplace-portlet from queue
10:55:48,459 INFO  [localhost-startStop-1][PluginPackageUtil:1016] Reading plugin package for marketplace-portlet
10:55:49,006 INFO  [localhost-startStop-1][HookHotDeployListener:693] Registering hook for marketplace-portlet
10:55:49,105 INFO  [localhost-startStop-1][HookHotDeployListener:821] Hook for marketplace-portlet is available for use
10:55:49,107 INFO  [localhost-startStop-1][PortletHotDeployListener:344] Registering portlets for marketplace-portlet
10:55:49,181 INFO  [localhost-startStop-1][PortletHotDeployListener:497] 3 portlets for marketplace-portlet are available for use
10:55:49,182 INFO  [localhost-startStop-1][HotDeployImpl:217] Deploying WebPortal-portlet from queue
10:55:49,183 INFO  [localhost-startStop-1][PluginPackageUtil:1016] Reading plugin package for WebPortal-portlet
10:55:49,450 INFO  [localhost-startStop-1][PortletHotDeployListener:344] Registering portlets for WebPortal-portlet
10:55:49,470 INFO  [localhost-startStop-1][PortletHotDeployListener:497] 2 portlets for WebPortal-portlet are available for use
10:55:49,470 INFO  [localhost-startStop-1][HotDeployImpl:217] Deploying calendar-portlet from queue
10:55:49,470 INFO  [localhost-startStop-1][PluginPackageUtil:1016] Reading plugin package for calendar-portlet
10:55:50,040 INFO  [localhost-startStop-1][HookHotDeployListener:693] Registering hook for calendar-portlet
10:55:50,696 INFO  [localhost-startStop-1][HookHotDeployListener:821] Hook for calendar-portlet is available for use
10:55:50,706 INFO  [localhost-startStop-1][PortletHotDeployListener:344] Registering portlets for calendar-portlet
10:55:50,770 INFO  [localhost-startStop-1][PortletHotDeployListener:492] 1 portlet for calendar-portlet is available for use
10:55:50,770 INFO  [localhost-startStop-1][SocialHotDeployListener:94] Registering social for calendar-portlet
10:55:50,771 INFO  [localhost-startStop-1][SocialHotDeployListener:103] Social for calendar-portlet is available for use
10:55:50,771 INFO  [localhost-startStop-1][HotDeployImpl:217] Deploying kaleo-web from queue
10:55:50,772 INFO  [localhost-startStop-1][PluginPackageUtil:1016] Reading plugin package for kaleo-web
10:55:52,190 INFO  [localhost-startStop-1][HookHotDeployListener:693] Registering hook for kaleo-web
10:55:52,263 INFO  [localhost-startStop-1][HookHotDeployListener:821] Hook for kaleo-web is available for use
10:55:54,132 INFO  [localhost-startStop-1][HotDeployEvent:145] Plugin notifications-portlet requires marketplace-portlet
10:55:54,132 INFO  [localhost-startStop-1][HotDeployImpl:217] Deploying notifications-portlet from queue
10:55:54,133 INFO  [localhost-startStop-1][PluginPackageUtil:1016] Reading plugin package for notifications-portlet
10:55:54,314 INFO  [localhost-startStop-1][HookHotDeployListener:693] Registering hook for notifications-portlet
10:55:54,655 INFO  [localhost-startStop-1][HookHotDeployListener:821] Hook for notifications-portlet is available for use
10:55:54,657 INFO  [localhost-startStop-1][PortletHotDeployListener:344] Registering portlets for notifications-portlet
10:55:54,700 INFO  [localhost-startStop-1][PortletHotDeployListener:497] 2 portlets for notifications-portlet are available for use
10:55:58,137 INFO  [localhost-startStop-1][HotDeployEvent:145] Plugin opensocial-portlet requires marketplace-portlet
10:55:58,138 INFO  [localhost-startStop-1][HotDeployImpl:217] Deploying opensocial-portlet from queue
10:55:58,138 INFO  [localhost-startStop-1][PluginPackageUtil:1016] Reading plugin package for opensocial-portlet
10:55:58,875 INFO  [localhost-startStop-1][HookHotDeployListener:693] Registering hook for opensocial-portlet
10:55:58,911 INFO  [localhost-startStop-1][HookHotDeployListener:821] Hook for opensocial-portlet is available for use
10:55:58,913 INFO  [localhost-startStop-1][PortletHotDeployListener:344] Registering portlets for opensocial-portlet
10:55:58,976 INFO  [localhost-startStop-1][PortletHotDeployListener:497] 4 portlets for opensocial-portlet are available for use
10:55:59,937 INFO  [localhost-startStop-1][HotDeployEvent:145] Plugin resources-importer-web requires marketplace-portlet
10:55:59,938 INFO  [localhost-startStop-1][HotDeployImpl:217] Deploying resources-importer-web from queue
10:55:59,938 INFO  [localhost-startStop-1][PluginPackageUtil:1016] Reading plugin package for resources-importer-web
10:56:00,031 INFO  [localhost-startStop-1][HookHotDeployListener:693] Registering hook for resources-importer-web
10:56:00,052 INFO  [localhost-startStop-1][HookHotDeployListener:821] Hook for resources-importer-web is available for use
10:56:00,938 INFO  [localhost-startStop-1][HotDeployEvent:145] Plugin sync-web requires marketplace-portlet
10:56:00,938 INFO  [localhost-startStop-1][HotDeployImpl:217] Deploying sync-web from queue
10:56:00,938 INFO  [localhost-startStop-1][PluginPackageUtil:1016] Reading plugin package for sync-web
10:56:02,347 INFO  [localhost-startStop-1][HotDeployEvent:145] Plugin web-form-portlet requires marketplace-portlet
10:56:02,348 INFO  [localhost-startStop-1][HotDeployImpl:217] Deploying web-form-portlet from queue
10:56:02,348 INFO  [localhost-startStop-1][PluginPackageUtil:1016] Reading plugin package for web-form-portlet
10:56:02,458 INFO  [localhost-startStop-1][PortletHotDeployListener:344] Registering portlets for web-form-portlet
10:56:02,496 INFO  [localhost-startStop-1][PortletHotDeployListener:492] 1 portlet for web-form-portlet is available for use
10:56:02,863 INFO  [localhost-startStop-1][HotDeployEvent:145] Plugin welcome-theme requires marketplace-portlet, resources-importer-web
10:56:02,863 INFO  [localhost-startStop-1][HotDeployImpl:217] Deploying welcome-theme from queue
10:56:02,864 INFO  [localhost-startStop-1][PluginPackageUtil:1016] Reading plugin package for welcome-theme
10:56:02,951 INFO  [localhost-startStop-1][ThemeHotDeployListener:98] Registering themes for welcome-theme
10:56:03,074 INFO  [localhost-startStop-1][ThemeHotDeployListener:113] 1 theme for welcome-theme is available for use
10:56:08,603 INFO  [liferay/hot_deploy-1][ResourcesImporterHotDeployMessageListener:110] Group or layout set prototype already exists for company liferay.com
11:52:16,427 INFO  [localhost-startStop-2][HotDeployEvent:145] Plugin welcome-theme requires marketplace-portlet, resources-importer-web
11:52:16,432 INFO  [localhost-startStop-2][ThemeHotDeployListener:140] Unregistering themes for welcome-theme
11:52:16,433 INFO  [localhost-startStop-2][ThemeHotDeployListener:172] 1 theme for welcome-theme was unregistered
11:52:16,436 INFO  [localhost-startStop-2][PluginPackageUtil:1016] Reading plugin package for welcome-theme
11:52:16,440 INFO  [localhost-startStop-2][HotDeployEvent:145] Plugin web-form-portlet requires marketplace-portlet
11:52:16,440 INFO  [localhost-startStop-2][PortletHotDeployListener:525] Unregistering portlets for web-form-portlet
11:52:16,445 INFO  [localhost-startStop-2][PortletHotDeployListener:560] 1 portlet for web-form-portlet was unregistered
11:52:16,446 INFO  [localhost-startStop-2][PluginPackageUtil:1016] Reading plugin package for web-form-portlet
11:52:16,477 INFO  [localhost-startStop-2][HotDeployEvent:145] Plugin sync-web requires marketplace-portlet
11:52:16,483 INFO  [localhost-startStop-2][PluginPackageUtil:1016] Reading plugin package for sync-web
11:52:16,489 INFO  [localhost-startStop-2][HotDeployEvent:145] Plugin resources-importer-web requires marketplace-portlet
11:52:16,508 INFO  [localhost-startStop-2][HookHotDeployListener:952] Hook for resources-importer-web was unregistered
11:52:16,510 INFO  [localhost-startStop-2][PluginPackageUtil:1016] Reading plugin package for resources-importer-web
11:52:16,512 INFO  [localhost-startStop-2][HotDeployEvent:145] Plugin opensocial-portlet requires marketplace-portlet
11:52:16,512 INFO  [localhost-startStop-2][PortletHotDeployListener:525] Unregistering portlets for opensocial-portlet
11:52:16,514 INFO  [localhost-startStop-2][PortletHotDeployListener:565] 4 portlets for opensocial-portlet were unregistered
11:52:16,578 INFO  [localhost-startStop-2][HookHotDeployListener:952] Hook for opensocial-portlet was unregistered
11:52:16,585 INFO  [localhost-startStop-2][PluginPackageUtil:1016] Reading plugin package for opensocial-portlet
11:52:16,588 INFO  [localhost-startStop-2][HotDeployEvent:145] Plugin notifications-portlet requires marketplace-portlet
11:52:16,589 INFO  [localhost-startStop-2][PortletHotDeployListener:525] Unregistering portlets for notifications-portlet
11:52:16,590 INFO  [localhost-startStop-2][PortletHotDeployListener:565] 2 portlets for notifications-portlet were unregistered
11:52:16,649 INFO  [localhost-startStop-2][HookHotDeployListener:952] Hook for notifications-portlet was unregistered
11:52:16,652 INFO  [localhost-startStop-2][PluginPackageUtil:1016] Reading plugin package for notifications-portlet
11:52:16,655 INFO  [localhost-startStop-2][PortletHotDeployListener:525] Unregistering portlets for marketplace-portlet
11:52:16,656 INFO  [localhost-startStop-2][PortletHotDeployListener:565] 3 portlets for marketplace-portlet were unregistered
11:52:16,657 INFO  [localhost-startStop-2][HookHotDeployListener:952] Hook for marketplace-portlet was unregistered
11:52:16,659 INFO  [localhost-startStop-2][PluginPackageUtil:1016] Reading plugin package for marketplace-portlet
11:52:16,662 INFO  [localhost-startStop-2][HotDeployEvent:145] Plugin kaleo-web requires marketplace-portlet
11:52:16,663 INFO  [localhost-startStop-2][HookHotDeployListener:952] Hook for kaleo-web was unregistered
11:52:16,673 INFO  [localhost-startStop-2][PluginPackageUtil:1016] Reading plugin package for kaleo-web
11:52:16,677 INFO  [localhost-startStop-2][HotDeployEvent:145] Plugin calendar-portlet requires marketplace-portlet
11:52:16,677 INFO  [localhost-startStop-2][SocialHotDeployListener:159] Social for calendar-portlet was unregistered
11:52:16,677 INFO  [localhost-startStop-2][PortletHotDeployListener:525] Unregistering portlets for calendar-portlet
11:52:16,681 INFO  [localhost-startStop-2][PortletHotDeployListener:560] 1 portlet for calendar-portlet was unregistered
11:52:16,725 INFO  [localhost-startStop-2][HookHotDeployListener:952] Hook for calendar-portlet was unregistered
11:52:16,729 INFO  [localhost-startStop-2][PluginPackageUtil:1016] Reading plugin package for calendar-portlet
11:52:16,732 INFO  [localhost-startStop-2][HotDeployEvent:145] Plugin WebPortal-portlet requires marketplace-portlet
11:52:16,733 INFO  [localhost-startStop-2][PortletHotDeployListener:525] Unregistering portlets for WebPortal-portlet
11:52:16,733 INFO  [localhost-startStop-2][PortletHotDeployListener:565] 2 portlets for WebPortal-portlet were unregistered
11:52:16,738 INFO  [localhost-startStop-2][PluginPackageUtil:1016] Reading plugin package for WebPortal-portlet
11:52:38,424 INFO  [localhost-startStop-1][DialectDetector:71] Determine dialect for MySQL 5
11:52:38,442 INFO  [localhost-startStop-1][DialectDetector:136] Found dialect org.hibernate.dialect.MySQLDialect
11:52:50,453 INFO  [localhost-startStop-1][StartupAction:96] There are no patches installed
11:52:50,773 INFO  [localhost-startStop-1][BaseDB:484] Database does not support case sensitive queries
11:52:51,042 INFO  [localhost-startStop-1][ServerDetector:138] Server supports hot deploy
11:52:51,045 INFO  [localhost-startStop-1][PluginPackageUtil:1013] Reading plugin package for the root context
11:52:53,162 INFO  [localhost-startStop-1][AutoDeployDir:139] Auto deploy scanner started for E:\WebPortal\liferay-portal-6.2-ce\deploy
11:52:54,522 INFO  [liferay/scheduler_dispatch-5][PluginPackageUtil:1280] Reloading repositories
11:52:56,425 INFO  [localhost-startStop-1][HotDeployEvent:145] Plugin WebPortal-portlet requires marketplace-portlet
11:52:56,449 INFO  [localhost-startStop-1][HotDeployImpl:273] Queueing WebPortal-portlet for deploy because it is missing marketplace-portlet
11:52:58,400 INFO  [localhost-startStop-1][HotDeployEvent:145] Plugin calendar-portlet requires marketplace-portlet
11:52:58,400 INFO  [localhost-startStop-1][HotDeployImpl:273] Queueing calendar-portlet for deploy because it is missing marketplace-portlet
11:53:01,231 INFO  [localhost-startStop-1][HotDeployEvent:145] Plugin kaleo-web requires marketplace-portlet
11:53:01,232 INFO  [localhost-startStop-1][HotDeployImpl:273] Queueing kaleo-web for deploy because it is missing marketplace-portlet
11:53:02,288 INFO  [localhost-startStop-1][HotDeployImpl:217] Deploying marketplace-portlet from queue
11:53:02,291 INFO  [localhost-startStop-1][PluginPackageUtil:1016] Reading plugin package for marketplace-portlet
11:53:02,788 INFO  [localhost-startStop-1][HookHotDeployListener:693] Registering hook for marketplace-portlet
11:53:03,197 INFO  [localhost-startStop-1][HookHotDeployListener:821] Hook for marketplace-portlet is available for use
11:53:03,200 INFO  [localhost-startStop-1][PortletHotDeployListener:344] Registering portlets for marketplace-portlet
11:53:03,288 INFO  [localhost-startStop-1][PortletHotDeployListener:497] 3 portlets for marketplace-portlet are available for use
11:53:03,289 INFO  [localhost-startStop-1][HotDeployImpl:217] Deploying WebPortal-portlet from queue
11:53:03,289 INFO  [localhost-startStop-1][PluginPackageUtil:1016] Reading plugin package for WebPortal-portlet
11:53:03,547 INFO  [localhost-startStop-1][PortletHotDeployListener:344] Registering portlets for WebPortal-portlet
11:53:03,566 INFO  [localhost-startStop-1][PortletHotDeployListener:497] 2 portlets for WebPortal-portlet are available for use
11:53:03,566 INFO  [localhost-startStop-1][HotDeployImpl:217] Deploying calendar-portlet from queue
11:53:03,566 INFO  [localhost-startStop-1][PluginPackageUtil:1016] Reading plugin package for calendar-portlet
11:53:04,114 INFO  [localhost-startStop-1][HookHotDeployListener:693] Registering hook for calendar-portlet
11:53:04,772 INFO  [localhost-startStop-1][HookHotDeployListener:821] Hook for calendar-portlet is available for use
11:53:04,782 INFO  [localhost-startStop-1][PortletHotDeployListener:344] Registering portlets for calendar-portlet
11:53:04,848 INFO  [localhost-startStop-1][PortletHotDeployListener:492] 1 portlet for calendar-portlet is available for use
11:53:04,849 INFO  [localhost-startStop-1][SocialHotDeployListener:94] Registering social for calendar-portlet
11:53:04,849 INFO  [localhost-startStop-1][SocialHotDeployListener:103] Social for calendar-portlet is available for use
11:53:04,850 INFO  [localhost-startStop-1][HotDeployImpl:217] Deploying kaleo-web from queue
11:53:04,850 INFO  [localhost-startStop-1][PluginPackageUtil:1016] Reading plugin package for kaleo-web
11:53:06,181 INFO  [localhost-startStop-1][HookHotDeployListener:693] Registering hook for kaleo-web
11:53:06,215 INFO  [localhost-startStop-1][HookHotDeployListener:821] Hook for kaleo-web is available for use
11:53:07,403 INFO  [localhost-startStop-1][HotDeployEvent:145] Plugin notifications-portlet requires marketplace-portlet
11:53:07,403 INFO  [localhost-startStop-1][HotDeployImpl:217] Deploying notifications-portlet from queue
11:53:07,403 INFO  [localhost-startStop-1][PluginPackageUtil:1016] Reading plugin package for notifications-portlet
11:53:07,586 INFO  [localhost-startStop-1][HookHotDeployListener:693] Registering hook for notifications-portlet
11:53:07,743 INFO  [localhost-startStop-1][HookHotDeployListener:821] Hook for notifications-portlet is available for use
11:53:07,745 INFO  [localhost-startStop-1][PortletHotDeployListener:344] Registering portlets for notifications-portlet
11:53:07,788 INFO  [localhost-startStop-1][PortletHotDeployListener:497] 2 portlets for notifications-portlet are available for use
11:53:11,265 INFO  [localhost-startStop-1][HotDeployEvent:145] Plugin opensocial-portlet requires marketplace-portlet
11:53:11,266 INFO  [localhost-startStop-1][HotDeployImpl:217] Deploying opensocial-portlet from queue
11:53:11,266 INFO  [localhost-startStop-1][PluginPackageUtil:1016] Reading plugin package for opensocial-portlet
11:53:11,949 INFO  [localhost-startStop-1][HookHotDeployListener:693] Registering hook for opensocial-portlet
11:53:11,984 INFO  [localhost-startStop-1][HookHotDeployListener:821] Hook for opensocial-portlet is available for use
11:53:11,986 INFO  [localhost-startStop-1][PortletHotDeployListener:344] Registering portlets for opensocial-portlet
11:53:12,046 INFO  [localhost-startStop-1][PortletHotDeployListener:497] 4 portlets for opensocial-portlet are available for use
11:53:12,955 INFO  [localhost-startStop-1][HotDeployEvent:145] Plugin resources-importer-web requires marketplace-portlet
11:53:12,962 INFO  [localhost-startStop-1][HotDeployImpl:217] Deploying resources-importer-web from queue
11:53:12,962 INFO  [localhost-startStop-1][PluginPackageUtil:1016] Reading plugin package for resources-importer-web
11:53:13,052 INFO  [localhost-startStop-1][HookHotDeployListener:693] Registering hook for resources-importer-web
11:53:13,074 INFO  [localhost-startStop-1][HookHotDeployListener:821] Hook for resources-importer-web is available for use
11:53:14,018 INFO  [localhost-startStop-1][HotDeployEvent:145] Plugin sync-web requires marketplace-portlet
11:53:14,019 INFO  [localhost-startStop-1][HotDeployImpl:217] Deploying sync-web from queue
11:53:14,019 INFO  [localhost-startStop-1][PluginPackageUtil:1016] Reading plugin package for sync-web
11:53:15,534 INFO  [localhost-startStop-1][HotDeployEvent:145] Plugin web-form-portlet requires marketplace-portlet
11:53:15,535 INFO  [localhost-startStop-1][HotDeployImpl:217] Deploying web-form-portlet from queue
11:53:15,535 INFO  [localhost-startStop-1][PluginPackageUtil:1016] Reading plugin package for web-form-portlet
11:53:15,641 INFO  [localhost-startStop-1][PortletHotDeployListener:344] Registering portlets for web-form-portlet
11:53:15,673 INFO  [localhost-startStop-1][PortletHotDeployListener:492] 1 portlet for web-form-portlet is available for use
11:53:16,041 INFO  [localhost-startStop-1][HotDeployEvent:145] Plugin welcome-theme requires marketplace-portlet, resources-importer-web
11:53:16,042 INFO  [localhost-startStop-1][HotDeployImpl:217] Deploying welcome-theme from queue
11:53:16,042 INFO  [localhost-startStop-1][PluginPackageUtil:1016] Reading plugin package for welcome-theme
11:53:16,130 INFO  [localhost-startStop-1][ThemeHotDeployListener:98] Registering themes for welcome-theme
11:53:16,265 INFO  [localhost-startStop-1][ThemeHotDeployListener:113] 1 theme for welcome-theme is available for use
11:53:22,002 INFO  [liferay/hot_deploy-1][ResourcesImporterHotDeployMessageListener:110] Group or layout set prototype already exists for company liferay.com
11:54:20,954 INFO  [localhost-startStop-1][DialectDetector:71] Determine dialect for MySQL 5
11:54:20,974 INFO  [localhost-startStop-1][DialectDetector:136] Found dialect org.hibernate.dialect.MySQLDialect
11:54:32,980 INFO  [localhost-startStop-1][StartupAction:96] There are no patches installed
11:54:33,320 INFO  [localhost-startStop-1][BaseDB:484] Database does not support case sensitive queries
11:54:33,589 INFO  [localhost-startStop-1][ServerDetector:138] Server supports hot deploy
11:54:33,592 INFO  [localhost-startStop-1][PluginPackageUtil:1013] Reading plugin package for the root context
11:54:35,749 INFO  [localhost-startStop-1][AutoDeployDir:139] Auto deploy scanner started for E:\WebPortal\liferay-portal-6.2-ce\deploy
11:54:37,138 INFO  [liferay/scheduler_dispatch-3][PluginPackageUtil:1280] Reloading repositories
11:54:39,082 INFO  [localhost-startStop-1][HotDeployEvent:145] Plugin WebPortal-portlet requires marketplace-portlet
11:54:39,104 INFO  [localhost-startStop-1][HotDeployImpl:273] Queueing WebPortal-portlet for deploy because it is missing marketplace-portlet
11:54:41,187 INFO  [localhost-startStop-1][HotDeployEvent:145] Plugin calendar-portlet requires marketplace-portlet
11:54:41,188 INFO  [localhost-startStop-1][HotDeployImpl:273] Queueing calendar-portlet for deploy because it is missing marketplace-portlet
11:54:43,860 INFO  [localhost-startStop-1][HotDeployEvent:145] Plugin kaleo-web requires marketplace-portlet
11:54:43,861 INFO  [localhost-startStop-1][HotDeployImpl:273] Queueing kaleo-web for deploy because it is missing marketplace-portlet
11:54:44,939 INFO  [localhost-startStop-1][HotDeployImpl:217] Deploying marketplace-portlet from queue
11:54:44,942 INFO  [localhost-startStop-1][PluginPackageUtil:1016] Reading plugin package for marketplace-portlet
11:54:45,378 INFO  [localhost-startStop-1][HookHotDeployListener:693] Registering hook for marketplace-portlet
11:54:45,495 INFO  [localhost-startStop-1][HookHotDeployListener:821] Hook for marketplace-portlet is available for use
11:54:45,497 INFO  [localhost-startStop-1][PortletHotDeployListener:344] Registering portlets for marketplace-portlet
11:54:45,572 INFO  [localhost-startStop-1][PortletHotDeployListener:497] 3 portlets for marketplace-portlet are available for use
11:54:45,573 INFO  [localhost-startStop-1][HotDeployImpl:217] Deploying WebPortal-portlet from queue
11:54:45,573 INFO  [localhost-startStop-1][PluginPackageUtil:1016] Reading plugin package for WebPortal-portlet
11:54:45,858 INFO  [localhost-startStop-1][PortletHotDeployListener:344] Registering portlets for WebPortal-portlet
11:54:45,879 INFO  [localhost-startStop-1][PortletHotDeployListener:497] 2 portlets for WebPortal-portlet are available for use
11:54:45,879 INFO  [localhost-startStop-1][HotDeployImpl:217] Deploying calendar-portlet from queue
11:54:45,879 INFO  [localhost-startStop-1][PluginPackageUtil:1016] Reading plugin package for calendar-portlet
11:54:46,451 INFO  [localhost-startStop-1][HookHotDeployListener:693] Registering hook for calendar-portlet
11:54:47,111 INFO  [localhost-startStop-1][HookHotDeployListener:821] Hook for calendar-portlet is available for use
11:54:47,121 INFO  [localhost-startStop-1][PortletHotDeployListener:344] Registering portlets for calendar-portlet
11:54:47,185 INFO  [localhost-startStop-1][PortletHotDeployListener:492] 1 portlet for calendar-portlet is available for use
11:54:47,186 INFO  [localhost-startStop-1][SocialHotDeployListener:94] Registering social for calendar-portlet
11:54:47,187 INFO  [localhost-startStop-1][SocialHotDeployListener:103] Social for calendar-portlet is available for use
11:54:47,187 INFO  [localhost-startStop-1][HotDeployImpl:217] Deploying kaleo-web from queue
11:54:47,187 INFO  [localhost-startStop-1][PluginPackageUtil:1016] Reading plugin package for kaleo-web
11:54:48,495 INFO  [localhost-startStop-1][HookHotDeployListener:693] Registering hook for kaleo-web
11:54:48,546 INFO  [localhost-startStop-1][HookHotDeployListener:821] Hook for kaleo-web is available for use
11:54:49,666 INFO  [localhost-startStop-1][HotDeployEvent:145] Plugin notifications-portlet requires marketplace-portlet
11:54:49,667 INFO  [localhost-startStop-1][HotDeployImpl:217] Deploying notifications-portlet from queue
11:54:49,667 INFO  [localhost-startStop-1][PluginPackageUtil:1016] Reading plugin package for notifications-portlet
11:54:49,865 INFO  [localhost-startStop-1][HookHotDeployListener:693] Registering hook for notifications-portlet
11:54:50,001 INFO  [localhost-startStop-1][HookHotDeployListener:821] Hook for notifications-portlet is available for use
11:54:50,003 INFO  [localhost-startStop-1][PortletHotDeployListener:344] Registering portlets for notifications-portlet
11:54:50,043 INFO  [localhost-startStop-1][PortletHotDeployListener:497] 2 portlets for notifications-portlet are available for use
11:54:53,540 INFO  [localhost-startStop-1][HotDeployEvent:145] Plugin opensocial-portlet requires marketplace-portlet
11:54:53,541 INFO  [localhost-startStop-1][HotDeployImpl:217] Deploying opensocial-portlet from queue
11:54:53,541 INFO  [localhost-startStop-1][PluginPackageUtil:1016] Reading plugin package for opensocial-portlet
11:54:54,198 INFO  [localhost-startStop-1][HookHotDeployListener:693] Registering hook for opensocial-portlet
11:54:54,236 INFO  [localhost-startStop-1][HookHotDeployListener:821] Hook for opensocial-portlet is available for use
11:54:54,238 INFO  [localhost-startStop-1][PortletHotDeployListener:344] Registering portlets for opensocial-portlet
11:54:54,318 INFO  [localhost-startStop-1][PortletHotDeployListener:497] 4 portlets for opensocial-portlet are available for use
11:54:55,670 INFO  [localhost-startStop-1][HotDeployEvent:145] Plugin resources-importer-web requires marketplace-portlet
11:54:55,670 INFO  [localhost-startStop-1][HotDeployImpl:217] Deploying resources-importer-web from queue
11:54:55,670 INFO  [localhost-startStop-1][PluginPackageUtil:1016] Reading plugin package for resources-importer-web
11:54:55,762 INFO  [localhost-startStop-1][HookHotDeployListener:693] Registering hook for resources-importer-web
11:54:55,765 INFO  [localhost-startStop-1][HookHotDeployListener:821] Hook for resources-importer-web is available for use
11:54:56,439 INFO  [localhost-startStop-1][HotDeployEvent:145] Plugin sync-web requires marketplace-portlet
11:54:56,439 INFO  [localhost-startStop-1][HotDeployImpl:217] Deploying sync-web from queue
11:54:56,439 INFO  [localhost-startStop-1][PluginPackageUtil:1016] Reading plugin package for sync-web
11:54:57,496 INFO  [localhost-startStop-1][HotDeployEvent:145] Plugin web-form-portlet requires marketplace-portlet
11:54:57,496 INFO  [localhost-startStop-1][HotDeployImpl:217] Deploying web-form-portlet from queue
11:54:57,497 INFO  [localhost-startStop-1][PluginPackageUtil:1016] Reading plugin package for web-form-portlet
11:54:57,603 INFO  [localhost-startStop-1][PortletHotDeployListener:344] Registering portlets for web-form-portlet
11:54:57,636 INFO  [localhost-startStop-1][PortletHotDeployListener:492] 1 portlet for web-form-portlet is available for use
11:54:57,983 INFO  [localhost-startStop-1][HotDeployEvent:145] Plugin welcome-theme requires marketplace-portlet, resources-importer-web
11:54:57,983 INFO  [localhost-startStop-1][HotDeployImpl:217] Deploying welcome-theme from queue
11:54:57,983 INFO  [localhost-startStop-1][PluginPackageUtil:1016] Reading plugin package for welcome-theme
11:54:58,059 INFO  [localhost-startStop-1][ThemeHotDeployListener:98] Registering themes for welcome-theme
11:54:58,176 INFO  [localhost-startStop-1][ThemeHotDeployListener:113] 1 theme for welcome-theme is available for use
11:54:58,245 INFO  [liferay/hot_deploy-1][ResourcesImporterHotDeployMessageListener:110] Group or layout set prototype already exists for company liferay.com
12:05:09,770 INFO  [localhost-startStop-1][DialectDetector:71] Determine dialect for MySQL 5
12:05:09,791 INFO  [localhost-startStop-1][DialectDetector:136] Found dialect org.hibernate.dialect.MySQLDialect
12:05:22,198 INFO  [localhost-startStop-1][StartupAction:96] There are no patches installed
12:05:22,562 INFO  [localhost-startStop-1][BaseDB:484] Database does not support case sensitive queries
12:05:22,879 INFO  [localhost-startStop-1][ServerDetector:138] Server supports hot deploy
12:05:22,882 INFO  [localhost-startStop-1][PluginPackageUtil:1013] Reading plugin package for the root context
12:05:24,997 INFO  [localhost-startStop-1][AutoDeployDir:139] Auto deploy scanner started for E:\WebPortal\liferay-portal-6.2-ce\deploy
12:05:26,331 INFO  [liferay/scheduler_dispatch-5][PluginPackageUtil:1280] Reloading repositories
12:05:28,221 INFO  [localhost-startStop-1][HotDeployEvent:145] Plugin WebPortal-portlet requires marketplace-portlet
12:05:28,245 INFO  [localhost-startStop-1][HotDeployImpl:273] Queueing WebPortal-portlet for deploy because it is missing marketplace-portlet
12:05:30,343 INFO  [localhost-startStop-1][HotDeployEvent:145] Plugin calendar-portlet requires marketplace-portlet
12:05:30,344 INFO  [localhost-startStop-1][HotDeployImpl:273] Queueing calendar-portlet for deploy because it is missing marketplace-portlet
12:05:33,236 INFO  [localhost-startStop-1][HotDeployEvent:145] Plugin kaleo-web requires marketplace-portlet
12:05:33,237 INFO  [localhost-startStop-1][HotDeployImpl:273] Queueing kaleo-web for deploy because it is missing marketplace-portlet
12:05:34,359 INFO  [localhost-startStop-1][HotDeployImpl:217] Deploying marketplace-portlet from queue
12:05:34,361 INFO  [localhost-startStop-1][PluginPackageUtil:1016] Reading plugin package for marketplace-portlet
12:05:34,780 INFO  [localhost-startStop-1][HookHotDeployListener:693] Registering hook for marketplace-portlet
12:05:34,893 INFO  [localhost-startStop-1][HookHotDeployListener:821] Hook for marketplace-portlet is available for use
12:05:34,896 INFO  [localhost-startStop-1][PortletHotDeployListener:344] Registering portlets for marketplace-portlet
12:05:34,970 INFO  [localhost-startStop-1][PortletHotDeployListener:497] 3 portlets for marketplace-portlet are available for use
12:05:34,971 INFO  [localhost-startStop-1][HotDeployImpl:217] Deploying WebPortal-portlet from queue
12:05:34,971 INFO  [localhost-startStop-1][PluginPackageUtil:1016] Reading plugin package for WebPortal-portlet
12:05:35,240 INFO  [localhost-startStop-1][PortletHotDeployListener:344] Registering portlets for WebPortal-portlet
12:05:35,273 INFO  [localhost-startStop-1][PortletHotDeployListener:497] 2 portlets for WebPortal-portlet are available for use
12:05:35,273 INFO  [localhost-startStop-1][HotDeployImpl:217] Deploying calendar-portlet from queue
12:05:35,273 INFO  [localhost-startStop-1][PluginPackageUtil:1016] Reading plugin package for calendar-portlet
12:05:35,870 INFO  [localhost-startStop-1][HookHotDeployListener:693] Registering hook for calendar-portlet
12:05:36,599 INFO  [localhost-startStop-1][HookHotDeployListener:821] Hook for calendar-portlet is available for use
12:05:36,610 INFO  [localhost-startStop-1][PortletHotDeployListener:344] Registering portlets for calendar-portlet
12:05:36,681 INFO  [localhost-startStop-1][PortletHotDeployListener:492] 1 portlet for calendar-portlet is available for use
12:05:36,682 INFO  [localhost-startStop-1][SocialHotDeployListener:94] Registering social for calendar-portlet
12:05:36,683 INFO  [localhost-startStop-1][SocialHotDeployListener:103] Social for calendar-portlet is available for use
12:05:36,683 INFO  [localhost-startStop-1][HotDeployImpl:217] Deploying kaleo-web from queue
12:05:36,683 INFO  [localhost-startStop-1][PluginPackageUtil:1016] Reading plugin package for kaleo-web
12:05:38,039 INFO  [localhost-startStop-1][HookHotDeployListener:693] Registering hook for kaleo-web
12:05:38,071 INFO  [localhost-startStop-1][HookHotDeployListener:821] Hook for kaleo-web is available for use
12:05:39,344 INFO  [localhost-startStop-1][HotDeployEvent:145] Plugin notifications-portlet requires marketplace-portlet
12:05:39,344 INFO  [localhost-startStop-1][HotDeployImpl:217] Deploying notifications-portlet from queue
12:05:39,345 INFO  [localhost-startStop-1][PluginPackageUtil:1016] Reading plugin package for notifications-portlet
12:05:39,531 INFO  [localhost-startStop-1][HookHotDeployListener:693] Registering hook for notifications-portlet
12:05:39,754 INFO  [localhost-startStop-1][HookHotDeployListener:821] Hook for notifications-portlet is available for use
12:05:39,755 INFO  [localhost-startStop-1][PortletHotDeployListener:344] Registering portlets for notifications-portlet
12:05:39,795 INFO  [localhost-startStop-1][PortletHotDeployListener:497] 2 portlets for notifications-portlet are available for use
12:05:43,237 INFO  [localhost-startStop-1][HotDeployEvent:145] Plugin opensocial-portlet requires marketplace-portlet
12:05:43,237 INFO  [localhost-startStop-1][HotDeployImpl:217] Deploying opensocial-portlet from queue
12:05:43,237 INFO  [localhost-startStop-1][PluginPackageUtil:1016] Reading plugin package for opensocial-portlet
12:05:43,936 INFO  [localhost-startStop-1][HookHotDeployListener:693] Registering hook for opensocial-portlet
12:05:43,970 INFO  [localhost-startStop-1][HookHotDeployListener:821] Hook for opensocial-portlet is available for use
12:05:43,972 INFO  [localhost-startStop-1][PortletHotDeployListener:344] Registering portlets for opensocial-portlet
12:05:44,041 INFO  [localhost-startStop-1][PortletHotDeployListener:497] 4 portlets for opensocial-portlet are available for use
12:05:44,822 INFO  [localhost-startStop-1][HotDeployEvent:145] Plugin resources-importer-web requires marketplace-portlet
12:05:44,823 INFO  [localhost-startStop-1][HotDeployImpl:217] Deploying resources-importer-web from queue
12:05:44,823 INFO  [localhost-startStop-1][PluginPackageUtil:1016] Reading plugin package for resources-importer-web
12:05:44,919 INFO  [localhost-startStop-1][HookHotDeployListener:693] Registering hook for resources-importer-web
12:05:44,922 INFO  [localhost-startStop-1][HookHotDeployListener:821] Hook for resources-importer-web is available for use
12:05:45,710 INFO  [localhost-startStop-1][HotDeployEvent:145] Plugin sync-web requires marketplace-portlet
12:05:45,710 INFO  [localhost-startStop-1][HotDeployImpl:217] Deploying sync-web from queue
12:05:45,711 INFO  [localhost-startStop-1][PluginPackageUtil:1016] Reading plugin package for sync-web
12:05:46,873 INFO  [localhost-startStop-1][HotDeployEvent:145] Plugin web-form-portlet requires marketplace-portlet
12:05:46,874 INFO  [localhost-startStop-1][HotDeployImpl:217] Deploying web-form-portlet from queue
12:05:46,874 INFO  [localhost-startStop-1][PluginPackageUtil:1016] Reading plugin package for web-form-portlet
12:05:46,980 INFO  [localhost-startStop-1][PortletHotDeployListener:344] Registering portlets for web-form-portlet
12:05:47,014 INFO  [localhost-startStop-1][PortletHotDeployListener:492] 1 portlet for web-form-portlet is available for use
12:05:47,379 INFO  [localhost-startStop-1][HotDeployEvent:145] Plugin welcome-theme requires marketplace-portlet, resources-importer-web
12:05:47,379 INFO  [localhost-startStop-1][HotDeployImpl:217] Deploying welcome-theme from queue
12:05:47,379 INFO  [localhost-startStop-1][PluginPackageUtil:1016] Reading plugin package for welcome-theme
12:05:47,462 INFO  [localhost-startStop-1][ThemeHotDeployListener:98] Registering themes for welcome-theme
12:05:47,583 INFO  [localhost-startStop-1][ThemeHotDeployListener:113] 1 theme for welcome-theme is available for use
12:05:47,615 INFO  [liferay/hot_deploy-1][ResourcesImporterHotDeployMessageListener:110] Group or layout set prototype already exists for company liferay.com
