Nov 18, 2015 8:50:47 AM org.apache.catalina.core.AprLifecycleListener init
INFO: The APR based Apache Tomcat Native library which allows optimal performance in production environments was not found on the java.library.path: E:\WebPortal\eclipse\Java\jre7\bin;C:\windows\Sun\Java\bin;C:\windows\system32;C:\windows;C:\ProgramData\Oracle\Java\javapath;C:\windows\system32;C:\windows;C:\windows\System32\Wbem;C:\windows\System32\WindowsPowerShell\v1.0\;C:\Program Files (x86)\Brackets\command;.
Nov 18, 2015 8:50:47 AM org.apache.coyote.AbstractProtocol init
INFO: Initializing ProtocolHandler ["http-bio-80"]
Nov 18, 2015 8:50:47 AM org.apache.coyote.AbstractProtocol init
INFO: Initializing ProtocolHandler ["ajp-bio-8009"]
Nov 18, 2015 8:50:47 AM org.apache.catalina.startup.Catalina load
INFO: Initialization processed in 336 ms
Nov 18, 2015 8:50:47 AM org.apache.catalina.core.StandardService startInternal
INFO: Starting service Catalina
Nov 18, 2015 8:50:47 AM org.apache.catalina.core.StandardEngine startInternal
INFO: Starting Servlet Engine: Apache Tomcat/7.0.42
Nov 18, 2015 8:50:47 AM org.apache.catalina.startup.HostConfig deployDescriptor
INFO: Deploying configuration descriptor E:\WebPortal\liferay-portal-6.2-ce\tomcat-7.0.42\conf\Catalina\localhost\ROOT.xml
Nov 18, 2015 8:51:14 AM org.apache.catalina.startup.HostConfig deployDescriptor
INFO: Deploying configuration descriptor E:\WebPortal\liferay-portal-6.2-ce\tomcat-7.0.42\conf\Catalina\localhost\WebPortal-portlet.xml
Nov 18, 2015 8:51:14 AM org.apache.catalina.startup.HostConfig deployDescriptor
WARNING: A docBase E:\WebPortal\liferay-portal-6.2-ce\tomcat-7.0.42\webapps\WebPortal-portlet inside the host appBase has been specified, and will be ignored
Nov 18, 2015 8:51:14 AM org.apache.catalina.startup.SetContextPropertiesRule begin
WARNING: [SetContextPropertiesRule]{Context} Setting property 'source' to 'org.eclipse.jst.jee.server:WebPortal-portlet' did not find a matching property.
Nov 18, 2015 8:51:15 AM org.apache.catalina.startup.HostConfig deployDirectory
INFO: Deploying web application directory E:\WebPortal\liferay-portal-6.2-ce\tomcat-7.0.42\webapps\calendar-portlet
Nov 18, 2015 8:51:17 AM org.apache.catalina.startup.HostConfig deployDirectory
INFO: Deploying web application directory E:\WebPortal\liferay-portal-6.2-ce\tomcat-7.0.42\webapps\kaleo-web
Nov 18, 2015 8:51:20 AM org.apache.catalina.startup.HostConfig deployDirectory
INFO: Deploying web application directory E:\WebPortal\liferay-portal-6.2-ce\tomcat-7.0.42\webapps\marketplace-portlet
Nov 18, 2015 8:51:26 AM org.apache.catalina.startup.HostConfig deployDirectory
INFO: Deploying web application directory E:\WebPortal\liferay-portal-6.2-ce\tomcat-7.0.42\webapps\notifications-portlet
Nov 18, 2015 8:51:28 AM org.apache.catalina.startup.HostConfig deployDirectory
INFO: Deploying web application directory E:\WebPortal\liferay-portal-6.2-ce\tomcat-7.0.42\webapps\opensocial-portlet
Nov 18, 2015 8:51:33 AM org.apache.catalina.startup.HostConfig deployDirectory
INFO: Deploying web application directory E:\WebPortal\liferay-portal-6.2-ce\tomcat-7.0.42\webapps\resources-importer-web
Nov 18, 2015 8:51:33 AM org.apache.shindig.config.JsonContainerConfig loadContainers
INFO: Loading resources from: containers/default/container.js
Nov 18, 2015 8:51:33 AM org.apache.shindig.config.JsonContainerConfig loadResources
INFO: Reading container config: containers/default/container.js
Nov 18, 2015 8:51:33 AM org.apache.shindig.gadgets.features.FeatureRegistry register
INFO: Loading resources from: res:features-extras/features.txt
Nov 18, 2015 8:51:33 AM org.apache.shindig.common.xml.XmlUtil <clinit>
INFO: Reusing document builders
Nov 18, 2015 8:51:34 AM org.apache.catalina.startup.HostConfig deployDirectory
INFO: Deploying web application directory E:\WebPortal\liferay-portal-6.2-ce\tomcat-7.0.42\webapps\sync-web
Nov 18, 2015 8:51:34 AM org.apache.shindig.gadgets.features.FeatureRegistry register
INFO: Loading resources from: res:features/features.txt
Nov 18, 2015 8:51:34 AM org.apache.shindig.gadgets.servlet.CajaContentRewriter <init>
INFO: Cajoled cache createdorg.apache.shindig.common.cache.ehcache.EhConfiguredCache@75700683
Nov 18, 2015 8:51:34 AM org.apache.shindig.gadgets.servlet.CajaContentRewriter <init>
INFO: Cajoled cache createdorg.apache.shindig.common.cache.ehcache.EhConfiguredCache@75700683
Nov 18, 2015 8:51:34 AM org.apache.shindig.gadgets.oauth.OAuthModule$OAuthCrypterProvider <init>
INFO: Using random key for OAuth client-side state encryption
Nov 18, 2015 8:51:35 AM org.apache.catalina.startup.HostConfig deployDirectory
INFO: Deploying web application directory E:\WebPortal\liferay-portal-6.2-ce\tomcat-7.0.42\webapps\web-form-portlet
Nov 18, 2015 8:51:36 AM org.apache.catalina.startup.HostConfig deployDirectory
INFO: Deploying web application directory E:\WebPortal\liferay-portal-6.2-ce\tomcat-7.0.42\webapps\welcome-theme
Nov 18, 2015 8:51:36 AM org.apache.coyote.AbstractProtocol start
INFO: Starting ProtocolHandler ["http-bio-80"]
Nov 18, 2015 8:51:36 AM org.apache.coyote.AbstractProtocol start
INFO: Starting ProtocolHandler ["ajp-bio-8009"]
Nov 18, 2015 8:51:37 AM org.apache.catalina.startup.Catalina start
INFO: Server startup in 49404 ms
Nov 18, 2015 9:43:35 AM org.apache.catalina.core.AprLifecycleListener init
INFO: The APR based Apache Tomcat Native library which allows optimal performance in production environments was not found on the java.library.path: E:\WebPortal\eclipse\Java\jre7\bin;C:\windows\Sun\Java\bin;C:\windows\system32;C:\windows;C:\ProgramData\Oracle\Java\javapath;C:\windows\system32;C:\windows;C:\windows\System32\Wbem;C:\windows\System32\WindowsPowerShell\v1.0\;C:\Program Files (x86)\Brackets\command;.
Nov 18, 2015 9:43:35 AM org.apache.coyote.AbstractProtocol init
INFO: Initializing ProtocolHandler ["http-bio-80"]
Nov 18, 2015 9:43:35 AM org.apache.coyote.AbstractProtocol init
INFO: Initializing ProtocolHandler ["ajp-bio-8009"]
Nov 18, 2015 9:43:35 AM org.apache.catalina.startup.Catalina load
INFO: Initialization processed in 340 ms
Nov 18, 2015 9:43:35 AM org.apache.catalina.core.StandardService startInternal
INFO: Starting service Catalina
Nov 18, 2015 9:43:35 AM org.apache.catalina.core.StandardEngine startInternal
INFO: Starting Servlet Engine: Apache Tomcat/7.0.42
Nov 18, 2015 9:43:35 AM org.apache.catalina.startup.HostConfig deployDescriptor
INFO: Deploying configuration descriptor E:\WebPortal\liferay-portal-6.2-ce\tomcat-7.0.42\conf\Catalina\localhost\ROOT.xml
Nov 18, 2015 9:44:03 AM org.apache.catalina.startup.HostConfig deployDescriptor
INFO: Deploying configuration descriptor E:\WebPortal\liferay-portal-6.2-ce\tomcat-7.0.42\conf\Catalina\localhost\WebPortal-portlet.xml
Nov 18, 2015 9:44:03 AM org.apache.catalina.startup.HostConfig deployDescriptor
WARNING: A docBase E:\WebPortal\liferay-portal-6.2-ce\tomcat-7.0.42\webapps\WebPortal-portlet inside the host appBase has been specified, and will be ignored
Nov 18, 2015 9:44:03 AM org.apache.catalina.startup.SetContextPropertiesRule begin
WARNING: [SetContextPropertiesRule]{Context} Setting property 'source' to 'org.eclipse.jst.jee.server:WebPortal-portlet' did not find a matching property.
Nov 18, 2015 9:44:04 AM org.apache.catalina.startup.HostConfig deployDirectory
INFO: Deploying web application directory E:\WebPortal\liferay-portal-6.2-ce\tomcat-7.0.42\webapps\calendar-portlet
Nov 18, 2015 9:44:06 AM org.apache.catalina.startup.HostConfig deployDirectory
INFO: Deploying web application directory E:\WebPortal\liferay-portal-6.2-ce\tomcat-7.0.42\webapps\kaleo-web
Nov 18, 2015 9:44:09 AM org.apache.catalina.startup.HostConfig deployDirectory
INFO: Deploying web application directory E:\WebPortal\liferay-portal-6.2-ce\tomcat-7.0.42\webapps\marketplace-portlet
Nov 18, 2015 9:44:14 AM org.apache.catalina.startup.HostConfig deployDirectory
INFO: Deploying web application directory E:\WebPortal\liferay-portal-6.2-ce\tomcat-7.0.42\webapps\notifications-portlet
Nov 18, 2015 9:44:16 AM org.apache.catalina.startup.HostConfig deployDirectory
INFO: Deploying web application directory E:\WebPortal\liferay-portal-6.2-ce\tomcat-7.0.42\webapps\opensocial-portlet
Nov 18, 2015 9:44:19 AM org.apache.catalina.startup.HostConfig deployDirectory
INFO: Deploying web application directory E:\WebPortal\liferay-portal-6.2-ce\tomcat-7.0.42\webapps\resources-importer-web
Nov 18, 2015 9:44:20 AM org.apache.shindig.config.JsonContainerConfig loadContainers
INFO: Loading resources from: containers/default/container.js
Nov 18, 2015 9:44:20 AM org.apache.shindig.config.JsonContainerConfig loadResources
INFO: Reading container config: containers/default/container.js
Nov 18, 2015 9:44:20 AM org.apache.shindig.gadgets.features.FeatureRegistry register
INFO: Loading resources from: res:features-extras/features.txt
Nov 18, 2015 9:44:20 AM org.apache.shindig.common.xml.XmlUtil <clinit>
INFO: Reusing document builders
Nov 18, 2015 9:44:20 AM org.apache.catalina.startup.HostConfig deployDirectory
INFO: Deploying web application directory E:\WebPortal\liferay-portal-6.2-ce\tomcat-7.0.42\webapps\sync-web
Nov 18, 2015 9:44:20 AM org.apache.shindig.gadgets.features.FeatureRegistry register
INFO: Loading resources from: res:features/features.txt
Nov 18, 2015 9:44:20 AM org.apache.shindig.gadgets.servlet.CajaContentRewriter <init>
INFO: Cajoled cache createdorg.apache.shindig.common.cache.ehcache.EhConfiguredCache@69b76670
Nov 18, 2015 9:44:20 AM org.apache.shindig.gadgets.servlet.CajaContentRewriter <init>
INFO: Cajoled cache createdorg.apache.shindig.common.cache.ehcache.EhConfiguredCache@69b76670
Nov 18, 2015 9:44:20 AM org.apache.shindig.gadgets.oauth.OAuthModule$OAuthCrypterProvider <init>
INFO: Using random key for OAuth client-side state encryption
Nov 18, 2015 9:44:21 AM org.apache.catalina.startup.HostConfig deployDirectory
INFO: Deploying web application directory E:\WebPortal\liferay-portal-6.2-ce\tomcat-7.0.42\webapps\web-form-portlet
Nov 18, 2015 9:44:22 AM org.apache.catalina.startup.HostConfig deployDirectory
INFO: Deploying web application directory E:\WebPortal\liferay-portal-6.2-ce\tomcat-7.0.42\webapps\welcome-theme
Nov 18, 2015 9:44:23 AM org.apache.coyote.AbstractProtocol start
INFO: Starting ProtocolHandler ["http-bio-80"]
Nov 18, 2015 9:44:23 AM org.apache.coyote.AbstractProtocol start
INFO: Starting ProtocolHandler ["ajp-bio-8009"]
Nov 18, 2015 9:44:23 AM org.apache.catalina.startup.Catalina start
INFO: Server startup in 48097 ms
Nov 18, 2015 9:47:35 AM org.apache.catalina.core.AprLifecycleListener init
INFO: The APR based Apache Tomcat Native library which allows optimal performance in production environments was not found on the java.library.path: E:\WebPortal\eclipse\Java\jre7\bin;C:\windows\Sun\Java\bin;C:\windows\system32;C:\windows;C:\ProgramData\Oracle\Java\javapath;C:\windows\system32;C:\windows;C:\windows\System32\Wbem;C:\windows\System32\WindowsPowerShell\v1.0\;C:\Program Files (x86)\Brackets\command;.
Nov 18, 2015 9:47:35 AM org.apache.coyote.AbstractProtocol init
INFO: Initializing ProtocolHandler ["http-bio-80"]
Nov 18, 2015 9:47:35 AM org.apache.coyote.AbstractProtocol init
INFO: Initializing ProtocolHandler ["ajp-bio-8009"]
Nov 18, 2015 9:47:35 AM org.apache.catalina.startup.Catalina load
INFO: Initialization processed in 352 ms
Nov 18, 2015 9:47:35 AM org.apache.catalina.core.StandardService startInternal
INFO: Starting service Catalina
Nov 18, 2015 9:47:35 AM org.apache.catalina.core.StandardEngine startInternal
INFO: Starting Servlet Engine: Apache Tomcat/7.0.42
Nov 18, 2015 9:47:35 AM org.apache.catalina.startup.HostConfig deployDescriptor
INFO: Deploying configuration descriptor E:\WebPortal\liferay-portal-6.2-ce\tomcat-7.0.42\conf\Catalina\localhost\ROOT.xml
Nov 18, 2015 9:48:04 AM org.apache.catalina.startup.HostConfig deployDescriptor
INFO: Deploying configuration descriptor E:\WebPortal\liferay-portal-6.2-ce\tomcat-7.0.42\conf\Catalina\localhost\WebPortal-portlet.xml
Nov 18, 2015 9:48:04 AM org.apache.catalina.startup.HostConfig deployDescriptor
WARNING: A docBase E:\WebPortal\liferay-portal-6.2-ce\tomcat-7.0.42\webapps\WebPortal-portlet inside the host appBase has been specified, and will be ignored
Nov 18, 2015 9:48:04 AM org.apache.catalina.startup.SetContextPropertiesRule begin
WARNING: [SetContextPropertiesRule]{Context} Setting property 'source' to 'org.eclipse.jst.jee.server:WebPortal-portlet' did not find a matching property.
Nov 18, 2015 9:48:04 AM org.apache.catalina.startup.HostConfig deployDirectory
INFO: Deploying web application directory E:\WebPortal\liferay-portal-6.2-ce\tomcat-7.0.42\webapps\calendar-portlet
Nov 18, 2015 9:48:06 AM org.apache.catalina.startup.HostConfig deployDirectory
INFO: Deploying web application directory E:\WebPortal\liferay-portal-6.2-ce\tomcat-7.0.42\webapps\kaleo-web
Nov 18, 2015 9:48:09 AM org.apache.catalina.startup.HostConfig deployDirectory
INFO: Deploying web application directory E:\WebPortal\liferay-portal-6.2-ce\tomcat-7.0.42\webapps\marketplace-portlet
Nov 18, 2015 9:48:14 AM org.apache.catalina.startup.HostConfig deployDirectory
INFO: Deploying web application directory E:\WebPortal\liferay-portal-6.2-ce\tomcat-7.0.42\webapps\notifications-portlet
Nov 18, 2015 9:48:16 AM org.apache.catalina.startup.HostConfig deployDirectory
INFO: Deploying web application directory E:\WebPortal\liferay-portal-6.2-ce\tomcat-7.0.42\webapps\opensocial-portlet
Nov 18, 2015 9:48:20 AM org.apache.catalina.startup.HostConfig deployDirectory
INFO: Deploying web application directory E:\WebPortal\liferay-portal-6.2-ce\tomcat-7.0.42\webapps\resources-importer-web
Nov 18, 2015 9:48:21 AM org.apache.shindig.config.JsonContainerConfig loadContainers
INFO: Loading resources from: containers/default/container.js
Nov 18, 2015 9:48:21 AM org.apache.shindig.config.JsonContainerConfig loadResources
INFO: Reading container config: containers/default/container.js
Nov 18, 2015 9:48:21 AM org.apache.catalina.startup.HostConfig deployDirectory
INFO: Deploying web application directory E:\WebPortal\liferay-portal-6.2-ce\tomcat-7.0.42\webapps\sync-web
Nov 18, 2015 9:48:21 AM org.apache.shindig.gadgets.features.FeatureRegistry register
INFO: Loading resources from: res:features-extras/features.txt
Nov 18, 2015 9:48:21 AM org.apache.shindig.common.xml.XmlUtil <clinit>
INFO: Reusing document builders
Nov 18, 2015 9:48:21 AM org.apache.shindig.gadgets.features.FeatureRegistry register
INFO: Loading resources from: res:features/features.txt
Nov 18, 2015 9:48:21 AM org.apache.shindig.gadgets.servlet.CajaContentRewriter <init>
INFO: Cajoled cache createdorg.apache.shindig.common.cache.ehcache.EhConfiguredCache@464befa5
Nov 18, 2015 9:48:21 AM org.apache.shindig.gadgets.servlet.CajaContentRewriter <init>
INFO: Cajoled cache createdorg.apache.shindig.common.cache.ehcache.EhConfiguredCache@464befa5
Nov 18, 2015 9:48:21 AM org.apache.shindig.gadgets.oauth.OAuthModule$OAuthCrypterProvider <init>
INFO: Using random key for OAuth client-side state encryption
Nov 18, 2015 9:48:22 AM org.apache.catalina.startup.HostConfig deployDirectory
INFO: Deploying web application directory E:\WebPortal\liferay-portal-6.2-ce\tomcat-7.0.42\webapps\web-form-portlet
Nov 18, 2015 9:48:23 AM org.apache.catalina.startup.HostConfig deployDirectory
INFO: Deploying web application directory E:\WebPortal\liferay-portal-6.2-ce\tomcat-7.0.42\webapps\welcome-theme
Nov 18, 2015 9:48:24 AM org.apache.coyote.AbstractProtocol start
INFO: Starting ProtocolHandler ["http-bio-80"]
Nov 18, 2015 9:48:24 AM org.apache.coyote.AbstractProtocol start
INFO: Starting ProtocolHandler ["ajp-bio-8009"]
Nov 18, 2015 9:48:24 AM org.apache.catalina.startup.Catalina start
INFO: Server startup in 49008 ms
Nov 18, 2015 10:03:24 AM org.apache.catalina.core.AprLifecycleListener init
INFO: The APR based Apache Tomcat Native library which allows optimal performance in production environments was not found on the java.library.path: E:\WebPortal\eclipse\Java\jre7\bin;C:\windows\Sun\Java\bin;C:\windows\system32;C:\windows;C:\ProgramData\Oracle\Java\javapath;C:\windows\system32;C:\windows;C:\windows\System32\Wbem;C:\windows\System32\WindowsPowerShell\v1.0\;C:\Program Files (x86)\Brackets\command;.
Nov 18, 2015 10:03:24 AM org.apache.coyote.AbstractProtocol init
INFO: Initializing ProtocolHandler ["http-bio-80"]
Nov 18, 2015 10:03:24 AM org.apache.coyote.AbstractProtocol init
INFO: Initializing ProtocolHandler ["ajp-bio-8009"]
Nov 18, 2015 10:03:24 AM org.apache.catalina.startup.Catalina load
INFO: Initialization processed in 323 ms
Nov 18, 2015 10:03:24 AM org.apache.catalina.core.StandardService startInternal
INFO: Starting service Catalina
Nov 18, 2015 10:03:24 AM org.apache.catalina.core.StandardEngine startInternal
INFO: Starting Servlet Engine: Apache Tomcat/7.0.42
Nov 18, 2015 10:03:24 AM org.apache.catalina.startup.HostConfig deployDescriptor
INFO: Deploying configuration descriptor E:\WebPortal\liferay-portal-6.2-ce\tomcat-7.0.42\conf\Catalina\localhost\ROOT.xml
Nov 18, 2015 10:03:52 AM org.apache.catalina.startup.HostConfig deployDescriptor
INFO: Deploying configuration descriptor E:\WebPortal\liferay-portal-6.2-ce\tomcat-7.0.42\conf\Catalina\localhost\WebPortal-portlet.xml
Nov 18, 2015 10:03:52 AM org.apache.catalina.startup.HostConfig deployDescriptor
WARNING: A docBase E:\WebPortal\liferay-portal-6.2-ce\tomcat-7.0.42\webapps\WebPortal-portlet inside the host appBase has been specified, and will be ignored
Nov 18, 2015 10:03:52 AM org.apache.catalina.startup.SetContextPropertiesRule begin
WARNING: [SetContextPropertiesRule]{Context} Setting property 'source' to 'org.eclipse.jst.jee.server:WebPortal-portlet' did not find a matching property.
Nov 18, 2015 10:03:52 AM org.apache.catalina.startup.HostConfig deployDirectory
INFO: Deploying web application directory E:\WebPortal\liferay-portal-6.2-ce\tomcat-7.0.42\webapps\calendar-portlet
Nov 18, 2015 10:03:54 AM org.apache.catalina.startup.HostConfig deployDirectory
INFO: Deploying web application directory E:\WebPortal\liferay-portal-6.2-ce\tomcat-7.0.42\webapps\kaleo-web
Nov 18, 2015 10:03:57 AM org.apache.catalina.startup.HostConfig deployDirectory
INFO: Deploying web application directory E:\WebPortal\liferay-portal-6.2-ce\tomcat-7.0.42\webapps\marketplace-portlet
Nov 18, 2015 10:04:02 AM org.apache.catalina.startup.HostConfig deployDirectory
INFO: Deploying web application directory E:\WebPortal\liferay-portal-6.2-ce\tomcat-7.0.42\webapps\notifications-portlet
Nov 18, 2015 10:04:05 AM org.apache.catalina.startup.HostConfig deployDirectory
INFO: Deploying web application directory E:\WebPortal\liferay-portal-6.2-ce\tomcat-7.0.42\webapps\opensocial-portlet
Nov 18, 2015 10:04:08 AM org.apache.catalina.startup.HostConfig deployDirectory
INFO: Deploying web application directory E:\WebPortal\liferay-portal-6.2-ce\tomcat-7.0.42\webapps\resources-importer-web
Nov 18, 2015 10:04:09 AM org.apache.shindig.config.JsonContainerConfig loadContainers
INFO: Loading resources from: containers/default/container.js
Nov 18, 2015 10:04:09 AM org.apache.shindig.config.JsonContainerConfig loadResources
INFO: Reading container config: containers/default/container.js
Nov 18, 2015 10:04:09 AM org.apache.catalina.startup.HostConfig deployDirectory
INFO: Deploying web application directory E:\WebPortal\liferay-portal-6.2-ce\tomcat-7.0.42\webapps\sync-web
Nov 18, 2015 10:04:09 AM org.apache.shindig.gadgets.features.FeatureRegistry register
INFO: Loading resources from: res:features-extras/features.txt
Nov 18, 2015 10:04:09 AM org.apache.shindig.common.xml.XmlUtil <clinit>
INFO: Reusing document builders
Nov 18, 2015 10:04:09 AM org.apache.shindig.gadgets.features.FeatureRegistry register
INFO: Loading resources from: res:features/features.txt
Nov 18, 2015 10:04:09 AM org.apache.shindig.gadgets.servlet.CajaContentRewriter <init>
INFO: Cajoled cache createdorg.apache.shindig.common.cache.ehcache.EhConfiguredCache@30bfe12b
Nov 18, 2015 10:04:09 AM org.apache.shindig.gadgets.servlet.CajaContentRewriter <init>
INFO: Cajoled cache createdorg.apache.shindig.common.cache.ehcache.EhConfiguredCache@30bfe12b
Nov 18, 2015 10:04:09 AM org.apache.shindig.gadgets.oauth.OAuthModule$OAuthCrypterProvider <init>
INFO: Using random key for OAuth client-side state encryption
Nov 18, 2015 10:04:10 AM org.apache.catalina.startup.HostConfig deployDirectory
INFO: Deploying web application directory E:\WebPortal\liferay-portal-6.2-ce\tomcat-7.0.42\webapps\web-form-portlet
Nov 18, 2015 10:04:11 AM org.apache.catalina.startup.HostConfig deployDirectory
INFO: Deploying web application directory E:\WebPortal\liferay-portal-6.2-ce\tomcat-7.0.42\webapps\welcome-theme
Nov 18, 2015 10:04:11 AM org.apache.coyote.AbstractProtocol start
INFO: Starting ProtocolHandler ["http-bio-80"]
Nov 18, 2015 10:04:11 AM org.apache.coyote.AbstractProtocol start
INFO: Starting ProtocolHandler ["ajp-bio-8009"]
Nov 18, 2015 10:04:11 AM org.apache.catalina.startup.Catalina start
INFO: Server startup in 46807 ms
Nov 18, 2015 10:06:49 AM org.apache.catalina.core.AprLifecycleListener init
INFO: The APR based Apache Tomcat Native library which allows optimal performance in production environments was not found on the java.library.path: E:\WebPortal\eclipse\Java\jre7\bin;C:\windows\Sun\Java\bin;C:\windows\system32;C:\windows;C:\ProgramData\Oracle\Java\javapath;C:\windows\system32;C:\windows;C:\windows\System32\Wbem;C:\windows\System32\WindowsPowerShell\v1.0\;C:\Program Files (x86)\Brackets\command;.
Nov 18, 2015 10:06:49 AM org.apache.coyote.AbstractProtocol init
INFO: Initializing ProtocolHandler ["http-bio-80"]
Nov 18, 2015 10:06:49 AM org.apache.coyote.AbstractProtocol init
INFO: Initializing ProtocolHandler ["ajp-bio-8009"]
Nov 18, 2015 10:06:49 AM org.apache.catalina.startup.Catalina load
INFO: Initialization processed in 340 ms
Nov 18, 2015 10:06:49 AM org.apache.catalina.core.StandardService startInternal
INFO: Starting service Catalina
Nov 18, 2015 10:06:49 AM org.apache.catalina.core.StandardEngine startInternal
INFO: Starting Servlet Engine: Apache Tomcat/7.0.42
Nov 18, 2015 10:06:49 AM org.apache.catalina.startup.HostConfig deployDescriptor
INFO: Deploying configuration descriptor E:\WebPortal\liferay-portal-6.2-ce\tomcat-7.0.42\conf\Catalina\localhost\ROOT.xml
Nov 18, 2015 10:07:16 AM org.apache.catalina.startup.HostConfig deployDescriptor
INFO: Deploying configuration descriptor E:\WebPortal\liferay-portal-6.2-ce\tomcat-7.0.42\conf\Catalina\localhost\WebPortal-portlet.xml
Nov 18, 2015 10:07:16 AM org.apache.catalina.startup.HostConfig deployDescriptor
WARNING: A docBase E:\WebPortal\liferay-portal-6.2-ce\tomcat-7.0.42\webapps\WebPortal-portlet inside the host appBase has been specified, and will be ignored
Nov 18, 2015 10:07:16 AM org.apache.catalina.startup.SetContextPropertiesRule begin
WARNING: [SetContextPropertiesRule]{Context} Setting property 'source' to 'org.eclipse.jst.jee.server:WebPortal-portlet' did not find a matching property.
Nov 18, 2015 10:07:17 AM org.apache.catalina.startup.HostConfig deployDirectory
INFO: Deploying web application directory E:\WebPortal\liferay-portal-6.2-ce\tomcat-7.0.42\webapps\calendar-portlet
Nov 18, 2015 10:07:19 AM org.apache.catalina.startup.HostConfig deployDirectory
INFO: Deploying web application directory E:\WebPortal\liferay-portal-6.2-ce\tomcat-7.0.42\webapps\kaleo-web
Nov 18, 2015 10:07:22 AM org.apache.catalina.startup.HostConfig deployDirectory
INFO: Deploying web application directory E:\WebPortal\liferay-portal-6.2-ce\tomcat-7.0.42\webapps\marketplace-portlet
Nov 18, 2015 10:07:26 AM org.apache.catalina.startup.HostConfig deployDirectory
INFO: Deploying web application directory E:\WebPortal\liferay-portal-6.2-ce\tomcat-7.0.42\webapps\notifications-portlet
Nov 18, 2015 10:07:28 AM org.apache.catalina.startup.HostConfig deployDirectory
INFO: Deploying web application directory E:\WebPortal\liferay-portal-6.2-ce\tomcat-7.0.42\webapps\opensocial-portlet
Nov 18, 2015 10:07:32 AM org.apache.catalina.startup.HostConfig deployDirectory
INFO: Deploying web application directory E:\WebPortal\liferay-portal-6.2-ce\tomcat-7.0.42\webapps\resources-importer-web
Nov 18, 2015 10:07:33 AM org.apache.shindig.config.JsonContainerConfig loadContainers
INFO: Loading resources from: containers/default/container.js
Nov 18, 2015 10:07:33 AM org.apache.shindig.config.JsonContainerConfig loadResources
INFO: Reading container config: containers/default/container.js
Nov 18, 2015 10:07:33 AM org.apache.shindig.gadgets.features.FeatureRegistry register
INFO: Loading resources from: res:features-extras/features.txt
Nov 18, 2015 10:07:33 AM org.apache.shindig.common.xml.XmlUtil <clinit>
INFO: Reusing document builders
Nov 18, 2015 10:07:33 AM org.apache.catalina.startup.HostConfig deployDirectory
INFO: Deploying web application directory E:\WebPortal\liferay-portal-6.2-ce\tomcat-7.0.42\webapps\sync-web
Nov 18, 2015 10:07:33 AM org.apache.shindig.gadgets.features.FeatureRegistry register
INFO: Loading resources from: res:features/features.txt
Nov 18, 2015 10:07:33 AM org.apache.shindig.gadgets.servlet.CajaContentRewriter <init>
INFO: Cajoled cache createdorg.apache.shindig.common.cache.ehcache.EhConfiguredCache@67172e8c
Nov 18, 2015 10:07:33 AM org.apache.shindig.gadgets.servlet.CajaContentRewriter <init>
INFO: Cajoled cache createdorg.apache.shindig.common.cache.ehcache.EhConfiguredCache@67172e8c
Nov 18, 2015 10:07:33 AM org.apache.shindig.gadgets.oauth.OAuthModule$OAuthCrypterProvider <init>
INFO: Using random key for OAuth client-side state encryption
Nov 18, 2015 10:07:34 AM org.apache.catalina.startup.HostConfig deployDirectory
INFO: Deploying web application directory E:\WebPortal\liferay-portal-6.2-ce\tomcat-7.0.42\webapps\web-form-portlet
Nov 18, 2015 10:07:35 AM org.apache.catalina.startup.HostConfig deployDirectory
INFO: Deploying web application directory E:\WebPortal\liferay-portal-6.2-ce\tomcat-7.0.42\webapps\welcome-theme
Nov 18, 2015 10:07:36 AM org.apache.coyote.AbstractProtocol start
INFO: Starting ProtocolHandler ["http-bio-80"]
Nov 18, 2015 10:07:36 AM org.apache.coyote.AbstractProtocol start
INFO: Starting ProtocolHandler ["ajp-bio-8009"]
Nov 18, 2015 10:07:36 AM org.apache.catalina.startup.Catalina start
INFO: Server startup in 46800 ms
Nov 18, 2015 10:07:46 AM org.apache.catalina.startup.HostConfig deleteRedeployResources
INFO: Undeploying context [/WebPortal-portlet]
Nov 18, 2015 10:07:46 AM org.apache.catalina.startup.HostConfig deployDescriptor
INFO: Deploying configuration descriptor E:\WebPortal\liferay-portal-6.2-ce\tomcat-7.0.42\conf\Catalina\localhost\WebPortal-portlet.xml
Nov 18, 2015 10:07:46 AM org.apache.catalina.startup.HostConfig deployDescriptor
WARNING: A docBase E:\WebPortal\liferay-portal-6.2-ce\tomcat-7.0.42\webapps\WebPortal-portlet inside the host appBase has been specified, and will be ignored
Nov 18, 2015 10:07:46 AM org.apache.catalina.startup.SetContextPropertiesRule begin
WARNING: [SetContextPropertiesRule]{Context} Setting property 'source' to 'org.eclipse.jst.jee.server:WebPortal-portlet' did not find a matching property.
Nov 18, 2015 10:08:50 AM org.apache.catalina.core.AprLifecycleListener init
INFO: The APR based Apache Tomcat Native library which allows optimal performance in production environments was not found on the java.library.path: E:\WebPortal\eclipse\Java\jre7\bin;C:\windows\Sun\Java\bin;C:\windows\system32;C:\windows;C:\ProgramData\Oracle\Java\javapath;C:\windows\system32;C:\windows;C:\windows\System32\Wbem;C:\windows\System32\WindowsPowerShell\v1.0\;C:\Program Files (x86)\Brackets\command;.
Nov 18, 2015 10:08:50 AM org.apache.coyote.AbstractProtocol init
INFO: Initializing ProtocolHandler ["http-bio-80"]
Nov 18, 2015 10:08:50 AM org.apache.coyote.AbstractProtocol init
INFO: Initializing ProtocolHandler ["ajp-bio-8009"]
Nov 18, 2015 10:08:50 AM org.apache.catalina.startup.Catalina load
INFO: Initialization processed in 322 ms
Nov 18, 2015 10:08:50 AM org.apache.catalina.core.StandardService startInternal
INFO: Starting service Catalina
Nov 18, 2015 10:08:50 AM org.apache.catalina.core.StandardEngine startInternal
INFO: Starting Servlet Engine: Apache Tomcat/7.0.42
Nov 18, 2015 10:08:50 AM org.apache.catalina.startup.HostConfig deployDescriptor
INFO: Deploying configuration descriptor E:\WebPortal\liferay-portal-6.2-ce\tomcat-7.0.42\conf\Catalina\localhost\ROOT.xml
Nov 18, 2015 10:09:18 AM org.apache.catalina.startup.HostConfig deployDescriptor
INFO: Deploying configuration descriptor E:\WebPortal\liferay-portal-6.2-ce\tomcat-7.0.42\conf\Catalina\localhost\WebPortal-portlet.xml
Nov 18, 2015 10:09:18 AM org.apache.catalina.startup.HostConfig deployDescriptor
WARNING: A docBase E:\WebPortal\liferay-portal-6.2-ce\tomcat-7.0.42\webapps\WebPortal-portlet inside the host appBase has been specified, and will be ignored
Nov 18, 2015 10:09:18 AM org.apache.catalina.startup.SetContextPropertiesRule begin
WARNING: [SetContextPropertiesRule]{Context} Setting property 'source' to 'org.eclipse.jst.jee.server:WebPortal-portlet' did not find a matching property.
Nov 18, 2015 10:09:19 AM org.apache.catalina.startup.HostConfig deployDirectory
INFO: Deploying web application directory E:\WebPortal\liferay-portal-6.2-ce\tomcat-7.0.42\webapps\calendar-portlet
Nov 18, 2015 10:09:21 AM org.apache.catalina.startup.HostConfig deployDirectory
INFO: Deploying web application directory E:\WebPortal\liferay-portal-6.2-ce\tomcat-7.0.42\webapps\kaleo-web
Nov 18, 2015 10:09:23 AM org.apache.catalina.startup.HostConfig deployDirectory
INFO: Deploying web application directory E:\WebPortal\liferay-portal-6.2-ce\tomcat-7.0.42\webapps\marketplace-portlet
Nov 18, 2015 10:09:29 AM org.apache.catalina.startup.HostConfig deployDirectory
INFO: Deploying web application directory E:\WebPortal\liferay-portal-6.2-ce\tomcat-7.0.42\webapps\notifications-portlet
Nov 18, 2015 10:09:31 AM org.apache.catalina.startup.HostConfig deployDirectory
INFO: Deploying web application directory E:\WebPortal\liferay-portal-6.2-ce\tomcat-7.0.42\webapps\opensocial-portlet
Nov 18, 2015 10:09:35 AM org.apache.catalina.startup.HostConfig deployDirectory
INFO: Deploying web application directory E:\WebPortal\liferay-portal-6.2-ce\tomcat-7.0.42\webapps\resources-importer-web
Nov 18, 2015 10:09:35 AM org.apache.shindig.config.JsonContainerConfig loadContainers
INFO: Loading resources from: containers/default/container.js
Nov 18, 2015 10:09:35 AM org.apache.shindig.config.JsonContainerConfig loadResources
INFO: Reading container config: containers/default/container.js
Nov 18, 2015 10:09:35 AM org.apache.catalina.startup.HostConfig deployDirectory
INFO: Deploying web application directory E:\WebPortal\liferay-portal-6.2-ce\tomcat-7.0.42\webapps\sync-web
Nov 18, 2015 10:09:35 AM org.apache.shindig.gadgets.features.FeatureRegistry register
INFO: Loading resources from: res:features-extras/features.txt
Nov 18, 2015 10:09:35 AM org.apache.shindig.common.xml.XmlUtil <clinit>
INFO: Reusing document builders
Nov 18, 2015 10:09:35 AM org.apache.shindig.gadgets.features.FeatureRegistry register
INFO: Loading resources from: res:features/features.txt
Nov 18, 2015 10:09:36 AM org.apache.shindig.gadgets.servlet.CajaContentRewriter <init>
INFO: Cajoled cache createdorg.apache.shindig.common.cache.ehcache.EhConfiguredCache@34be0eea
Nov 18, 2015 10:09:36 AM org.apache.shindig.gadgets.servlet.CajaContentRewriter <init>
INFO: Cajoled cache createdorg.apache.shindig.common.cache.ehcache.EhConfiguredCache@34be0eea
Nov 18, 2015 10:09:36 AM org.apache.shindig.gadgets.oauth.OAuthModule$OAuthCrypterProvider <init>
INFO: Using random key for OAuth client-side state encryption
Nov 18, 2015 10:09:36 AM org.apache.catalina.startup.HostConfig deployDirectory
INFO: Deploying web application directory E:\WebPortal\liferay-portal-6.2-ce\tomcat-7.0.42\webapps\web-form-portlet
Nov 18, 2015 10:09:37 AM org.apache.catalina.startup.HostConfig deployDirectory
INFO: Deploying web application directory E:\WebPortal\liferay-portal-6.2-ce\tomcat-7.0.42\webapps\welcome-theme
Nov 18, 2015 10:09:38 AM org.apache.coyote.AbstractProtocol start
INFO: Starting ProtocolHandler ["http-bio-80"]
Nov 18, 2015 10:09:38 AM org.apache.coyote.AbstractProtocol start
INFO: Starting ProtocolHandler ["ajp-bio-8009"]
Nov 18, 2015 10:09:38 AM org.apache.catalina.startup.Catalina start
INFO: Server startup in 47390 ms
Nov 18, 2015 10:55:06 AM org.apache.catalina.core.StandardServer await
INFO: A valid shutdown command was received via the shutdown port. Stopping the Server instance.
Nov 18, 2015 10:55:06 AM org.apache.coyote.AbstractProtocol pause
INFO: Pausing ProtocolHandler ["http-bio-80"]
Nov 18, 2015 10:55:06 AM org.apache.coyote.AbstractProtocol pause
INFO: Pausing ProtocolHandler ["ajp-bio-8009"]
Nov 18, 2015 10:55:06 AM org.apache.catalina.core.StandardService stopInternal
INFO: Stopping service Catalina
Nov 18, 2015 10:55:08 AM org.apache.catalina.loader.WebappClassLoader clearReferencesThreads
SEVERE: The web application [] appears to have started a thread named [org.python.google.common.base.internal.Finalizer] but has failed to stop it. This is very likely to create a memory leak.
Nov 18, 2015 10:55:09 AM org.apache.coyote.AbstractProtocol stop
INFO: Stopping ProtocolHandler ["http-bio-80"]
Nov 18, 2015 10:55:09 AM org.apache.coyote.AbstractProtocol stop
INFO: Stopping ProtocolHandler ["ajp-bio-8009"]
Nov 18, 2015 10:55:09 AM org.apache.coyote.AbstractProtocol destroy
INFO: Destroying ProtocolHandler ["http-bio-80"]
Nov 18, 2015 10:55:09 AM org.apache.coyote.AbstractProtocol destroy
INFO: Destroying ProtocolHandler ["ajp-bio-8009"]
Nov 18, 2015 10:55:14 AM org.apache.catalina.core.AprLifecycleListener init
INFO: The APR based Apache Tomcat Native library which allows optimal performance in production environments was not found on the java.library.path: E:\WebPortal\eclipse\Java\jre7\bin;C:\windows\Sun\Java\bin;C:\windows\system32;C:\windows;C:\ProgramData\Oracle\Java\javapath;C:\windows\system32;C:\windows;C:\windows\System32\Wbem;C:\windows\System32\WindowsPowerShell\v1.0\;C:\Program Files (x86)\Brackets\command;.
Nov 18, 2015 10:55:14 AM org.apache.coyote.AbstractProtocol init
INFO: Initializing ProtocolHandler ["http-bio-80"]
Nov 18, 2015 10:55:14 AM org.apache.coyote.AbstractProtocol init
INFO: Initializing ProtocolHandler ["ajp-bio-8009"]
Nov 18, 2015 10:55:14 AM org.apache.catalina.startup.Catalina load
INFO: Initialization processed in 328 ms
Nov 18, 2015 10:55:14 AM org.apache.catalina.core.StandardService startInternal
INFO: Starting service Catalina
Nov 18, 2015 10:55:14 AM org.apache.catalina.core.StandardEngine startInternal
INFO: Starting Servlet Engine: Apache Tomcat/7.0.42
Nov 18, 2015 10:55:14 AM org.apache.catalina.startup.HostConfig deployDescriptor
INFO: Deploying configuration descriptor E:\WebPortal\liferay-portal-6.2-ce\tomcat-7.0.42\conf\Catalina\localhost\ROOT.xml
Nov 18, 2015 10:55:42 AM org.apache.catalina.startup.HostConfig deployDescriptor
INFO: Deploying configuration descriptor E:\WebPortal\liferay-portal-6.2-ce\tomcat-7.0.42\conf\Catalina\localhost\WebPortal-portlet.xml
Nov 18, 2015 10:55:42 AM org.apache.catalina.startup.HostConfig deployDescriptor
WARNING: A docBase E:\WebPortal\liferay-portal-6.2-ce\tomcat-7.0.42\webapps\WebPortal-portlet inside the host appBase has been specified, and will be ignored
Nov 18, 2015 10:55:42 AM org.apache.catalina.startup.SetContextPropertiesRule begin
WARNING: [SetContextPropertiesRule]{Context} Setting property 'source' to 'org.eclipse.jst.jee.server:WebPortal-portlet' did not find a matching property.
Nov 18, 2015 10:55:42 AM org.apache.catalina.startup.HostConfig deployDirectory
INFO: Deploying web application directory E:\WebPortal\liferay-portal-6.2-ce\tomcat-7.0.42\webapps\calendar-portlet
Nov 18, 2015 10:55:44 AM org.apache.catalina.startup.HostConfig deployDirectory
INFO: Deploying web application directory E:\WebPortal\liferay-portal-6.2-ce\tomcat-7.0.42\webapps\kaleo-web
Nov 18, 2015 10:55:47 AM org.apache.catalina.startup.HostConfig deployDirectory
INFO: Deploying web application directory E:\WebPortal\liferay-portal-6.2-ce\tomcat-7.0.42\webapps\marketplace-portlet
Nov 18, 2015 10:55:52 AM org.apache.catalina.startup.HostConfig deployDirectory
INFO: Deploying web application directory E:\WebPortal\liferay-portal-6.2-ce\tomcat-7.0.42\webapps\notifications-portlet
Nov 18, 2015 10:55:54 AM org.apache.catalina.startup.HostConfig deployDirectory
INFO: Deploying web application directory E:\WebPortal\liferay-portal-6.2-ce\tomcat-7.0.42\webapps\opensocial-portlet
Nov 18, 2015 10:55:59 AM org.apache.catalina.startup.HostConfig deployDirectory
INFO: Deploying web application directory E:\WebPortal\liferay-portal-6.2-ce\tomcat-7.0.42\webapps\resources-importer-web
Nov 18, 2015 10:55:59 AM org.apache.shindig.config.JsonContainerConfig loadContainers
INFO: Loading resources from: containers/default/container.js
Nov 18, 2015 10:55:59 AM org.apache.shindig.config.JsonContainerConfig loadResources
INFO: Reading container config: containers/default/container.js
Nov 18, 2015 10:56:00 AM org.apache.catalina.startup.HostConfig deployDirectory
INFO: Deploying web application directory E:\WebPortal\liferay-portal-6.2-ce\tomcat-7.0.42\webapps\sync-web
Nov 18, 2015 10:56:00 AM org.apache.shindig.gadgets.features.FeatureRegistry register
INFO: Loading resources from: res:features-extras/features.txt
Nov 18, 2015 10:56:00 AM org.apache.shindig.common.xml.XmlUtil <clinit>
INFO: Reusing document builders
Nov 18, 2015 10:56:01 AM org.apache.catalina.startup.HostConfig deployDirectory
INFO: Deploying web application directory E:\WebPortal\liferay-portal-6.2-ce\tomcat-7.0.42\webapps\web-form-portlet
Nov 18, 2015 10:56:01 AM org.apache.shindig.gadgets.features.FeatureRegistry register
INFO: Loading resources from: res:features/features.txt
Nov 18, 2015 10:56:02 AM org.apache.catalina.startup.HostConfig deployDirectory
INFO: Deploying web application directory E:\WebPortal\liferay-portal-6.2-ce\tomcat-7.0.42\webapps\welcome-theme
Nov 18, 2015 10:56:03 AM org.apache.coyote.AbstractProtocol start
INFO: Starting ProtocolHandler ["http-bio-80"]
Nov 18, 2015 10:56:03 AM org.apache.coyote.AbstractProtocol start
INFO: Starting ProtocolHandler ["ajp-bio-8009"]
Nov 18, 2015 10:56:03 AM org.apache.catalina.startup.Catalina start
INFO: Server startup in 48546 ms
Nov 18, 2015 10:56:08 AM org.apache.shindig.gadgets.servlet.CajaContentRewriter <init>
INFO: Cajoled cache createdorg.apache.shindig.common.cache.ehcache.EhConfiguredCache@61f73964
Nov 18, 2015 10:56:08 AM org.apache.shindig.gadgets.servlet.CajaContentRewriter <init>
INFO: Cajoled cache createdorg.apache.shindig.common.cache.ehcache.EhConfiguredCache@61f73964
Nov 18, 2015 10:56:08 AM org.apache.shindig.gadgets.oauth.OAuthModule$OAuthCrypterProvider <init>
INFO: Using random key for OAuth client-side state encryption
Nov 18, 2015 11:52:16 AM org.apache.catalina.core.StandardServer await
INFO: A valid shutdown command was received via the shutdown port. Stopping the Server instance.
Nov 18, 2015 11:52:16 AM org.apache.coyote.AbstractProtocol pause
INFO: Pausing ProtocolHandler ["http-bio-80"]
Nov 18, 2015 11:52:16 AM org.apache.coyote.AbstractProtocol pause
INFO: Pausing ProtocolHandler ["ajp-bio-8009"]
Nov 18, 2015 11:52:16 AM org.apache.catalina.core.StandardService stopInternal
INFO: Stopping service Catalina
Nov 18, 2015 11:52:17 AM org.apache.catalina.loader.WebappClassLoader clearReferencesThreads
SEVERE: The web application [] appears to have started a thread named [org.python.google.common.base.internal.Finalizer] but has failed to stop it. This is very likely to create a memory leak.
Nov 18, 2015 11:52:18 AM org.apache.catalina.loader.WebappClassLoader checkThreadLocalMapForLeaks
SEVERE: The web application [/opensocial-portlet] created a ThreadLocal with key of type [com.google.inject.InjectorImpl$1] (value [com.google.inject.InjectorImpl$1@4da1a64d]) and a value of type [java.lang.Object[]] (value [[Ljava.lang.Object;@2fad310c]) but failed to remove it when the web application was stopped. Threads are going to be renewed over time to try and avoid a probable memory leak.
Nov 18, 2015 11:52:19 AM org.apache.coyote.AbstractProtocol stop
INFO: Stopping ProtocolHandler ["http-bio-80"]
Nov 18, 2015 11:52:19 AM org.apache.coyote.AbstractProtocol stop
INFO: Stopping ProtocolHandler ["ajp-bio-8009"]
Nov 18, 2015 11:52:19 AM org.apache.coyote.AbstractProtocol destroy
INFO: Destroying ProtocolHandler ["http-bio-80"]
Nov 18, 2015 11:52:19 AM org.apache.coyote.AbstractProtocol destroy
INFO: Destroying ProtocolHandler ["ajp-bio-8009"]
Nov 18, 2015 11:52:28 AM org.apache.catalina.core.AprLifecycleListener init
INFO: The APR based Apache Tomcat Native library which allows optimal performance in production environments was not found on the java.library.path: E:\WebPortal\eclipse\Java\jre7\bin;C:\windows\Sun\Java\bin;C:\windows\system32;C:\windows;C:\ProgramData\Oracle\Java\javapath;C:\windows\system32;C:\windows;C:\windows\System32\Wbem;C:\windows\System32\WindowsPowerShell\v1.0\;C:\Program Files (x86)\Brackets\command;.
Nov 18, 2015 11:52:28 AM org.apache.coyote.AbstractProtocol init
INFO: Initializing ProtocolHandler ["http-bio-80"]
Nov 18, 2015 11:52:28 AM org.apache.coyote.AbstractProtocol init
INFO: Initializing ProtocolHandler ["ajp-bio-8009"]
Nov 18, 2015 11:52:28 AM org.apache.catalina.startup.Catalina load
INFO: Initialization processed in 326 ms
Nov 18, 2015 11:52:28 AM org.apache.catalina.core.StandardService startInternal
INFO: Starting service Catalina
Nov 18, 2015 11:52:28 AM org.apache.catalina.core.StandardEngine startInternal
INFO: Starting Servlet Engine: Apache Tomcat/7.0.42
Nov 18, 2015 11:52:28 AM org.apache.catalina.startup.HostConfig deployDescriptor
INFO: Deploying configuration descriptor E:\WebPortal\liferay-portal-6.2-ce\tomcat-7.0.42\conf\Catalina\localhost\ROOT.xml
Nov 18, 2015 11:52:55 AM org.apache.catalina.startup.HostConfig deployDescriptor
INFO: Deploying configuration descriptor E:\WebPortal\liferay-portal-6.2-ce\tomcat-7.0.42\conf\Catalina\localhost\WebPortal-portlet.xml
Nov 18, 2015 11:52:55 AM org.apache.catalina.startup.HostConfig deployDescriptor
WARNING: A docBase E:\WebPortal\liferay-portal-6.2-ce\tomcat-7.0.42\webapps\WebPortal-portlet inside the host appBase has been specified, and will be ignored
Nov 18, 2015 11:52:55 AM org.apache.catalina.startup.SetContextPropertiesRule begin
WARNING: [SetContextPropertiesRule]{Context} Setting property 'source' to 'org.eclipse.jst.jee.server:WebPortal-portlet' did not find a matching property.
Nov 18, 2015 11:52:56 AM org.apache.catalina.startup.HostConfig deployDirectory
INFO: Deploying web application directory E:\WebPortal\liferay-portal-6.2-ce\tomcat-7.0.42\webapps\calendar-portlet
Nov 18, 2015 11:52:58 AM org.apache.catalina.startup.HostConfig deployDirectory
INFO: Deploying web application directory E:\WebPortal\liferay-portal-6.2-ce\tomcat-7.0.42\webapps\kaleo-web
Nov 18, 2015 11:53:01 AM org.apache.catalina.startup.HostConfig deployDirectory
INFO: Deploying web application directory E:\WebPortal\liferay-portal-6.2-ce\tomcat-7.0.42\webapps\marketplace-portlet
Nov 18, 2015 11:53:06 AM org.apache.catalina.startup.HostConfig deployDirectory
INFO: Deploying web application directory E:\WebPortal\liferay-portal-6.2-ce\tomcat-7.0.42\webapps\notifications-portlet
Nov 18, 2015 11:53:07 AM org.apache.catalina.startup.HostConfig deployDirectory
INFO: Deploying web application directory E:\WebPortal\liferay-portal-6.2-ce\tomcat-7.0.42\webapps\opensocial-portlet
Nov 18, 2015 11:53:12 AM org.apache.catalina.startup.HostConfig deployDirectory
INFO: Deploying web application directory E:\WebPortal\liferay-portal-6.2-ce\tomcat-7.0.42\webapps\resources-importer-web
Nov 18, 2015 11:53:12 AM org.apache.shindig.config.JsonContainerConfig loadContainers
INFO: Loading resources from: containers/default/container.js
Nov 18, 2015 11:53:12 AM org.apache.shindig.config.JsonContainerConfig loadResources
INFO: Reading container config: containers/default/container.js
Nov 18, 2015 11:53:12 AM org.apache.shindig.gadgets.features.FeatureRegistry register
INFO: Loading resources from: res:features-extras/features.txt
Nov 18, 2015 11:53:13 AM org.apache.catalina.startup.HostConfig deployDirectory
INFO: Deploying web application directory E:\WebPortal\liferay-portal-6.2-ce\tomcat-7.0.42\webapps\sync-web
Nov 18, 2015 11:53:13 AM org.apache.shindig.common.xml.XmlUtil <clinit>
INFO: Reusing document builders
Nov 18, 2015 11:53:14 AM org.apache.catalina.startup.HostConfig deployDirectory
INFO: Deploying web application directory E:\WebPortal\liferay-portal-6.2-ce\tomcat-7.0.42\webapps\web-form-portlet
Nov 18, 2015 11:53:14 AM org.apache.shindig.gadgets.features.FeatureRegistry register
INFO: Loading resources from: res:features/features.txt
Nov 18, 2015 11:53:15 AM org.apache.catalina.startup.HostConfig deployDirectory
INFO: Deploying web application directory E:\WebPortal\liferay-portal-6.2-ce\tomcat-7.0.42\webapps\welcome-theme
Nov 18, 2015 11:53:16 AM org.apache.coyote.AbstractProtocol start
INFO: Starting ProtocolHandler ["http-bio-80"]
Nov 18, 2015 11:53:16 AM org.apache.coyote.AbstractProtocol start
INFO: Starting ProtocolHandler ["ajp-bio-8009"]
Nov 18, 2015 11:53:16 AM org.apache.catalina.startup.Catalina start
INFO: Server startup in 47408 ms
Nov 18, 2015 11:53:21 AM org.apache.shindig.gadgets.servlet.CajaContentRewriter <init>
INFO: Cajoled cache createdorg.apache.shindig.common.cache.ehcache.EhConfiguredCache@23ccebf3
Nov 18, 2015 11:53:21 AM org.apache.shindig.gadgets.servlet.CajaContentRewriter <init>
INFO: Cajoled cache createdorg.apache.shindig.common.cache.ehcache.EhConfiguredCache@23ccebf3
Nov 18, 2015 11:53:21 AM org.apache.shindig.gadgets.oauth.OAuthModule$OAuthCrypterProvider <init>
INFO: Using random key for OAuth client-side state encryption
Nov 18, 2015 11:54:11 AM org.apache.catalina.core.AprLifecycleListener init
INFO: The APR based Apache Tomcat Native library which allows optimal performance in production environments was not found on the java.library.path: E:\WebPortal\eclipse\Java\jre7\bin;C:\windows\Sun\Java\bin;C:\windows\system32;C:\windows;C:\ProgramData\Oracle\Java\javapath;C:\windows\system32;C:\windows;C:\windows\System32\Wbem;C:\windows\System32\WindowsPowerShell\v1.0\;C:\Program Files (x86)\Brackets\command;.
Nov 18, 2015 11:54:11 AM org.apache.coyote.AbstractProtocol init
INFO: Initializing ProtocolHandler ["http-bio-80"]
Nov 18, 2015 11:54:11 AM org.apache.coyote.AbstractProtocol init
INFO: Initializing ProtocolHandler ["ajp-bio-8009"]
Nov 18, 2015 11:54:11 AM org.apache.catalina.startup.Catalina load
INFO: Initialization processed in 332 ms
Nov 18, 2015 11:54:11 AM org.apache.catalina.core.StandardService startInternal
INFO: Starting service Catalina
Nov 18, 2015 11:54:11 AM org.apache.catalina.core.StandardEngine startInternal
INFO: Starting Servlet Engine: Apache Tomcat/7.0.42
Nov 18, 2015 11:54:11 AM org.apache.catalina.startup.HostConfig deployDescriptor
INFO: Deploying configuration descriptor E:\WebPortal\liferay-portal-6.2-ce\tomcat-7.0.42\conf\Catalina\localhost\ROOT.xml
Nov 18, 2015 11:54:38 AM org.apache.catalina.startup.HostConfig deployDescriptor
INFO: Deploying configuration descriptor E:\WebPortal\liferay-portal-6.2-ce\tomcat-7.0.42\conf\Catalina\localhost\WebPortal-portlet.xml
Nov 18, 2015 11:54:38 AM org.apache.catalina.startup.HostConfig deployDescriptor
WARNING: A docBase E:\WebPortal\liferay-portal-6.2-ce\tomcat-7.0.42\webapps\WebPortal-portlet inside the host appBase has been specified, and will be ignored
Nov 18, 2015 11:54:38 AM org.apache.catalina.startup.SetContextPropertiesRule begin
WARNING: [SetContextPropertiesRule]{Context} Setting property 'source' to 'org.eclipse.jst.jee.server:WebPortal-portlet' did not find a matching property.
Nov 18, 2015 11:54:39 AM org.apache.catalina.startup.HostConfig deployDirectory
INFO: Deploying web application directory E:\WebPortal\liferay-portal-6.2-ce\tomcat-7.0.42\webapps\calendar-portlet
Nov 18, 2015 11:54:41 AM org.apache.catalina.startup.HostConfig deployDirectory
INFO: Deploying web application directory E:\WebPortal\liferay-portal-6.2-ce\tomcat-7.0.42\webapps\kaleo-web
Nov 18, 2015 11:54:43 AM org.apache.catalina.startup.HostConfig deployDirectory
INFO: Deploying web application directory E:\WebPortal\liferay-portal-6.2-ce\tomcat-7.0.42\webapps\marketplace-portlet
Nov 18, 2015 11:54:48 AM org.apache.catalina.startup.HostConfig deployDirectory
INFO: Deploying web application directory E:\WebPortal\liferay-portal-6.2-ce\tomcat-7.0.42\webapps\notifications-portlet
Nov 18, 2015 11:54:50 AM org.apache.catalina.startup.HostConfig deployDirectory
INFO: Deploying web application directory E:\WebPortal\liferay-portal-6.2-ce\tomcat-7.0.42\webapps\opensocial-portlet
Nov 18, 2015 11:54:54 AM org.apache.catalina.startup.HostConfig deployDirectory
INFO: Deploying web application directory E:\WebPortal\liferay-portal-6.2-ce\tomcat-7.0.42\webapps\resources-importer-web
Nov 18, 2015 11:54:54 AM org.apache.shindig.config.JsonContainerConfig loadContainers
INFO: Loading resources from: containers/default/container.js
Nov 18, 2015 11:54:54 AM org.apache.shindig.config.JsonContainerConfig loadResources
INFO: Reading container config: containers/default/container.js
Nov 18, 2015 11:54:55 AM org.apache.shindig.gadgets.features.FeatureRegistry register
INFO: Loading resources from: res:features-extras/features.txt
Nov 18, 2015 11:54:55 AM org.apache.shindig.common.xml.XmlUtil <clinit>
INFO: Reusing document builders
Nov 18, 2015 11:54:55 AM org.apache.shindig.gadgets.features.FeatureRegistry register
INFO: Loading resources from: res:features/features.txt
Nov 18, 2015 11:54:55 AM org.apache.shindig.gadgets.servlet.CajaContentRewriter <init>
INFO: Cajoled cache createdorg.apache.shindig.common.cache.ehcache.EhConfiguredCache@4156d32
Nov 18, 2015 11:54:55 AM org.apache.shindig.gadgets.servlet.CajaContentRewriter <init>
INFO: Cajoled cache createdorg.apache.shindig.common.cache.ehcache.EhConfiguredCache@4156d32
Nov 18, 2015 11:54:55 AM org.apache.shindig.gadgets.oauth.OAuthModule$OAuthCrypterProvider <init>
INFO: Using random key for OAuth client-side state encryption
Nov 18, 2015 11:54:55 AM org.apache.catalina.startup.HostConfig deployDirectory
INFO: Deploying web application directory E:\WebPortal\liferay-portal-6.2-ce\tomcat-7.0.42\webapps\sync-web
Nov 18, 2015 11:54:56 AM org.apache.catalina.startup.HostConfig deployDirectory
INFO: Deploying web application directory E:\WebPortal\liferay-portal-6.2-ce\tomcat-7.0.42\webapps\web-form-portlet
Nov 18, 2015 11:54:57 AM org.apache.catalina.startup.HostConfig deployDirectory
INFO: Deploying web application directory E:\WebPortal\liferay-portal-6.2-ce\tomcat-7.0.42\webapps\welcome-theme
Nov 18, 2015 11:54:58 AM org.apache.coyote.AbstractProtocol start
INFO: Starting ProtocolHandler ["http-bio-80"]
Nov 18, 2015 11:54:58 AM org.apache.coyote.AbstractProtocol start
INFO: Starting ProtocolHandler ["ajp-bio-8009"]
Nov 18, 2015 11:54:58 AM org.apache.catalina.startup.Catalina start
INFO: Server startup in 46776 ms
Nov 18, 2015 12:04:59 PM org.apache.catalina.core.AprLifecycleListener init
INFO: The APR based Apache Tomcat Native library which allows optimal performance in production environments was not found on the java.library.path: E:\WebPortal\eclipse\Java\jre7\bin;C:\windows\Sun\Java\bin;C:\windows\system32;C:\windows;C:\ProgramData\Oracle\Java\javapath;C:\windows\system32;C:\windows;C:\windows\System32\Wbem;C:\windows\System32\WindowsPowerShell\v1.0\;C:\Program Files (x86)\Brackets\command;.
Nov 18, 2015 12:04:59 PM org.apache.coyote.AbstractProtocol init
INFO: Initializing ProtocolHandler ["http-bio-80"]
Nov 18, 2015 12:04:59 PM org.apache.coyote.AbstractProtocol init
INFO: Initializing ProtocolHandler ["ajp-bio-8009"]
Nov 18, 2015 12:04:59 PM org.apache.catalina.startup.Catalina load
INFO: Initialization processed in 342 ms
Nov 18, 2015 12:05:00 PM org.apache.catalina.core.StandardService startInternal
INFO: Starting service Catalina
Nov 18, 2015 12:05:00 PM org.apache.catalina.core.StandardEngine startInternal
INFO: Starting Servlet Engine: Apache Tomcat/7.0.42
Nov 18, 2015 12:05:00 PM org.apache.catalina.startup.HostConfig deployDescriptor
INFO: Deploying configuration descriptor E:\WebPortal\liferay-portal-6.2-ce\tomcat-7.0.42\conf\Catalina\localhost\ROOT.xml
Nov 18, 2015 12:05:27 PM org.apache.catalina.startup.HostConfig deployDescriptor
INFO: Deploying configuration descriptor E:\WebPortal\liferay-portal-6.2-ce\tomcat-7.0.42\conf\Catalina\localhost\WebPortal-portlet.xml
Nov 18, 2015 12:05:27 PM org.apache.catalina.startup.HostConfig deployDescriptor
WARNING: A docBase E:\WebPortal\liferay-portal-6.2-ce\tomcat-7.0.42\webapps\WebPortal-portlet inside the host appBase has been specified, and will be ignored
Nov 18, 2015 12:05:27 PM org.apache.catalina.startup.SetContextPropertiesRule begin
WARNING: [SetContextPropertiesRule]{Context} Setting property 'source' to 'org.eclipse.jst.jee.server:WebPortal-portlet' did not find a matching property.
Nov 18, 2015 12:05:28 PM org.apache.catalina.startup.HostConfig deployDirectory
INFO: Deploying web application directory E:\WebPortal\liferay-portal-6.2-ce\tomcat-7.0.42\webapps\calendar-portlet
Nov 18, 2015 12:05:30 PM org.apache.catalina.startup.HostConfig deployDirectory
INFO: Deploying web application directory E:\WebPortal\liferay-portal-6.2-ce\tomcat-7.0.42\webapps\kaleo-web
Nov 18, 2015 12:05:33 PM org.apache.catalina.startup.HostConfig deployDirectory
INFO: Deploying web application directory E:\WebPortal\liferay-portal-6.2-ce\tomcat-7.0.42\webapps\marketplace-portlet
Nov 18, 2015 12:05:38 PM org.apache.catalina.startup.HostConfig deployDirectory
INFO: Deploying web application directory E:\WebPortal\liferay-portal-6.2-ce\tomcat-7.0.42\webapps\notifications-portlet
Nov 18, 2015 12:05:39 PM org.apache.catalina.startup.HostConfig deployDirectory
INFO: Deploying web application directory E:\WebPortal\liferay-portal-6.2-ce\tomcat-7.0.42\webapps\opensocial-portlet
Nov 18, 2015 12:05:44 PM org.apache.catalina.startup.HostConfig deployDirectory
INFO: Deploying web application directory E:\WebPortal\liferay-portal-6.2-ce\tomcat-7.0.42\webapps\resources-importer-web
Nov 18, 2015 12:05:44 PM org.apache.shindig.config.JsonContainerConfig loadContainers
INFO: Loading resources from: containers/default/container.js
Nov 18, 2015 12:05:44 PM org.apache.shindig.config.JsonContainerConfig loadResources
INFO: Reading container config: containers/default/container.js
Nov 18, 2015 12:05:44 PM org.apache.shindig.gadgets.features.FeatureRegistry register
INFO: Loading resources from: res:features-extras/features.txt
Nov 18, 2015 12:05:44 PM org.apache.shindig.common.xml.XmlUtil <clinit>
INFO: Reusing document builders
Nov 18, 2015 12:05:44 PM org.apache.catalina.startup.HostConfig deployDirectory
INFO: Deploying web application directory E:\WebPortal\liferay-portal-6.2-ce\tomcat-7.0.42\webapps\sync-web
Nov 18, 2015 12:05:45 PM org.apache.shindig.gadgets.features.FeatureRegistry register
INFO: Loading resources from: res:features/features.txt
Nov 18, 2015 12:05:45 PM org.apache.shindig.gadgets.servlet.CajaContentRewriter <init>
INFO: Cajoled cache createdorg.apache.shindig.common.cache.ehcache.EhConfiguredCache@19659da8
Nov 18, 2015 12:05:45 PM org.apache.shindig.gadgets.servlet.CajaContentRewriter <init>
INFO: Cajoled cache createdorg.apache.shindig.common.cache.ehcache.EhConfiguredCache@19659da8
Nov 18, 2015 12:05:45 PM org.apache.shindig.gadgets.oauth.OAuthModule$OAuthCrypterProvider <init>
INFO: Using random key for OAuth client-side state encryption
Nov 18, 2015 12:05:46 PM org.apache.catalina.startup.HostConfig deployDirectory
INFO: Deploying web application directory E:\WebPortal\liferay-portal-6.2-ce\tomcat-7.0.42\webapps\web-form-portlet
Nov 18, 2015 12:05:47 PM org.apache.catalina.startup.HostConfig deployDirectory
INFO: Deploying web application directory E:\WebPortal\liferay-portal-6.2-ce\tomcat-7.0.42\webapps\welcome-theme
Nov 18, 2015 12:05:47 PM org.apache.coyote.AbstractProtocol start
INFO: Starting ProtocolHandler ["http-bio-80"]
Nov 18, 2015 12:05:47 PM org.apache.coyote.AbstractProtocol start
INFO: Starting ProtocolHandler ["ajp-bio-8009"]
Nov 18, 2015 12:05:47 PM org.apache.catalina.startup.Catalina start
INFO: Server startup in 47618 ms
