Nov 17, 2015 8:19:57 AM org.apache.catalina.core.AprLifecycleListener init
INFO: The APR based Apache Tomcat Native library which allows optimal performance in production environments was not found on the java.library.path: E:\WebPortal\eclipse\Java\jre7\bin;C:\windows\Sun\Java\bin;C:\windows\system32;C:\windows;C:\ProgramData\Oracle\Java\javapath;C:\windows\system32;C:\windows;C:\windows\System32\Wbem;C:\windows\System32\WindowsPowerShell\v1.0\;C:\Program Files (x86)\Brackets\command;.
Nov 17, 2015 8:19:57 AM org.apache.coyote.AbstractProtocol init
INFO: Initializing ProtocolHandler ["http-bio-80"]
Nov 17, 2015 8:19:57 AM org.apache.coyote.AbstractProtocol init
INFO: Initializing ProtocolHandler ["ajp-bio-8009"]
Nov 17, 2015 8:19:57 AM org.apache.catalina.startup.Catalina load
INFO: Initialization processed in 323 ms
Nov 17, 2015 8:19:57 AM org.apache.catalina.core.StandardService startInternal
INFO: Starting service Catalina
Nov 17, 2015 8:19:57 AM org.apache.catalina.core.StandardEngine startInternal
INFO: Starting Servlet Engine: Apache Tomcat/7.0.42
Nov 17, 2015 8:19:57 AM org.apache.catalina.startup.HostConfig deployDescriptor
INFO: Deploying configuration descriptor E:\WebPortal\liferay-portal-6.2-ce\tomcat-7.0.42\conf\Catalina\localhost\ROOT.xml
Nov 17, 2015 8:20:27 AM org.apache.catalina.startup.HostConfig deployDescriptor
INFO: Deploying configuration descriptor E:\WebPortal\liferay-portal-6.2-ce\tomcat-7.0.42\conf\Catalina\localhost\WebPortal-portlet.xml
Nov 17, 2015 8:20:27 AM org.apache.catalina.startup.HostConfig deployDescriptor
WARNING: A docBase E:\WebPortal\liferay-portal-6.2-ce\tomcat-7.0.42\webapps\WebPortal-portlet inside the host appBase has been specified, and will be ignored
Nov 17, 2015 8:20:27 AM org.apache.catalina.startup.SetContextPropertiesRule begin
WARNING: [SetContextPropertiesRule]{Context} Setting property 'source' to 'org.eclipse.jst.jee.server:WebPortal-portlet' did not find a matching property.
Nov 17, 2015 8:20:28 AM org.apache.catalina.startup.HostConfig deployDirectory
INFO: Deploying web application directory E:\WebPortal\liferay-portal-6.2-ce\tomcat-7.0.42\webapps\calendar-portlet
Nov 17, 2015 8:20:30 AM org.apache.catalina.startup.HostConfig deployDirectory
INFO: Deploying web application directory E:\WebPortal\liferay-portal-6.2-ce\tomcat-7.0.42\webapps\kaleo-web
Nov 17, 2015 8:20:33 AM org.apache.catalina.startup.HostConfig deployDirectory
INFO: Deploying web application directory E:\WebPortal\liferay-portal-6.2-ce\tomcat-7.0.42\webapps\marketplace-portlet
Nov 17, 2015 8:20:38 AM org.apache.catalina.startup.HostConfig deployDirectory
INFO: Deploying web application directory E:\WebPortal\liferay-portal-6.2-ce\tomcat-7.0.42\webapps\notifications-portlet
Nov 17, 2015 8:20:39 AM org.apache.catalina.startup.HostConfig deployDirectory
INFO: Deploying web application directory E:\WebPortal\liferay-portal-6.2-ce\tomcat-7.0.42\webapps\opensocial-portlet
Nov 17, 2015 8:20:44 AM org.apache.catalina.startup.HostConfig deployDirectory
INFO: Deploying web application directory E:\WebPortal\liferay-portal-6.2-ce\tomcat-7.0.42\webapps\resources-importer-web
Nov 17, 2015 8:20:45 AM org.apache.shindig.config.JsonContainerConfig loadContainers
INFO: Loading resources from: containers/default/container.js
Nov 17, 2015 8:20:45 AM org.apache.shindig.config.JsonContainerConfig loadResources
INFO: Reading container config: containers/default/container.js
Nov 17, 2015 8:20:45 AM org.apache.catalina.startup.HostConfig deployDirectory
INFO: Deploying web application directory E:\WebPortal\liferay-portal-6.2-ce\tomcat-7.0.42\webapps\sync-web
Nov 17, 2015 8:20:45 AM org.apache.shindig.gadgets.features.FeatureRegistry register
INFO: Loading resources from: res:features-extras/features.txt
Nov 17, 2015 8:20:45 AM org.apache.shindig.common.xml.XmlUtil <clinit>
INFO: Reusing document builders
Nov 17, 2015 8:20:45 AM org.apache.shindig.gadgets.features.FeatureRegistry register
INFO: Loading resources from: res:features/features.txt
Nov 17, 2015 8:20:45 AM org.apache.shindig.gadgets.servlet.CajaContentRewriter <init>
INFO: Cajoled cache createdorg.apache.shindig.common.cache.ehcache.EhConfiguredCache@7f320a
Nov 17, 2015 8:20:45 AM org.apache.shindig.gadgets.servlet.CajaContentRewriter <init>
INFO: Cajoled cache createdorg.apache.shindig.common.cache.ehcache.EhConfiguredCache@7f320a
Nov 17, 2015 8:20:45 AM org.apache.shindig.gadgets.oauth.OAuthModule$OAuthCrypterProvider <init>
INFO: Using random key for OAuth client-side state encryption
Nov 17, 2015 8:20:46 AM org.apache.catalina.startup.HostConfig deployDirectory
INFO: Deploying web application directory E:\WebPortal\liferay-portal-6.2-ce\tomcat-7.0.42\webapps\web-form-portlet
Nov 17, 2015 8:20:47 AM org.apache.catalina.startup.HostConfig deployDirectory
INFO: Deploying web application directory E:\WebPortal\liferay-portal-6.2-ce\tomcat-7.0.42\webapps\welcome-theme
Nov 17, 2015 8:20:48 AM org.apache.coyote.AbstractProtocol start
INFO: Starting ProtocolHandler ["http-bio-80"]
Nov 17, 2015 8:20:48 AM org.apache.coyote.AbstractProtocol start
INFO: Starting ProtocolHandler ["ajp-bio-8009"]
Nov 17, 2015 8:20:48 AM org.apache.catalina.startup.Catalina start
INFO: Server startup in 50661 ms
Nov 17, 2015 8:25:27 AM org.apache.catalina.core.AprLifecycleListener init
INFO: The APR based Apache Tomcat Native library which allows optimal performance in production environments was not found on the java.library.path: E:\WebPortal\eclipse\Java\jre7\bin;C:\windows\Sun\Java\bin;C:\windows\system32;C:\windows;C:\ProgramData\Oracle\Java\javapath;C:\windows\system32;C:\windows;C:\windows\System32\Wbem;C:\windows\System32\WindowsPowerShell\v1.0\;C:\Program Files (x86)\Brackets\command;.
Nov 17, 2015 8:25:27 AM org.apache.coyote.AbstractProtocol init
INFO: Initializing ProtocolHandler ["http-bio-80"]
Nov 17, 2015 8:25:27 AM org.apache.coyote.AbstractProtocol init
INFO: Initializing ProtocolHandler ["ajp-bio-8009"]
Nov 17, 2015 8:25:27 AM org.apache.catalina.startup.Catalina load
INFO: Initialization processed in 327 ms
Nov 17, 2015 8:25:27 AM org.apache.catalina.core.StandardService startInternal
INFO: Starting service Catalina
Nov 17, 2015 8:25:27 AM org.apache.catalina.core.StandardEngine startInternal
INFO: Starting Servlet Engine: Apache Tomcat/7.0.42
Nov 17, 2015 8:25:27 AM org.apache.catalina.startup.HostConfig deployDescriptor
INFO: Deploying configuration descriptor E:\WebPortal\liferay-portal-6.2-ce\tomcat-7.0.42\conf\Catalina\localhost\ROOT.xml
Nov 17, 2015 8:25:56 AM org.apache.catalina.startup.HostConfig deployDirectory
INFO: Deploying web application directory E:\WebPortal\liferay-portal-6.2-ce\tomcat-7.0.42\webapps\calendar-portlet
Nov 17, 2015 8:25:58 AM org.apache.catalina.startup.HostConfig deployDirectory
INFO: Deploying web application directory E:\WebPortal\liferay-portal-6.2-ce\tomcat-7.0.42\webapps\kaleo-web
Nov 17, 2015 8:26:01 AM org.apache.catalina.startup.HostConfig deployDirectory
INFO: Deploying web application directory E:\WebPortal\liferay-portal-6.2-ce\tomcat-7.0.42\webapps\marketplace-portlet
Nov 17, 2015 8:26:06 AM org.apache.catalina.startup.HostConfig deployDirectory
INFO: Deploying web application directory E:\WebPortal\liferay-portal-6.2-ce\tomcat-7.0.42\webapps\notifications-portlet
Nov 17, 2015 8:26:07 AM org.apache.catalina.startup.HostConfig deployDirectory
INFO: Deploying web application directory E:\WebPortal\liferay-portal-6.2-ce\tomcat-7.0.42\webapps\opensocial-portlet
Nov 17, 2015 8:26:12 AM org.apache.catalina.startup.HostConfig deployDirectory
INFO: Deploying web application directory E:\WebPortal\liferay-portal-6.2-ce\tomcat-7.0.42\webapps\resources-importer-web
Nov 17, 2015 8:26:12 AM org.apache.shindig.config.JsonContainerConfig loadContainers
INFO: Loading resources from: containers/default/container.js
Nov 17, 2015 8:26:12 AM org.apache.shindig.config.JsonContainerConfig loadResources
INFO: Reading container config: containers/default/container.js
Nov 17, 2015 8:26:13 AM org.apache.catalina.startup.HostConfig deployDirectory
INFO: Deploying web application directory E:\WebPortal\liferay-portal-6.2-ce\tomcat-7.0.42\webapps\sync-web
Nov 17, 2015 8:26:13 AM org.apache.shindig.gadgets.features.FeatureRegistry register
INFO: Loading resources from: res:features-extras/features.txt
Nov 17, 2015 8:26:13 AM org.apache.shindig.common.xml.XmlUtil <clinit>
INFO: Reusing document builders
Nov 17, 2015 8:26:13 AM org.apache.shindig.gadgets.features.FeatureRegistry register
INFO: Loading resources from: res:features/features.txt
Nov 17, 2015 8:26:13 AM org.apache.shindig.gadgets.servlet.CajaContentRewriter <init>
INFO: Cajoled cache createdorg.apache.shindig.common.cache.ehcache.EhConfiguredCache@51692731
Nov 17, 2015 8:26:13 AM org.apache.shindig.gadgets.servlet.CajaContentRewriter <init>
INFO: Cajoled cache createdorg.apache.shindig.common.cache.ehcache.EhConfiguredCache@51692731
Nov 17, 2015 8:26:13 AM org.apache.shindig.gadgets.oauth.OAuthModule$OAuthCrypterProvider <init>
INFO: Using random key for OAuth client-side state encryption
Nov 17, 2015 8:26:14 AM org.apache.catalina.startup.HostConfig deployDirectory
INFO: Deploying web application directory E:\WebPortal\liferay-portal-6.2-ce\tomcat-7.0.42\webapps\web-form-portlet
Nov 17, 2015 8:26:15 AM org.apache.catalina.startup.HostConfig deployDirectory
INFO: Deploying web application directory E:\WebPortal\liferay-portal-6.2-ce\tomcat-7.0.42\webapps\WebPortal-portlet
Nov 17, 2015 8:26:17 AM org.apache.catalina.startup.HostConfig deployDirectory
INFO: Deploying web application directory E:\WebPortal\liferay-portal-6.2-ce\tomcat-7.0.42\webapps\welcome-theme
Nov 17, 2015 8:26:17 AM org.apache.coyote.AbstractProtocol start
INFO: Starting ProtocolHandler ["http-bio-80"]
Nov 17, 2015 8:26:17 AM org.apache.coyote.AbstractProtocol start
INFO: Starting ProtocolHandler ["ajp-bio-8009"]
Nov 17, 2015 8:26:17 AM org.apache.catalina.startup.Catalina start
INFO: Server startup in 50435 ms
Nov 17, 2015 8:27:14 AM org.apache.catalina.core.AprLifecycleListener init
INFO: The APR based Apache Tomcat Native library which allows optimal performance in production environments was not found on the java.library.path: E:\WebPortal\eclipse\Java\jre7\bin;C:\windows\Sun\Java\bin;C:\windows\system32;C:\windows;C:\ProgramData\Oracle\Java\javapath;C:\windows\system32;C:\windows;C:\windows\System32\Wbem;C:\windows\System32\WindowsPowerShell\v1.0\;C:\Program Files (x86)\Brackets\command;.
Nov 17, 2015 8:27:15 AM org.apache.coyote.AbstractProtocol init
INFO: Initializing ProtocolHandler ["http-bio-80"]
Nov 17, 2015 8:27:15 AM org.apache.coyote.AbstractProtocol init
INFO: Initializing ProtocolHandler ["ajp-bio-8009"]
Nov 17, 2015 8:27:15 AM org.apache.catalina.startup.Catalina load
INFO: Initialization processed in 323 ms
Nov 17, 2015 8:27:15 AM org.apache.catalina.core.StandardService startInternal
INFO: Starting service Catalina
Nov 17, 2015 8:27:15 AM org.apache.catalina.core.StandardEngine startInternal
INFO: Starting Servlet Engine: Apache Tomcat/7.0.42
Nov 17, 2015 8:27:15 AM org.apache.catalina.startup.HostConfig deployDescriptor
INFO: Deploying configuration descriptor E:\WebPortal\liferay-portal-6.2-ce\tomcat-7.0.42\conf\Catalina\localhost\ROOT.xml
Nov 17, 2015 8:27:42 AM org.apache.catalina.startup.HostConfig deployDescriptor
INFO: Deploying configuration descriptor E:\WebPortal\liferay-portal-6.2-ce\tomcat-7.0.42\conf\Catalina\localhost\WebPortal-portlet.xml
Nov 17, 2015 8:27:42 AM org.apache.catalina.startup.HostConfig deployDescriptor
WARNING: A docBase E:\WebPortal\liferay-portal-6.2-ce\tomcat-7.0.42\webapps\WebPortal-portlet inside the host appBase has been specified, and will be ignored
Nov 17, 2015 8:27:42 AM org.apache.catalina.startup.SetContextPropertiesRule begin
WARNING: [SetContextPropertiesRule]{Context} Setting property 'source' to 'org.eclipse.jst.jee.server:WebPortal-portlet' did not find a matching property.
Nov 17, 2015 8:27:43 AM org.apache.catalina.startup.HostConfig deployDirectory
INFO: Deploying web application directory E:\WebPortal\liferay-portal-6.2-ce\tomcat-7.0.42\webapps\calendar-portlet
Nov 17, 2015 8:27:45 AM org.apache.catalina.startup.HostConfig deployDirectory
INFO: Deploying web application directory E:\WebPortal\liferay-portal-6.2-ce\tomcat-7.0.42\webapps\kaleo-web
Nov 17, 2015 8:27:48 AM org.apache.catalina.startup.HostConfig deployDirectory
INFO: Deploying web application directory E:\WebPortal\liferay-portal-6.2-ce\tomcat-7.0.42\webapps\marketplace-portlet
Nov 17, 2015 8:27:53 AM org.apache.catalina.startup.HostConfig deployDirectory
INFO: Deploying web application directory E:\WebPortal\liferay-portal-6.2-ce\tomcat-7.0.42\webapps\notifications-portlet
Nov 17, 2015 8:27:55 AM org.apache.catalina.startup.HostConfig deployDirectory
INFO: Deploying web application directory E:\WebPortal\liferay-portal-6.2-ce\tomcat-7.0.42\webapps\opensocial-portlet
Nov 17, 2015 8:27:59 AM org.apache.catalina.startup.HostConfig deployDirectory
INFO: Deploying web application directory E:\WebPortal\liferay-portal-6.2-ce\tomcat-7.0.42\webapps\resources-importer-web
Nov 17, 2015 8:27:59 AM org.apache.shindig.config.JsonContainerConfig loadContainers
INFO: Loading resources from: containers/default/container.js
Nov 17, 2015 8:27:59 AM org.apache.shindig.config.JsonContainerConfig loadResources
INFO: Reading container config: containers/default/container.js
Nov 17, 2015 8:27:59 AM org.apache.catalina.startup.HostConfig deployDirectory
INFO: Deploying web application directory E:\WebPortal\liferay-portal-6.2-ce\tomcat-7.0.42\webapps\sync-web
Nov 17, 2015 8:27:59 AM org.apache.shindig.gadgets.features.FeatureRegistry register
INFO: Loading resources from: res:features-extras/features.txt
Nov 17, 2015 8:27:59 AM org.apache.shindig.common.xml.XmlUtil <clinit>
INFO: Reusing document builders
Nov 17, 2015 8:27:59 AM org.apache.shindig.gadgets.features.FeatureRegistry register
INFO: Loading resources from: res:features/features.txt
Nov 17, 2015 8:28:00 AM org.apache.shindig.gadgets.servlet.CajaContentRewriter <init>
INFO: Cajoled cache createdorg.apache.shindig.common.cache.ehcache.EhConfiguredCache@682fd104
Nov 17, 2015 8:28:00 AM org.apache.shindig.gadgets.servlet.CajaContentRewriter <init>
INFO: Cajoled cache createdorg.apache.shindig.common.cache.ehcache.EhConfiguredCache@682fd104
Nov 17, 2015 8:28:00 AM org.apache.shindig.gadgets.oauth.OAuthModule$OAuthCrypterProvider <init>
INFO: Using random key for OAuth client-side state encryption
Nov 17, 2015 8:28:00 AM org.apache.catalina.startup.HostConfig deployDirectory
INFO: Deploying web application directory E:\WebPortal\liferay-portal-6.2-ce\tomcat-7.0.42\webapps\web-form-portlet
Nov 17, 2015 8:28:01 AM org.apache.catalina.startup.HostConfig deployDirectory
INFO: Deploying web application directory E:\WebPortal\liferay-portal-6.2-ce\tomcat-7.0.42\webapps\welcome-theme
Nov 17, 2015 8:28:02 AM org.apache.coyote.AbstractProtocol start
INFO: Starting ProtocolHandler ["http-bio-80"]
Nov 17, 2015 8:28:02 AM org.apache.coyote.AbstractProtocol start
INFO: Starting ProtocolHandler ["ajp-bio-8009"]
Nov 17, 2015 8:28:02 AM org.apache.catalina.startup.Catalina start
INFO: Server startup in 47488 ms
Nov 17, 2015 8:39:58 AM org.apache.catalina.core.StandardServer await
INFO: A valid shutdown command was received via the shutdown port. Stopping the Server instance.
Nov 17, 2015 8:39:58 AM org.apache.coyote.AbstractProtocol pause
INFO: Pausing ProtocolHandler ["http-bio-80"]
Nov 17, 2015 8:39:58 AM org.apache.coyote.AbstractProtocol pause
INFO: Pausing ProtocolHandler ["ajp-bio-8009"]
Nov 17, 2015 8:39:58 AM org.apache.catalina.core.StandardService stopInternal
INFO: Stopping service Catalina
Nov 17, 2015 8:40:00 AM org.apache.catalina.loader.WebappClassLoader clearReferencesThreads
SEVERE: The web application [] appears to have started a thread named [org.python.google.common.base.internal.Finalizer] but has failed to stop it. This is very likely to create a memory leak.
Nov 17, 2015 8:40:01 AM org.apache.coyote.AbstractProtocol stop
INFO: Stopping ProtocolHandler ["http-bio-80"]
Nov 17, 2015 8:40:01 AM org.apache.coyote.AbstractProtocol stop
INFO: Stopping ProtocolHandler ["ajp-bio-8009"]
Nov 17, 2015 8:40:01 AM org.apache.coyote.AbstractProtocol destroy
INFO: Destroying ProtocolHandler ["http-bio-80"]
Nov 17, 2015 8:40:01 AM org.apache.coyote.AbstractProtocol destroy
INFO: Destroying ProtocolHandler ["ajp-bio-8009"]
Nov 17, 2015 8:40:17 AM org.apache.catalina.core.AprLifecycleListener init
INFO: The APR based Apache Tomcat Native library which allows optimal performance in production environments was not found on the java.library.path: E:\WebPortal\eclipse\Java\jre7\bin;C:\windows\Sun\Java\bin;C:\windows\system32;C:\windows;C:\ProgramData\Oracle\Java\javapath;C:\windows\system32;C:\windows;C:\windows\System32\Wbem;C:\windows\System32\WindowsPowerShell\v1.0\;C:\Program Files (x86)\Brackets\command;.
Nov 17, 2015 8:40:17 AM org.apache.coyote.AbstractProtocol init
INFO: Initializing ProtocolHandler ["http-bio-80"]
Nov 17, 2015 8:40:17 AM org.apache.coyote.AbstractProtocol init
INFO: Initializing ProtocolHandler ["ajp-bio-8009"]
Nov 17, 2015 8:40:17 AM org.apache.catalina.startup.Catalina load
INFO: Initialization processed in 336 ms
Nov 17, 2015 8:40:17 AM org.apache.catalina.core.StandardService startInternal
INFO: Starting service Catalina
Nov 17, 2015 8:40:17 AM org.apache.catalina.core.StandardEngine startInternal
INFO: Starting Servlet Engine: Apache Tomcat/7.0.42
Nov 17, 2015 8:40:17 AM org.apache.catalina.startup.HostConfig deployDescriptor
INFO: Deploying configuration descriptor E:\WebPortal\liferay-portal-6.2-ce\tomcat-7.0.42\conf\Catalina\localhost\ROOT.xml
Nov 17, 2015 8:40:46 AM org.apache.catalina.startup.HostConfig deployDescriptor
INFO: Deploying configuration descriptor E:\WebPortal\liferay-portal-6.2-ce\tomcat-7.0.42\conf\Catalina\localhost\WebPortal-portlet.xml
Nov 17, 2015 8:40:46 AM org.apache.catalina.startup.HostConfig deployDescriptor
WARNING: A docBase E:\WebPortal\liferay-portal-6.2-ce\tomcat-7.0.42\webapps\WebPortal-portlet inside the host appBase has been specified, and will be ignored
Nov 17, 2015 8:40:46 AM org.apache.catalina.startup.SetContextPropertiesRule begin
WARNING: [SetContextPropertiesRule]{Context} Setting property 'source' to 'org.eclipse.jst.jee.server:WebPortal-portlet' did not find a matching property.
Nov 17, 2015 8:40:46 AM org.apache.catalina.startup.HostConfig deployDirectory
INFO: Deploying web application directory E:\WebPortal\liferay-portal-6.2-ce\tomcat-7.0.42\webapps\calendar-portlet
Nov 17, 2015 8:40:48 AM org.apache.catalina.startup.HostConfig deployDirectory
INFO: Deploying web application directory E:\WebPortal\liferay-portal-6.2-ce\tomcat-7.0.42\webapps\kaleo-web
Nov 17, 2015 8:40:51 AM org.apache.catalina.startup.HostConfig deployDirectory
INFO: Deploying web application directory E:\WebPortal\liferay-portal-6.2-ce\tomcat-7.0.42\webapps\marketplace-portlet
Nov 17, 2015 8:40:56 AM org.apache.catalina.startup.HostConfig deployDirectory
INFO: Deploying web application directory E:\WebPortal\liferay-portal-6.2-ce\tomcat-7.0.42\webapps\notifications-portlet
Nov 17, 2015 8:40:58 AM org.apache.catalina.startup.HostConfig deployDirectory
INFO: Deploying web application directory E:\WebPortal\liferay-portal-6.2-ce\tomcat-7.0.42\webapps\opensocial-portlet
Nov 17, 2015 8:41:02 AM org.apache.catalina.startup.HostConfig deployDirectory
INFO: Deploying web application directory E:\WebPortal\liferay-portal-6.2-ce\tomcat-7.0.42\webapps\resources-importer-web
Nov 17, 2015 8:41:03 AM org.apache.shindig.config.JsonContainerConfig loadContainers
INFO: Loading resources from: containers/default/container.js
Nov 17, 2015 8:41:03 AM org.apache.shindig.config.JsonContainerConfig loadResources
INFO: Reading container config: containers/default/container.js
Nov 17, 2015 8:41:03 AM org.apache.catalina.startup.HostConfig deployDirectory
INFO: Deploying web application directory E:\WebPortal\liferay-portal-6.2-ce\tomcat-7.0.42\webapps\sync-web
Nov 17, 2015 8:41:03 AM org.apache.shindig.gadgets.features.FeatureRegistry register
INFO: Loading resources from: res:features-extras/features.txt
Nov 17, 2015 8:41:03 AM org.apache.shindig.common.xml.XmlUtil <clinit>
INFO: Reusing document builders
Nov 17, 2015 8:41:04 AM org.apache.catalina.startup.HostConfig deployDirectory
INFO: Deploying web application directory E:\WebPortal\liferay-portal-6.2-ce\tomcat-7.0.42\webapps\web-form-portlet
Nov 17, 2015 8:41:04 AM org.apache.shindig.gadgets.features.FeatureRegistry register
INFO: Loading resources from: res:features/features.txt
Nov 17, 2015 8:41:05 AM org.apache.catalina.startup.HostConfig deployDirectory
INFO: Deploying web application directory E:\WebPortal\liferay-portal-6.2-ce\tomcat-7.0.42\webapps\welcome-theme
Nov 17, 2015 8:41:05 AM org.apache.coyote.AbstractProtocol start
INFO: Starting ProtocolHandler ["http-bio-80"]
Nov 17, 2015 8:41:05 AM org.apache.coyote.AbstractProtocol start
INFO: Starting ProtocolHandler ["ajp-bio-8009"]
Nov 17, 2015 8:41:05 AM org.apache.catalina.startup.Catalina start
INFO: Server startup in 47902 ms
Nov 17, 2015 8:41:10 AM org.apache.shindig.gadgets.servlet.CajaContentRewriter <init>
INFO: Cajoled cache createdorg.apache.shindig.common.cache.ehcache.EhConfiguredCache@5a4e2f79
Nov 17, 2015 8:41:10 AM org.apache.shindig.gadgets.servlet.CajaContentRewriter <init>
INFO: Cajoled cache createdorg.apache.shindig.common.cache.ehcache.EhConfiguredCache@5a4e2f79
Nov 17, 2015 8:41:10 AM org.apache.shindig.gadgets.oauth.OAuthModule$OAuthCrypterProvider <init>
INFO: Using random key for OAuth client-side state encryption
Nov 17, 2015 8:43:06 AM org.apache.catalina.core.AprLifecycleListener init
INFO: The APR based Apache Tomcat Native library which allows optimal performance in production environments was not found on the java.library.path: E:\WebPortal\eclipse\Java\jre7\bin;C:\windows\Sun\Java\bin;C:\windows\system32;C:\windows;C:\ProgramData\Oracle\Java\javapath;C:\windows\system32;C:\windows;C:\windows\System32\Wbem;C:\windows\System32\WindowsPowerShell\v1.0\;C:\Program Files (x86)\Brackets\command;.
Nov 17, 2015 8:43:06 AM org.apache.coyote.AbstractProtocol init
INFO: Initializing ProtocolHandler ["http-bio-80"]
Nov 17, 2015 8:43:06 AM org.apache.coyote.AbstractProtocol init
INFO: Initializing ProtocolHandler ["ajp-bio-8009"]
Nov 17, 2015 8:43:06 AM org.apache.catalina.startup.Catalina load
INFO: Initialization processed in 334 ms
Nov 17, 2015 8:43:06 AM org.apache.catalina.core.StandardService startInternal
INFO: Starting service Catalina
Nov 17, 2015 8:43:06 AM org.apache.catalina.core.StandardEngine startInternal
INFO: Starting Servlet Engine: Apache Tomcat/7.0.42
Nov 17, 2015 8:43:06 AM org.apache.catalina.startup.HostConfig deployDescriptor
INFO: Deploying configuration descriptor E:\WebPortal\liferay-portal-6.2-ce\tomcat-7.0.42\conf\Catalina\localhost\ROOT.xml
Nov 17, 2015 8:43:35 AM org.apache.catalina.startup.HostConfig deployDirectory
INFO: Deploying web application directory E:\WebPortal\liferay-portal-6.2-ce\tomcat-7.0.42\webapps\calendar-portlet
Nov 17, 2015 8:43:37 AM org.apache.catalina.startup.HostConfig deployDirectory
INFO: Deploying web application directory E:\WebPortal\liferay-portal-6.2-ce\tomcat-7.0.42\webapps\kaleo-web
Nov 17, 2015 8:43:40 AM org.apache.catalina.startup.HostConfig deployDirectory
INFO: Deploying web application directory E:\WebPortal\liferay-portal-6.2-ce\tomcat-7.0.42\webapps\marketplace-portlet
Nov 17, 2015 8:43:44 AM org.apache.catalina.startup.HostConfig deployDirectory
INFO: Deploying web application directory E:\WebPortal\liferay-portal-6.2-ce\tomcat-7.0.42\webapps\notifications-portlet
Nov 17, 2015 8:43:46 AM org.apache.catalina.startup.HostConfig deployDirectory
INFO: Deploying web application directory E:\WebPortal\liferay-portal-6.2-ce\tomcat-7.0.42\webapps\opensocial-portlet
Nov 17, 2015 8:43:50 AM org.apache.catalina.startup.HostConfig deployDirectory
INFO: Deploying web application directory E:\WebPortal\liferay-portal-6.2-ce\tomcat-7.0.42\webapps\resources-importer-web
Nov 17, 2015 8:43:51 AM org.apache.shindig.config.JsonContainerConfig loadContainers
INFO: Loading resources from: containers/default/container.js
Nov 17, 2015 8:43:51 AM org.apache.shindig.config.JsonContainerConfig loadResources
INFO: Reading container config: containers/default/container.js
Nov 17, 2015 8:43:51 AM org.apache.catalina.startup.HostConfig deployDirectory
INFO: Deploying web application directory E:\WebPortal\liferay-portal-6.2-ce\tomcat-7.0.42\webapps\sync-web
Nov 17, 2015 8:43:51 AM org.apache.shindig.gadgets.features.FeatureRegistry register
INFO: Loading resources from: res:features-extras/features.txt
Nov 17, 2015 8:43:51 AM org.apache.shindig.common.xml.XmlUtil <clinit>
INFO: Reusing document builders
Nov 17, 2015 8:43:51 AM org.apache.shindig.gadgets.features.FeatureRegistry register
INFO: Loading resources from: res:features/features.txt
Nov 17, 2015 8:43:52 AM org.apache.shindig.gadgets.servlet.CajaContentRewriter <init>
INFO: Cajoled cache createdorg.apache.shindig.common.cache.ehcache.EhConfiguredCache@65376872
Nov 17, 2015 8:43:52 AM org.apache.shindig.gadgets.servlet.CajaContentRewriter <init>
INFO: Cajoled cache createdorg.apache.shindig.common.cache.ehcache.EhConfiguredCache@65376872
Nov 17, 2015 8:43:52 AM org.apache.shindig.gadgets.oauth.OAuthModule$OAuthCrypterProvider <init>
INFO: Using random key for OAuth client-side state encryption
Nov 17, 2015 8:43:52 AM org.apache.catalina.startup.HostConfig deployDirectory
INFO: Deploying web application directory E:\WebPortal\liferay-portal-6.2-ce\tomcat-7.0.42\webapps\web-form-portlet
Nov 17, 2015 8:43:53 AM org.apache.catalina.startup.HostConfig deployDirectory
INFO: Deploying web application directory E:\WebPortal\liferay-portal-6.2-ce\tomcat-7.0.42\webapps\WebPortal-portlet
Nov 17, 2015 8:43:56 AM org.apache.catalina.startup.HostConfig deployDirectory
INFO: Deploying web application directory E:\WebPortal\liferay-portal-6.2-ce\tomcat-7.0.42\webapps\welcome-theme
Nov 17, 2015 8:43:56 AM org.apache.coyote.AbstractProtocol start
INFO: Starting ProtocolHandler ["http-bio-80"]
Nov 17, 2015 8:43:56 AM org.apache.coyote.AbstractProtocol start
INFO: Starting ProtocolHandler ["ajp-bio-8009"]
Nov 17, 2015 8:43:56 AM org.apache.catalina.startup.Catalina start
INFO: Server startup in 49985 ms
Nov 17, 2015 9:15:43 AM org.apache.catalina.core.StandardServer await
INFO: A valid shutdown command was received via the shutdown port. Stopping the Server instance.
Nov 17, 2015 9:15:43 AM org.apache.coyote.AbstractProtocol pause
INFO: Pausing ProtocolHandler ["http-bio-80"]
Nov 17, 2015 9:15:43 AM org.apache.coyote.AbstractProtocol pause
INFO: Pausing ProtocolHandler ["ajp-bio-8009"]
Nov 17, 2015 9:15:43 AM org.apache.catalina.core.StandardService stopInternal
INFO: Stopping service Catalina
Nov 17, 2015 9:15:45 AM org.apache.catalina.loader.WebappClassLoader clearReferencesThreads
SEVERE: The web application [] appears to have started a thread named [org.python.google.common.base.internal.Finalizer] but has failed to stop it. This is very likely to create a memory leak.
Nov 17, 2015 9:15:46 AM org.apache.coyote.AbstractProtocol stop
INFO: Stopping ProtocolHandler ["http-bio-80"]
Nov 17, 2015 9:15:46 AM org.apache.coyote.AbstractProtocol stop
INFO: Stopping ProtocolHandler ["ajp-bio-8009"]
Nov 17, 2015 9:15:46 AM org.apache.coyote.AbstractProtocol destroy
INFO: Destroying ProtocolHandler ["http-bio-80"]
Nov 17, 2015 9:15:46 AM org.apache.coyote.AbstractProtocol destroy
INFO: Destroying ProtocolHandler ["ajp-bio-8009"]
Nov 17, 2015 9:15:47 AM org.apache.catalina.core.AprLifecycleListener init
INFO: The APR based Apache Tomcat Native library which allows optimal performance in production environments was not found on the java.library.path: E:\WebPortal\eclipse\Java\jre7\bin;C:\windows\Sun\Java\bin;C:\windows\system32;C:\windows;C:\ProgramData\Oracle\Java\javapath;C:\windows\system32;C:\windows;C:\windows\System32\Wbem;C:\windows\System32\WindowsPowerShell\v1.0\;C:\Program Files (x86)\Brackets\command;.
Nov 17, 2015 9:15:47 AM org.apache.coyote.AbstractProtocol init
INFO: Initializing ProtocolHandler ["http-bio-80"]
Nov 17, 2015 9:15:47 AM org.apache.coyote.AbstractProtocol init
INFO: Initializing ProtocolHandler ["ajp-bio-8009"]
Nov 17, 2015 9:15:47 AM org.apache.catalina.startup.Catalina load
INFO: Initialization processed in 338 ms
Nov 17, 2015 9:15:47 AM org.apache.catalina.core.StandardService startInternal
INFO: Starting service Catalina
Nov 17, 2015 9:15:47 AM org.apache.catalina.core.StandardEngine startInternal
INFO: Starting Servlet Engine: Apache Tomcat/7.0.42
Nov 17, 2015 9:15:47 AM org.apache.catalina.startup.HostConfig deployDescriptor
INFO: Deploying configuration descriptor E:\WebPortal\liferay-portal-6.2-ce\tomcat-7.0.42\conf\Catalina\localhost\ROOT.xml
Nov 17, 2015 9:16:17 AM org.apache.catalina.startup.HostConfig deployDescriptor
INFO: Deploying configuration descriptor E:\WebPortal\liferay-portal-6.2-ce\tomcat-7.0.42\conf\Catalina\localhost\WebPortal-portlet.xml
Nov 17, 2015 9:16:17 AM org.apache.catalina.startup.HostConfig deployDescriptor
WARNING: A docBase E:\WebPortal\liferay-portal-6.2-ce\tomcat-7.0.42\webapps\WebPortal-portlet inside the host appBase has been specified, and will be ignored
Nov 17, 2015 9:16:17 AM org.apache.catalina.startup.SetContextPropertiesRule begin
WARNING: [SetContextPropertiesRule]{Context} Setting property 'source' to 'org.eclipse.jst.jee.server:WebPortal-portlet' did not find a matching property.
Nov 17, 2015 9:16:17 AM org.apache.catalina.startup.HostConfig deployDirectory
INFO: Deploying web application directory E:\WebPortal\liferay-portal-6.2-ce\tomcat-7.0.42\webapps\calendar-portlet
Nov 17, 2015 9:16:19 AM org.apache.catalina.startup.HostConfig deployDirectory
INFO: Deploying web application directory E:\WebPortal\liferay-portal-6.2-ce\tomcat-7.0.42\webapps\kaleo-web
Nov 17, 2015 9:16:22 AM org.apache.catalina.startup.HostConfig deployDirectory
INFO: Deploying web application directory E:\WebPortal\liferay-portal-6.2-ce\tomcat-7.0.42\webapps\marketplace-portlet
Nov 17, 2015 9:16:27 AM org.apache.catalina.startup.HostConfig deployDirectory
INFO: Deploying web application directory E:\WebPortal\liferay-portal-6.2-ce\tomcat-7.0.42\webapps\notifications-portlet
Nov 17, 2015 9:16:29 AM org.apache.catalina.startup.HostConfig deployDirectory
INFO: Deploying web application directory E:\WebPortal\liferay-portal-6.2-ce\tomcat-7.0.42\webapps\opensocial-portlet
Nov 17, 2015 9:16:32 AM org.apache.catalina.startup.HostConfig deployDirectory
INFO: Deploying web application directory E:\WebPortal\liferay-portal-6.2-ce\tomcat-7.0.42\webapps\resources-importer-web
Nov 17, 2015 9:16:33 AM org.apache.shindig.config.JsonContainerConfig loadContainers
INFO: Loading resources from: containers/default/container.js
Nov 17, 2015 9:16:33 AM org.apache.shindig.config.JsonContainerConfig loadResources
INFO: Reading container config: containers/default/container.js
Nov 17, 2015 9:16:33 AM org.apache.shindig.gadgets.features.FeatureRegistry register
INFO: Loading resources from: res:features-extras/features.txt
Nov 17, 2015 9:16:33 AM org.apache.catalina.startup.HostConfig deployDirectory
INFO: Deploying web application directory E:\WebPortal\liferay-portal-6.2-ce\tomcat-7.0.42\webapps\sync-web
Nov 17, 2015 9:16:33 AM org.apache.shindig.common.xml.XmlUtil <clinit>
INFO: Reusing document builders
Nov 17, 2015 9:16:34 AM org.apache.catalina.startup.HostConfig deployDirectory
INFO: Deploying web application directory E:\WebPortal\liferay-portal-6.2-ce\tomcat-7.0.42\webapps\web-form-portlet
Nov 17, 2015 9:16:34 AM org.apache.shindig.gadgets.features.FeatureRegistry register
INFO: Loading resources from: res:features/features.txt
Nov 17, 2015 9:16:35 AM org.apache.catalina.startup.HostConfig deployDirectory
INFO: Deploying web application directory E:\WebPortal\liferay-portal-6.2-ce\tomcat-7.0.42\webapps\welcome-theme
Nov 17, 2015 9:16:36 AM org.apache.coyote.AbstractProtocol start
INFO: Starting ProtocolHandler ["http-bio-80"]
Nov 17, 2015 9:16:36 AM org.apache.coyote.AbstractProtocol start
INFO: Starting ProtocolHandler ["ajp-bio-8009"]
Nov 17, 2015 9:16:36 AM org.apache.catalina.startup.Catalina start
INFO: Server startup in 48473 ms
Nov 17, 2015 9:16:40 AM org.apache.shindig.gadgets.servlet.CajaContentRewriter <init>
INFO: Cajoled cache createdorg.apache.shindig.common.cache.ehcache.EhConfiguredCache@617c83a6
Nov 17, 2015 9:16:40 AM org.apache.shindig.gadgets.servlet.CajaContentRewriter <init>
INFO: Cajoled cache createdorg.apache.shindig.common.cache.ehcache.EhConfiguredCache@617c83a6
Nov 17, 2015 9:16:40 AM org.apache.shindig.gadgets.oauth.OAuthModule$OAuthCrypterProvider <init>
INFO: Using random key for OAuth client-side state encryption
Nov 17, 2015 9:27:35 AM org.apache.catalina.core.StandardServer await
INFO: A valid shutdown command was received via the shutdown port. Stopping the Server instance.
Nov 17, 2015 9:27:35 AM org.apache.coyote.AbstractProtocol pause
INFO: Pausing ProtocolHandler ["http-bio-80"]
Nov 17, 2015 9:27:35 AM org.apache.coyote.AbstractProtocol pause
INFO: Pausing ProtocolHandler ["ajp-bio-8009"]
Nov 17, 2015 9:27:35 AM org.apache.catalina.core.StandardService stopInternal
INFO: Stopping service Catalina
Nov 17, 2015 9:27:37 AM org.apache.catalina.loader.WebappClassLoader clearReferencesThreads
SEVERE: The web application [] appears to have started a thread named [org.python.google.common.base.internal.Finalizer] but has failed to stop it. This is very likely to create a memory leak.
Nov 17, 2015 9:27:38 AM org.apache.coyote.AbstractProtocol stop
INFO: Stopping ProtocolHandler ["http-bio-80"]
Nov 17, 2015 9:27:38 AM org.apache.coyote.AbstractProtocol stop
INFO: Stopping ProtocolHandler ["ajp-bio-8009"]
Nov 17, 2015 9:27:38 AM org.apache.coyote.AbstractProtocol destroy
INFO: Destroying ProtocolHandler ["http-bio-80"]
Nov 17, 2015 9:27:38 AM org.apache.coyote.AbstractProtocol destroy
INFO: Destroying ProtocolHandler ["ajp-bio-8009"]
Nov 17, 2015 9:28:04 AM org.apache.catalina.core.AprLifecycleListener init
INFO: The APR based Apache Tomcat Native library which allows optimal performance in production environments was not found on the java.library.path: E:\WebPortal\eclipse\Java\jre7\bin;C:\windows\Sun\Java\bin;C:\windows\system32;C:\windows;C:\ProgramData\Oracle\Java\javapath;C:\windows\system32;C:\windows;C:\windows\System32\Wbem;C:\windows\System32\WindowsPowerShell\v1.0\;C:\Program Files (x86)\Brackets\command;.
Nov 17, 2015 9:28:04 AM org.apache.coyote.AbstractProtocol init
INFO: Initializing ProtocolHandler ["http-bio-80"]
Nov 17, 2015 9:28:04 AM org.apache.coyote.AbstractProtocol init
INFO: Initializing ProtocolHandler ["ajp-bio-8009"]
Nov 17, 2015 9:28:04 AM org.apache.catalina.startup.Catalina load
INFO: Initialization processed in 325 ms
Nov 17, 2015 9:28:04 AM org.apache.catalina.core.StandardService startInternal
INFO: Starting service Catalina
Nov 17, 2015 9:28:04 AM org.apache.catalina.core.StandardEngine startInternal
INFO: Starting Servlet Engine: Apache Tomcat/7.0.42
Nov 17, 2015 9:28:04 AM org.apache.catalina.startup.HostConfig deployDescriptor
INFO: Deploying configuration descriptor E:\WebPortal\liferay-portal-6.2-ce\tomcat-7.0.42\conf\Catalina\localhost\ROOT.xml
Nov 17, 2015 9:28:32 AM org.apache.catalina.startup.HostConfig deployDescriptor
INFO: Deploying configuration descriptor E:\WebPortal\liferay-portal-6.2-ce\tomcat-7.0.42\conf\Catalina\localhost\WebPortal-portlet.xml
Nov 17, 2015 9:28:32 AM org.apache.catalina.startup.HostConfig deployDescriptor
WARNING: A docBase E:\WebPortal\liferay-portal-6.2-ce\tomcat-7.0.42\webapps\WebPortal-portlet inside the host appBase has been specified, and will be ignored
Nov 17, 2015 9:28:32 AM org.apache.catalina.startup.SetContextPropertiesRule begin
WARNING: [SetContextPropertiesRule]{Context} Setting property 'source' to 'org.eclipse.jst.jee.server:WebPortal-portlet' did not find a matching property.
Nov 17, 2015 9:28:33 AM org.apache.catalina.startup.HostConfig deployDirectory
INFO: Deploying web application directory E:\WebPortal\liferay-portal-6.2-ce\tomcat-7.0.42\webapps\calendar-portlet
Nov 17, 2015 9:28:35 AM org.apache.catalina.startup.HostConfig deployDirectory
INFO: Deploying web application directory E:\WebPortal\liferay-portal-6.2-ce\tomcat-7.0.42\webapps\kaleo-web
Nov 17, 2015 9:28:37 AM org.apache.catalina.startup.HostConfig deployDirectory
INFO: Deploying web application directory E:\WebPortal\liferay-portal-6.2-ce\tomcat-7.0.42\webapps\marketplace-portlet
Nov 17, 2015 9:28:42 AM org.apache.catalina.startup.HostConfig deployDirectory
INFO: Deploying web application directory E:\WebPortal\liferay-portal-6.2-ce\tomcat-7.0.42\webapps\notifications-portlet
Nov 17, 2015 9:28:44 AM org.apache.catalina.startup.HostConfig deployDirectory
INFO: Deploying web application directory E:\WebPortal\liferay-portal-6.2-ce\tomcat-7.0.42\webapps\opensocial-portlet
Nov 17, 2015 9:28:48 AM org.apache.catalina.startup.HostConfig deployDirectory
INFO: Deploying web application directory E:\WebPortal\liferay-portal-6.2-ce\tomcat-7.0.42\webapps\resources-importer-web
Nov 17, 2015 9:28:48 AM org.apache.shindig.config.JsonContainerConfig loadContainers
INFO: Loading resources from: containers/default/container.js
Nov 17, 2015 9:28:48 AM org.apache.shindig.config.JsonContainerConfig loadResources
INFO: Reading container config: containers/default/container.js
Nov 17, 2015 9:28:48 AM org.apache.shindig.gadgets.features.FeatureRegistry register
INFO: Loading resources from: res:features-extras/features.txt
Nov 17, 2015 9:28:49 AM org.apache.catalina.startup.HostConfig deployDirectory
INFO: Deploying web application directory E:\WebPortal\liferay-portal-6.2-ce\tomcat-7.0.42\webapps\sync-web
Nov 17, 2015 9:28:49 AM org.apache.shindig.common.xml.XmlUtil <clinit>
INFO: Reusing document builders
Nov 17, 2015 9:28:49 AM org.apache.catalina.startup.HostConfig deployDirectory
INFO: Deploying web application directory E:\WebPortal\liferay-portal-6.2-ce\tomcat-7.0.42\webapps\web-form-portlet
Nov 17, 2015 9:28:50 AM org.apache.shindig.gadgets.features.FeatureRegistry register
INFO: Loading resources from: res:features/features.txt
Nov 17, 2015 9:28:50 AM org.apache.catalina.startup.HostConfig deployDirectory
INFO: Deploying web application directory E:\WebPortal\liferay-portal-6.2-ce\tomcat-7.0.42\webapps\welcome-theme
Nov 17, 2015 9:28:51 AM org.apache.coyote.AbstractProtocol start
INFO: Starting ProtocolHandler ["http-bio-80"]
Nov 17, 2015 9:28:51 AM org.apache.coyote.AbstractProtocol start
INFO: Starting ProtocolHandler ["ajp-bio-8009"]
Nov 17, 2015 9:28:51 AM org.apache.catalina.startup.Catalina start
INFO: Server startup in 46780 ms
Nov 17, 2015 9:28:56 AM org.apache.shindig.gadgets.servlet.CajaContentRewriter <init>
INFO: Cajoled cache createdorg.apache.shindig.common.cache.ehcache.EhConfiguredCache@3d8e3b1f
Nov 17, 2015 9:28:56 AM org.apache.shindig.gadgets.servlet.CajaContentRewriter <init>
INFO: Cajoled cache createdorg.apache.shindig.common.cache.ehcache.EhConfiguredCache@3d8e3b1f
Nov 17, 2015 9:28:56 AM org.apache.shindig.gadgets.oauth.OAuthModule$OAuthCrypterProvider <init>
INFO: Using random key for OAuth client-side state encryption
Nov 17, 2015 9:37:52 AM org.apache.catalina.core.StandardContext reload
INFO: Reloading Context with name [/WebPortal-portlet] has started
Nov 17, 2015 9:37:53 AM org.apache.catalina.core.StandardContext reload
INFO: Reloading Context with name [/WebPortal-portlet] is completed
Nov 17, 2015 9:58:39 AM org.apache.catalina.core.AprLifecycleListener init
INFO: The APR based Apache Tomcat Native library which allows optimal performance in production environments was not found on the java.library.path: E:\WebPortal\eclipse\Java\jre7\bin;C:\windows\Sun\Java\bin;C:\windows\system32;C:\windows;C:\ProgramData\Oracle\Java\javapath;C:\windows\system32;C:\windows;C:\windows\System32\Wbem;C:\windows\System32\WindowsPowerShell\v1.0\;C:\Program Files (x86)\Brackets\command;.
Nov 17, 2015 9:58:39 AM org.apache.coyote.AbstractProtocol init
INFO: Initializing ProtocolHandler ["http-bio-80"]
Nov 17, 2015 9:58:39 AM org.apache.coyote.AbstractProtocol init
INFO: Initializing ProtocolHandler ["ajp-bio-8009"]
Nov 17, 2015 9:58:39 AM org.apache.catalina.startup.Catalina load
INFO: Initialization processed in 328 ms
Nov 17, 2015 9:58:39 AM org.apache.catalina.core.StandardService startInternal
INFO: Starting service Catalina
Nov 17, 2015 9:58:39 AM org.apache.catalina.core.StandardEngine startInternal
INFO: Starting Servlet Engine: Apache Tomcat/7.0.42
Nov 17, 2015 9:58:39 AM org.apache.catalina.startup.HostConfig deployDescriptor
INFO: Deploying configuration descriptor E:\WebPortal\liferay-portal-6.2-ce\tomcat-7.0.42\conf\Catalina\localhost\ROOT.xml
Nov 17, 2015 9:59:07 AM org.apache.catalina.startup.HostConfig deployDescriptor
INFO: Deploying configuration descriptor E:\WebPortal\liferay-portal-6.2-ce\tomcat-7.0.42\conf\Catalina\localhost\WebPortal-portlet.xml
Nov 17, 2015 9:59:07 AM org.apache.catalina.startup.HostConfig deployDescriptor
WARNING: A docBase E:\WebPortal\liferay-portal-6.2-ce\tomcat-7.0.42\webapps\WebPortal-portlet inside the host appBase has been specified, and will be ignored
Nov 17, 2015 9:59:07 AM org.apache.catalina.startup.SetContextPropertiesRule begin
WARNING: [SetContextPropertiesRule]{Context} Setting property 'source' to 'org.eclipse.jst.jee.server:WebPortal-portlet' did not find a matching property.
Nov 17, 2015 9:59:07 AM org.apache.catalina.startup.HostConfig deployDirectory
INFO: Deploying web application directory E:\WebPortal\liferay-portal-6.2-ce\tomcat-7.0.42\webapps\calendar-portlet
Nov 17, 2015 9:59:09 AM org.apache.catalina.startup.HostConfig deployDirectory
INFO: Deploying web application directory E:\WebPortal\liferay-portal-6.2-ce\tomcat-7.0.42\webapps\kaleo-web
Nov 17, 2015 9:59:12 AM org.apache.catalina.startup.HostConfig deployDirectory
INFO: Deploying web application directory E:\WebPortal\liferay-portal-6.2-ce\tomcat-7.0.42\webapps\marketplace-portlet
Nov 17, 2015 9:59:18 AM org.apache.catalina.startup.HostConfig deployDirectory
INFO: Deploying web application directory E:\WebPortal\liferay-portal-6.2-ce\tomcat-7.0.42\webapps\notifications-portlet
Nov 17, 2015 9:59:20 AM org.apache.catalina.startup.HostConfig deployDirectory
INFO: Deploying web application directory E:\WebPortal\liferay-portal-6.2-ce\tomcat-7.0.42\webapps\opensocial-portlet
Nov 17, 2015 9:59:24 AM org.apache.catalina.startup.HostConfig deployDirectory
INFO: Deploying web application directory E:\WebPortal\liferay-portal-6.2-ce\tomcat-7.0.42\webapps\resources-importer-web
Nov 17, 2015 9:59:25 AM org.apache.shindig.config.JsonContainerConfig loadContainers
INFO: Loading resources from: containers/default/container.js
Nov 17, 2015 9:59:25 AM org.apache.shindig.config.JsonContainerConfig loadResources
INFO: Reading container config: containers/default/container.js
Nov 17, 2015 9:59:25 AM org.apache.catalina.startup.HostConfig deployDirectory
INFO: Deploying web application directory E:\WebPortal\liferay-portal-6.2-ce\tomcat-7.0.42\webapps\sync-web
Nov 17, 2015 9:59:25 AM org.apache.shindig.gadgets.features.FeatureRegistry register
INFO: Loading resources from: res:features-extras/features.txt
Nov 17, 2015 9:59:25 AM org.apache.shindig.common.xml.XmlUtil <clinit>
INFO: Reusing document builders
Nov 17, 2015 9:59:25 AM org.apache.shindig.gadgets.features.FeatureRegistry register
INFO: Loading resources from: res:features/features.txt
Nov 17, 2015 9:59:26 AM org.apache.shindig.gadgets.servlet.CajaContentRewriter <init>
INFO: Cajoled cache createdorg.apache.shindig.common.cache.ehcache.EhConfiguredCache@5a17a041
Nov 17, 2015 9:59:26 AM org.apache.shindig.gadgets.servlet.CajaContentRewriter <init>
INFO: Cajoled cache createdorg.apache.shindig.common.cache.ehcache.EhConfiguredCache@5a17a041
Nov 17, 2015 9:59:26 AM org.apache.shindig.gadgets.oauth.OAuthModule$OAuthCrypterProvider <init>
INFO: Using random key for OAuth client-side state encryption
Nov 17, 2015 9:59:26 AM org.apache.catalina.startup.HostConfig deployDirectory
INFO: Deploying web application directory E:\WebPortal\liferay-portal-6.2-ce\tomcat-7.0.42\webapps\web-form-portlet
Nov 17, 2015 9:59:27 AM org.apache.catalina.startup.HostConfig deployDirectory
INFO: Deploying web application directory E:\WebPortal\liferay-portal-6.2-ce\tomcat-7.0.42\webapps\welcome-theme
Nov 17, 2015 9:59:28 AM org.apache.coyote.AbstractProtocol start
INFO: Starting ProtocolHandler ["http-bio-80"]
Nov 17, 2015 9:59:28 AM org.apache.coyote.AbstractProtocol start
INFO: Starting ProtocolHandler ["ajp-bio-8009"]
Nov 17, 2015 9:59:28 AM org.apache.catalina.startup.Catalina start
INFO: Server startup in 48306 ms
Nov 17, 2015 10:00:58 AM org.apache.catalina.core.StandardContext reload
INFO: Reloading Context with name [/WebPortal-portlet] has started
Nov 17, 2015 10:00:59 AM org.apache.catalina.core.StandardContext reload
INFO: Reloading Context with name [/WebPortal-portlet] is completed
Nov 17, 2015 10:15:38 AM org.apache.catalina.core.AprLifecycleListener init
INFO: The APR based Apache Tomcat Native library which allows optimal performance in production environments was not found on the java.library.path: E:\WebPortal\eclipse\Java\jre7\bin;C:\windows\Sun\Java\bin;C:\windows\system32;C:\windows;C:\ProgramData\Oracle\Java\javapath;C:\windows\system32;C:\windows;C:\windows\System32\Wbem;C:\windows\System32\WindowsPowerShell\v1.0\;C:\Program Files (x86)\Brackets\command;.
Nov 17, 2015 10:15:38 AM org.apache.coyote.AbstractProtocol init
INFO: Initializing ProtocolHandler ["http-bio-80"]
Nov 17, 2015 10:15:38 AM org.apache.coyote.AbstractProtocol init
INFO: Initializing ProtocolHandler ["ajp-bio-8009"]
Nov 17, 2015 10:15:38 AM org.apache.catalina.startup.Catalina load
INFO: Initialization processed in 326 ms
Nov 17, 2015 10:15:38 AM org.apache.catalina.core.StandardService startInternal
INFO: Starting service Catalina
Nov 17, 2015 10:15:38 AM org.apache.catalina.core.StandardEngine startInternal
INFO: Starting Servlet Engine: Apache Tomcat/7.0.42
Nov 17, 2015 10:15:38 AM org.apache.catalina.startup.HostConfig deployDescriptor
INFO: Deploying configuration descriptor E:\WebPortal\liferay-portal-6.2-ce\tomcat-7.0.42\conf\Catalina\localhost\ROOT.xml
Nov 17, 2015 10:16:30 AM org.apache.catalina.core.AprLifecycleListener init
INFO: The APR based Apache Tomcat Native library which allows optimal performance in production environments was not found on the java.library.path: E:\WebPortal\eclipse\Java\jre7\bin;C:\windows\Sun\Java\bin;C:\windows\system32;C:\windows;C:\ProgramData\Oracle\Java\javapath;C:\windows\system32;C:\windows;C:\windows\System32\Wbem;C:\windows\System32\WindowsPowerShell\v1.0\;C:\Program Files (x86)\Brackets\command;.
Nov 17, 2015 10:16:30 AM org.apache.coyote.AbstractProtocol init
INFO: Initializing ProtocolHandler ["http-bio-80"]
Nov 17, 2015 10:16:30 AM org.apache.coyote.AbstractProtocol init
INFO: Initializing ProtocolHandler ["ajp-bio-8009"]
Nov 17, 2015 10:16:30 AM org.apache.catalina.startup.Catalina load
INFO: Initialization processed in 331 ms
Nov 17, 2015 10:16:30 AM org.apache.catalina.core.StandardService startInternal
INFO: Starting service Catalina
Nov 17, 2015 10:16:30 AM org.apache.catalina.core.StandardEngine startInternal
INFO: Starting Servlet Engine: Apache Tomcat/7.0.42
Nov 17, 2015 10:16:30 AM org.apache.catalina.startup.HostConfig deployDescriptor
INFO: Deploying configuration descriptor E:\WebPortal\liferay-portal-6.2-ce\tomcat-7.0.42\conf\Catalina\localhost\ROOT.xml
Nov 17, 2015 10:16:57 AM org.apache.catalina.startup.HostConfig deployDescriptor
INFO: Deploying configuration descriptor E:\WebPortal\liferay-portal-6.2-ce\tomcat-7.0.42\conf\Catalina\localhost\WebPortal-portlet.xml
Nov 17, 2015 10:16:57 AM org.apache.catalina.startup.HostConfig deployDescriptor
WARNING: A docBase E:\WebPortal\liferay-portal-6.2-ce\tomcat-7.0.42\webapps\WebPortal-portlet inside the host appBase has been specified, and will be ignored
Nov 17, 2015 10:16:57 AM org.apache.catalina.startup.SetContextPropertiesRule begin
WARNING: [SetContextPropertiesRule]{Context} Setting property 'source' to 'org.eclipse.jst.jee.server:WebPortal-portlet' did not find a matching property.
Nov 17, 2015 10:16:58 AM org.apache.catalina.startup.HostConfig deployDirectory
INFO: Deploying web application directory E:\WebPortal\liferay-portal-6.2-ce\tomcat-7.0.42\webapps\calendar-portlet
Nov 17, 2015 10:17:00 AM org.apache.catalina.startup.HostConfig deployDirectory
INFO: Deploying web application directory E:\WebPortal\liferay-portal-6.2-ce\tomcat-7.0.42\webapps\kaleo-web
Nov 17, 2015 10:17:03 AM org.apache.catalina.startup.HostConfig deployDirectory
INFO: Deploying web application directory E:\WebPortal\liferay-portal-6.2-ce\tomcat-7.0.42\webapps\marketplace-portlet
Nov 17, 2015 10:17:08 AM org.apache.catalina.startup.HostConfig deployDirectory
INFO: Deploying web application directory E:\WebPortal\liferay-portal-6.2-ce\tomcat-7.0.42\webapps\notifications-portlet
Nov 17, 2015 10:17:10 AM org.apache.catalina.startup.HostConfig deployDirectory
INFO: Deploying web application directory E:\WebPortal\liferay-portal-6.2-ce\tomcat-7.0.42\webapps\opensocial-portlet
Nov 17, 2015 10:17:14 AM org.apache.catalina.startup.HostConfig deployDirectory
INFO: Deploying web application directory E:\WebPortal\liferay-portal-6.2-ce\tomcat-7.0.42\webapps\resources-importer-web
Nov 17, 2015 10:17:14 AM org.apache.shindig.config.JsonContainerConfig loadContainers
INFO: Loading resources from: containers/default/container.js
Nov 17, 2015 10:17:14 AM org.apache.shindig.config.JsonContainerConfig loadResources
INFO: Reading container config: containers/default/container.js
Nov 17, 2015 10:17:14 AM org.apache.shindig.gadgets.features.FeatureRegistry register
INFO: Loading resources from: res:features-extras/features.txt
Nov 17, 2015 10:17:14 AM org.apache.shindig.common.xml.XmlUtil <clinit>
INFO: Reusing document builders
Nov 17, 2015 10:17:14 AM org.apache.catalina.startup.HostConfig deployDirectory
INFO: Deploying web application directory E:\WebPortal\liferay-portal-6.2-ce\tomcat-7.0.42\webapps\sync-web
Nov 17, 2015 10:17:14 AM org.apache.shindig.gadgets.features.FeatureRegistry register
INFO: Loading resources from: res:features/features.txt
Nov 17, 2015 10:17:15 AM org.apache.shindig.gadgets.servlet.CajaContentRewriter <init>
INFO: Cajoled cache createdorg.apache.shindig.common.cache.ehcache.EhConfiguredCache@2239ca74
Nov 17, 2015 10:17:15 AM org.apache.shindig.gadgets.servlet.CajaContentRewriter <init>
INFO: Cajoled cache createdorg.apache.shindig.common.cache.ehcache.EhConfiguredCache@2239ca74
Nov 17, 2015 10:17:15 AM org.apache.shindig.gadgets.oauth.OAuthModule$OAuthCrypterProvider <init>
INFO: Using random key for OAuth client-side state encryption
Nov 17, 2015 10:17:15 AM org.apache.catalina.startup.HostConfig deployDirectory
INFO: Deploying web application directory E:\WebPortal\liferay-portal-6.2-ce\tomcat-7.0.42\webapps\web-form-portlet
Nov 17, 2015 10:17:16 AM org.apache.catalina.startup.HostConfig deployDirectory
INFO: Deploying web application directory E:\WebPortal\liferay-portal-6.2-ce\tomcat-7.0.42\webapps\welcome-theme
Nov 17, 2015 10:17:17 AM org.apache.coyote.AbstractProtocol start
INFO: Starting ProtocolHandler ["http-bio-80"]
Nov 17, 2015 10:17:17 AM org.apache.coyote.AbstractProtocol start
INFO: Starting ProtocolHandler ["ajp-bio-8009"]
Nov 17, 2015 10:17:17 AM org.apache.catalina.startup.Catalina start
INFO: Server startup in 46739 ms
Nov 17, 2015 10:20:08 AM org.apache.catalina.core.AprLifecycleListener init
INFO: The APR based Apache Tomcat Native library which allows optimal performance in production environments was not found on the java.library.path: E:\WebPortal\eclipse\Java\jre7\bin;C:\windows\Sun\Java\bin;C:\windows\system32;C:\windows;C:\ProgramData\Oracle\Java\javapath;C:\windows\system32;C:\windows;C:\windows\System32\Wbem;C:\windows\System32\WindowsPowerShell\v1.0\;C:\Program Files (x86)\Brackets\command;.
Nov 17, 2015 10:20:08 AM org.apache.coyote.AbstractProtocol init
INFO: Initializing ProtocolHandler ["http-bio-80"]
Nov 17, 2015 10:20:08 AM org.apache.coyote.AbstractProtocol init
INFO: Initializing ProtocolHandler ["ajp-bio-8009"]
Nov 17, 2015 10:20:08 AM org.apache.catalina.startup.Catalina load
INFO: Initialization processed in 330 ms
Nov 17, 2015 10:20:08 AM org.apache.catalina.core.StandardService startInternal
INFO: Starting service Catalina
Nov 17, 2015 10:20:08 AM org.apache.catalina.core.StandardEngine startInternal
INFO: Starting Servlet Engine: Apache Tomcat/7.0.42
Nov 17, 2015 10:20:08 AM org.apache.catalina.startup.HostConfig deployDescriptor
INFO: Deploying configuration descriptor E:\WebPortal\liferay-portal-6.2-ce\tomcat-7.0.42\conf\Catalina\localhost\ROOT.xml
Nov 17, 2015 10:20:38 AM org.apache.catalina.startup.HostConfig deployDescriptor
INFO: Deploying configuration descriptor E:\WebPortal\liferay-portal-6.2-ce\tomcat-7.0.42\conf\Catalina\localhost\WebPortal-portlet.xml
Nov 17, 2015 10:20:38 AM org.apache.catalina.startup.HostConfig deployDescriptor
WARNING: A docBase E:\WebPortal\liferay-portal-6.2-ce\tomcat-7.0.42\webapps\WebPortal-portlet inside the host appBase has been specified, and will be ignored
Nov 17, 2015 10:20:38 AM org.apache.catalina.startup.SetContextPropertiesRule begin
WARNING: [SetContextPropertiesRule]{Context} Setting property 'source' to 'org.eclipse.jst.jee.server:WebPortal-portlet' did not find a matching property.
Nov 17, 2015 10:20:38 AM org.apache.catalina.startup.HostConfig deployDirectory
INFO: Deploying web application directory E:\WebPortal\liferay-portal-6.2-ce\tomcat-7.0.42\webapps\calendar-portlet
Nov 17, 2015 10:20:41 AM org.apache.catalina.startup.HostConfig deployDirectory
INFO: Deploying web application directory E:\WebPortal\liferay-portal-6.2-ce\tomcat-7.0.42\webapps\kaleo-web
Nov 17, 2015 10:20:44 AM org.apache.catalina.startup.HostConfig deployDirectory
INFO: Deploying web application directory E:\WebPortal\liferay-portal-6.2-ce\tomcat-7.0.42\webapps\marketplace-portlet
Nov 17, 2015 10:20:50 AM org.apache.catalina.startup.HostConfig deployDirectory
INFO: Deploying web application directory E:\WebPortal\liferay-portal-6.2-ce\tomcat-7.0.42\webapps\notifications-portlet
Nov 17, 2015 10:20:51 AM org.apache.catalina.startup.HostConfig deployDirectory
INFO: Deploying web application directory E:\WebPortal\liferay-portal-6.2-ce\tomcat-7.0.42\webapps\opensocial-portlet
Nov 17, 2015 10:20:57 AM org.apache.catalina.startup.HostConfig deployDirectory
INFO: Deploying web application directory E:\WebPortal\liferay-portal-6.2-ce\tomcat-7.0.42\webapps\resources-importer-web
Nov 17, 2015 10:20:57 AM org.apache.shindig.config.JsonContainerConfig loadContainers
INFO: Loading resources from: containers/default/container.js
Nov 17, 2015 10:20:57 AM org.apache.shindig.config.JsonContainerConfig loadResources
INFO: Reading container config: containers/default/container.js
Nov 17, 2015 10:20:57 AM org.apache.shindig.gadgets.features.FeatureRegistry register
INFO: Loading resources from: res:features-extras/features.txt
Nov 17, 2015 10:20:57 AM org.apache.catalina.startup.HostConfig deployDirectory
INFO: Deploying web application directory E:\WebPortal\liferay-portal-6.2-ce\tomcat-7.0.42\webapps\sync-web
Nov 17, 2015 10:20:57 AM org.apache.shindig.common.xml.XmlUtil <clinit>
INFO: Reusing document builders
Nov 17, 2015 10:20:57 AM org.apache.shindig.gadgets.features.FeatureRegistry register
INFO: Loading resources from: res:features/features.txt
Nov 17, 2015 10:20:58 AM org.apache.shindig.gadgets.servlet.CajaContentRewriter <init>
INFO: Cajoled cache createdorg.apache.shindig.common.cache.ehcache.EhConfiguredCache@4c1f5fd7
Nov 17, 2015 10:20:58 AM org.apache.shindig.gadgets.servlet.CajaContentRewriter <init>
INFO: Cajoled cache createdorg.apache.shindig.common.cache.ehcache.EhConfiguredCache@4c1f5fd7
Nov 17, 2015 10:20:58 AM org.apache.shindig.gadgets.oauth.OAuthModule$OAuthCrypterProvider <init>
INFO: Using random key for OAuth client-side state encryption
Nov 17, 2015 10:20:58 AM org.apache.catalina.startup.HostConfig deployDirectory
INFO: Deploying web application directory E:\WebPortal\liferay-portal-6.2-ce\tomcat-7.0.42\webapps\web-form-portlet
Nov 17, 2015 10:20:59 AM org.apache.catalina.startup.HostConfig deployDirectory
INFO: Deploying web application directory E:\WebPortal\liferay-portal-6.2-ce\tomcat-7.0.42\webapps\welcome-theme
Nov 17, 2015 10:21:00 AM org.apache.coyote.AbstractProtocol start
INFO: Starting ProtocolHandler ["http-bio-80"]
Nov 17, 2015 10:21:00 AM org.apache.coyote.AbstractProtocol start
INFO: Starting ProtocolHandler ["ajp-bio-8009"]
Nov 17, 2015 10:21:00 AM org.apache.catalina.startup.Catalina start
INFO: Server startup in 51513 ms
Nov 17, 2015 10:21:28 AM org.apache.catalina.core.AprLifecycleListener init
INFO: The APR based Apache Tomcat Native library which allows optimal performance in production environments was not found on the java.library.path: E:\WebPortal\eclipse\Java\jre7\bin;C:\windows\Sun\Java\bin;C:\windows\system32;C:\windows;C:\ProgramData\Oracle\Java\javapath;C:\windows\system32;C:\windows;C:\windows\System32\Wbem;C:\windows\System32\WindowsPowerShell\v1.0\;C:\Program Files (x86)\Brackets\command;.
Nov 17, 2015 10:21:29 AM org.apache.coyote.AbstractProtocol init
INFO: Initializing ProtocolHandler ["http-bio-80"]
Nov 17, 2015 10:21:29 AM org.apache.coyote.AbstractProtocol init
INFO: Initializing ProtocolHandler ["ajp-bio-8009"]
Nov 17, 2015 10:21:29 AM org.apache.catalina.startup.Catalina load
INFO: Initialization processed in 334 ms
Nov 17, 2015 10:21:29 AM org.apache.catalina.core.StandardService startInternal
INFO: Starting service Catalina
Nov 17, 2015 10:21:29 AM org.apache.catalina.core.StandardEngine startInternal
INFO: Starting Servlet Engine: Apache Tomcat/7.0.42
Nov 17, 2015 10:21:29 AM org.apache.catalina.startup.HostConfig deployDescriptor
INFO: Deploying configuration descriptor E:\WebPortal\liferay-portal-6.2-ce\tomcat-7.0.42\conf\Catalina\localhost\ROOT.xml
Nov 17, 2015 10:21:56 AM org.apache.catalina.startup.HostConfig deployDescriptor
INFO: Deploying configuration descriptor E:\WebPortal\liferay-portal-6.2-ce\tomcat-7.0.42\conf\Catalina\localhost\WebPortal-portlet.xml
Nov 17, 2015 10:21:56 AM org.apache.catalina.startup.HostConfig deployDescriptor
WARNING: A docBase E:\WebPortal\liferay-portal-6.2-ce\tomcat-7.0.42\webapps\WebPortal-portlet inside the host appBase has been specified, and will be ignored
Nov 17, 2015 10:21:56 AM org.apache.catalina.startup.SetContextPropertiesRule begin
WARNING: [SetContextPropertiesRule]{Context} Setting property 'source' to 'org.eclipse.jst.jee.server:WebPortal-portlet' did not find a matching property.
Nov 17, 2015 10:21:57 AM org.apache.catalina.startup.HostConfig deployDirectory
INFO: Deploying web application directory E:\WebPortal\liferay-portal-6.2-ce\tomcat-7.0.42\webapps\calendar-portlet
Nov 17, 2015 10:21:59 AM org.apache.catalina.startup.HostConfig deployDirectory
INFO: Deploying web application directory E:\WebPortal\liferay-portal-6.2-ce\tomcat-7.0.42\webapps\kaleo-web
Nov 17, 2015 10:22:01 AM org.apache.catalina.startup.HostConfig deployDirectory
INFO: Deploying web application directory E:\WebPortal\liferay-portal-6.2-ce\tomcat-7.0.42\webapps\marketplace-portlet
Nov 17, 2015 10:22:07 AM org.apache.catalina.startup.HostConfig deployDirectory
INFO: Deploying web application directory E:\WebPortal\liferay-portal-6.2-ce\tomcat-7.0.42\webapps\notifications-portlet
Nov 17, 2015 10:22:09 AM org.apache.catalina.startup.HostConfig deployDirectory
INFO: Deploying web application directory E:\WebPortal\liferay-portal-6.2-ce\tomcat-7.0.42\webapps\opensocial-portlet
Nov 17, 2015 10:22:12 AM org.apache.catalina.startup.HostConfig deployDirectory
INFO: Deploying web application directory E:\WebPortal\liferay-portal-6.2-ce\tomcat-7.0.42\webapps\resources-importer-web
Nov 17, 2015 10:22:12 AM org.apache.shindig.config.JsonContainerConfig loadContainers
INFO: Loading resources from: containers/default/container.js
Nov 17, 2015 10:22:12 AM org.apache.shindig.config.JsonContainerConfig loadResources
INFO: Reading container config: containers/default/container.js
Nov 17, 2015 10:22:13 AM org.apache.shindig.gadgets.features.FeatureRegistry register
INFO: Loading resources from: res:features-extras/features.txt
Nov 17, 2015 10:22:13 AM org.apache.shindig.common.xml.XmlUtil <clinit>
INFO: Reusing document builders
Nov 17, 2015 10:22:13 AM org.apache.shindig.gadgets.features.FeatureRegistry register
INFO: Loading resources from: res:features/features.txt
Nov 17, 2015 10:22:13 AM org.apache.catalina.startup.HostConfig deployDirectory
INFO: Deploying web application directory E:\WebPortal\liferay-portal-6.2-ce\tomcat-7.0.42\webapps\sync-web
Nov 17, 2015 10:22:13 AM org.apache.shindig.gadgets.servlet.CajaContentRewriter <init>
INFO: Cajoled cache createdorg.apache.shindig.common.cache.ehcache.EhConfiguredCache@513c6b06
Nov 17, 2015 10:22:13 AM org.apache.shindig.gadgets.servlet.CajaContentRewriter <init>
INFO: Cajoled cache createdorg.apache.shindig.common.cache.ehcache.EhConfiguredCache@513c6b06
Nov 17, 2015 10:22:13 AM org.apache.shindig.gadgets.oauth.OAuthModule$OAuthCrypterProvider <init>
INFO: Using random key for OAuth client-side state encryption
Nov 17, 2015 10:22:14 AM org.apache.catalina.startup.HostConfig deployDirectory
INFO: Deploying web application directory E:\WebPortal\liferay-portal-6.2-ce\tomcat-7.0.42\webapps\web-form-portlet
Nov 17, 2015 10:22:15 AM org.apache.catalina.startup.HostConfig deployDirectory
INFO: Deploying web application directory E:\WebPortal\liferay-portal-6.2-ce\tomcat-7.0.42\webapps\welcome-theme
Nov 17, 2015 10:22:16 AM org.apache.coyote.AbstractProtocol start
INFO: Starting ProtocolHandler ["http-bio-80"]
Nov 17, 2015 10:22:16 AM org.apache.coyote.AbstractProtocol start
INFO: Starting ProtocolHandler ["ajp-bio-8009"]
Nov 17, 2015 10:22:16 AM org.apache.catalina.startup.Catalina start
INFO: Server startup in 47188 ms
