Nov 16, 2015 10:31:37 AM org.apache.catalina.core.AprLifecycleListener init
INFO: The APR based Apache Tomcat Native library which allows optimal performance in production environments was not found on the java.library.path: E:\WebPortal\eclipse\Java\jre7\bin;C:\windows\Sun\Java\bin;C:\windows\system32;C:\windows;C:\ProgramData\Oracle\Java\javapath;C:\windows\system32;C:\windows;C:\windows\System32\Wbem;C:\windows\System32\WindowsPowerShell\v1.0\;C:\Program Files (x86)\Brackets\command;.
Nov 16, 2015 10:31:37 AM org.apache.coyote.AbstractProtocol init
INFO: Initializing ProtocolHandler ["http-bio-80"]
Nov 16, 2015 10:31:37 AM org.apache.coyote.AbstractProtocol init
INFO: Initializing ProtocolHandler ["ajp-bio-8009"]
Nov 16, 2015 10:31:37 AM org.apache.catalina.startup.Catalina load
INFO: Initialization processed in 364 ms
Nov 16, 2015 10:31:37 AM org.apache.catalina.core.StandardService startInternal
INFO: Starting service Catalina
Nov 16, 2015 10:31:37 AM org.apache.catalina.core.StandardEngine startInternal
INFO: Starting Servlet Engine: Apache Tomcat/7.0.42
Nov 16, 2015 10:31:37 AM org.apache.catalina.startup.HostConfig deployDescriptor
INFO: Deploying configuration descriptor E:\WebPortal\liferay-portal-6.2-ce\tomcat-7.0.42\conf\Catalina\localhost\ROOT.xml
Nov 16, 2015 10:32:06 AM org.apache.catalina.startup.HostConfig deployDirectory
INFO: Deploying web application directory E:\WebPortal\liferay-portal-6.2-ce\tomcat-7.0.42\webapps\calendar-portlet
Nov 16, 2015 10:32:11 AM org.apache.catalina.startup.HostConfig deployDirectory
INFO: Deploying web application directory E:\WebPortal\liferay-portal-6.2-ce\tomcat-7.0.42\webapps\kaleo-web
Nov 16, 2015 10:32:15 AM org.apache.catalina.startup.HostConfig deployDirectory
INFO: Deploying web application directory E:\WebPortal\liferay-portal-6.2-ce\tomcat-7.0.42\webapps\marketplace-portlet
Nov 16, 2015 10:32:21 AM org.apache.catalina.startup.HostConfig deployDirectory
INFO: Deploying web application directory E:\WebPortal\liferay-portal-6.2-ce\tomcat-7.0.42\webapps\notifications-portlet
Nov 16, 2015 10:32:23 AM org.apache.catalina.startup.HostConfig deployDirectory
INFO: Deploying web application directory E:\WebPortal\liferay-portal-6.2-ce\tomcat-7.0.42\webapps\opensocial-portlet
Nov 16, 2015 10:32:32 AM org.apache.catalina.startup.HostConfig deployDirectory
INFO: Deploying web application directory E:\WebPortal\liferay-portal-6.2-ce\tomcat-7.0.42\webapps\resources-importer-web
Nov 16, 2015 10:32:32 AM org.apache.shindig.config.JsonContainerConfig loadContainers
INFO: Loading resources from: containers/default/container.js
Nov 16, 2015 10:32:32 AM org.apache.shindig.config.JsonContainerConfig loadResources
INFO: Reading container config: containers/default/container.js
Nov 16, 2015 10:32:32 AM org.apache.shindig.gadgets.features.FeatureRegistry register
INFO: Loading resources from: res:features-extras/features.txt
Nov 16, 2015 10:32:32 AM org.apache.shindig.common.xml.XmlUtil <clinit>
INFO: Reusing document builders
Nov 16, 2015 10:32:32 AM org.apache.catalina.startup.HostConfig deployDirectory
INFO: Deploying web application directory E:\WebPortal\liferay-portal-6.2-ce\tomcat-7.0.42\webapps\sync-web
Nov 16, 2015 10:32:32 AM org.apache.shindig.gadgets.features.FeatureRegistry register
INFO: Loading resources from: res:features/features.txt
Nov 16, 2015 10:32:33 AM org.apache.shindig.gadgets.servlet.CajaContentRewriter <init>
INFO: Cajoled cache createdorg.apache.shindig.common.cache.ehcache.EhConfiguredCache@60d24dec
Nov 16, 2015 10:32:33 AM org.apache.shindig.gadgets.servlet.CajaContentRewriter <init>
INFO: Cajoled cache createdorg.apache.shindig.common.cache.ehcache.EhConfiguredCache@60d24dec
Nov 16, 2015 10:32:33 AM org.apache.shindig.gadgets.oauth.OAuthModule$OAuthCrypterProvider <init>
INFO: Using random key for OAuth client-side state encryption
Nov 16, 2015 10:32:34 AM org.apache.catalina.startup.HostConfig deployDirectory
INFO: Deploying web application directory E:\WebPortal\liferay-portal-6.2-ce\tomcat-7.0.42\webapps\web-form-portlet
Nov 16, 2015 10:32:35 AM org.apache.catalina.startup.HostConfig deployDirectory
INFO: Deploying web application directory E:\WebPortal\liferay-portal-6.2-ce\tomcat-7.0.42\webapps\welcome-theme
Nov 16, 2015 10:32:36 AM org.apache.coyote.AbstractProtocol start
INFO: Starting ProtocolHandler ["http-bio-80"]
Nov 16, 2015 10:32:36 AM org.apache.coyote.AbstractProtocol start
INFO: Starting ProtocolHandler ["ajp-bio-8009"]
Nov 16, 2015 10:32:36 AM org.apache.catalina.startup.Catalina start
INFO: Server startup in 58590 ms
Nov 16, 2015 10:33:07 AM org.apache.catalina.core.AprLifecycleListener init
INFO: The APR based Apache Tomcat Native library which allows optimal performance in production environments was not found on the java.library.path: E:\WebPortal\eclipse\Java\jre7\bin;C:\windows\Sun\Java\bin;C:\windows\system32;C:\windows;C:\ProgramData\Oracle\Java\javapath;C:\windows\system32;C:\windows;C:\windows\System32\Wbem;C:\windows\System32\WindowsPowerShell\v1.0\;C:\Program Files (x86)\Brackets\command;.
Nov 16, 2015 10:33:08 AM org.apache.coyote.AbstractProtocol init
INFO: Initializing ProtocolHandler ["http-bio-80"]
Nov 16, 2015 10:33:08 AM org.apache.coyote.AbstractProtocol init
INFO: Initializing ProtocolHandler ["ajp-bio-8009"]
Nov 16, 2015 10:33:08 AM org.apache.catalina.startup.Catalina load
INFO: Initialization processed in 341 ms
Nov 16, 2015 10:33:08 AM org.apache.catalina.core.StandardService startInternal
INFO: Starting service Catalina
Nov 16, 2015 10:33:08 AM org.apache.catalina.core.StandardEngine startInternal
INFO: Starting Servlet Engine: Apache Tomcat/7.0.42
Nov 16, 2015 10:33:08 AM org.apache.catalina.startup.HostConfig deployDescriptor
INFO: Deploying configuration descriptor E:\WebPortal\liferay-portal-6.2-ce\tomcat-7.0.42\conf\Catalina\localhost\ROOT.xml
Nov 16, 2015 10:33:35 AM org.apache.catalina.startup.HostConfig deployDirectory
INFO: Deploying web application directory E:\WebPortal\liferay-portal-6.2-ce\tomcat-7.0.42\webapps\calendar-portlet
Nov 16, 2015 10:33:37 AM org.apache.catalina.startup.HostConfig deployDirectory
INFO: Deploying web application directory E:\WebPortal\liferay-portal-6.2-ce\tomcat-7.0.42\webapps\kaleo-web
Nov 16, 2015 10:33:40 AM org.apache.catalina.startup.HostConfig deployDirectory
INFO: Deploying web application directory E:\WebPortal\liferay-portal-6.2-ce\tomcat-7.0.42\webapps\marketplace-portlet
Nov 16, 2015 10:33:44 AM org.apache.catalina.startup.HostConfig deployDirectory
INFO: Deploying web application directory E:\WebPortal\liferay-portal-6.2-ce\tomcat-7.0.42\webapps\notifications-portlet
Nov 16, 2015 10:33:47 AM org.apache.catalina.startup.HostConfig deployDirectory
INFO: Deploying web application directory E:\WebPortal\liferay-portal-6.2-ce\tomcat-7.0.42\webapps\opensocial-portlet
Nov 16, 2015 10:33:51 AM org.apache.catalina.startup.HostConfig deployDirectory
INFO: Deploying web application directory E:\WebPortal\liferay-portal-6.2-ce\tomcat-7.0.42\webapps\resources-importer-web
Nov 16, 2015 10:33:51 AM org.apache.shindig.config.JsonContainerConfig loadContainers
INFO: Loading resources from: containers/default/container.js
Nov 16, 2015 10:33:51 AM org.apache.shindig.config.JsonContainerConfig loadResources
INFO: Reading container config: containers/default/container.js
Nov 16, 2015 10:33:51 AM org.apache.shindig.gadgets.features.FeatureRegistry register
INFO: Loading resources from: res:features-extras/features.txt
Nov 16, 2015 10:33:51 AM org.apache.shindig.common.xml.XmlUtil <clinit>
INFO: Reusing document builders
Nov 16, 2015 10:33:51 AM org.apache.catalina.startup.HostConfig deployDirectory
INFO: Deploying web application directory E:\WebPortal\liferay-portal-6.2-ce\tomcat-7.0.42\webapps\sync-web
Nov 16, 2015 10:33:52 AM org.apache.shindig.gadgets.features.FeatureRegistry register
INFO: Loading resources from: res:features/features.txt
Nov 16, 2015 10:33:52 AM org.apache.shindig.gadgets.servlet.CajaContentRewriter <init>
INFO: Cajoled cache createdorg.apache.shindig.common.cache.ehcache.EhConfiguredCache@65105487
Nov 16, 2015 10:33:52 AM org.apache.shindig.gadgets.servlet.CajaContentRewriter <init>
INFO: Cajoled cache createdorg.apache.shindig.common.cache.ehcache.EhConfiguredCache@65105487
Nov 16, 2015 10:33:52 AM org.apache.shindig.gadgets.oauth.OAuthModule$OAuthCrypterProvider <init>
INFO: Using random key for OAuth client-side state encryption
Nov 16, 2015 10:33:53 AM org.apache.catalina.startup.HostConfig deployDirectory
INFO: Deploying web application directory E:\WebPortal\liferay-portal-6.2-ce\tomcat-7.0.42\webapps\web-form-portlet
Nov 16, 2015 10:33:53 AM org.apache.catalina.startup.HostConfig deployDirectory
INFO: Deploying web application directory E:\WebPortal\liferay-portal-6.2-ce\tomcat-7.0.42\webapps\welcome-theme
Nov 16, 2015 10:33:54 AM org.apache.coyote.AbstractProtocol start
INFO: Starting ProtocolHandler ["http-bio-80"]
Nov 16, 2015 10:33:54 AM org.apache.coyote.AbstractProtocol start
INFO: Starting ProtocolHandler ["ajp-bio-8009"]
Nov 16, 2015 10:33:54 AM org.apache.catalina.startup.Catalina start
INFO: Server startup in 46425 ms
Nov 16, 2015 10:36:32 AM org.apache.catalina.core.AprLifecycleListener init
INFO: The APR based Apache Tomcat Native library which allows optimal performance in production environments was not found on the java.library.path: E:\WebPortal\eclipse\Java\jre7\bin;C:\windows\Sun\Java\bin;C:\windows\system32;C:\windows;C:\ProgramData\Oracle\Java\javapath;C:\windows\system32;C:\windows;C:\windows\System32\Wbem;C:\windows\System32\WindowsPowerShell\v1.0\;C:\Program Files (x86)\Brackets\command;.
Nov 16, 2015 10:36:32 AM org.apache.coyote.AbstractProtocol init
INFO: Initializing ProtocolHandler ["http-bio-80"]
Nov 16, 2015 10:36:32 AM org.apache.coyote.AbstractProtocol init
INFO: Initializing ProtocolHandler ["ajp-bio-8009"]
Nov 16, 2015 10:36:32 AM org.apache.catalina.startup.Catalina load
INFO: Initialization processed in 322 ms
Nov 16, 2015 10:36:32 AM org.apache.catalina.core.StandardService startInternal
INFO: Starting service Catalina
Nov 16, 2015 10:36:32 AM org.apache.catalina.core.StandardEngine startInternal
INFO: Starting Servlet Engine: Apache Tomcat/7.0.42
Nov 16, 2015 10:36:32 AM org.apache.catalina.startup.HostConfig deployDescriptor
INFO: Deploying configuration descriptor E:\WebPortal\liferay-portal-6.2-ce\tomcat-7.0.42\conf\Catalina\localhost\ROOT.xml
Nov 16, 2015 10:37:00 AM org.apache.catalina.startup.HostConfig deployDirectory
INFO: Deploying web application directory E:\WebPortal\liferay-portal-6.2-ce\tomcat-7.0.42\webapps\calendar-portlet
Nov 16, 2015 10:37:02 AM org.apache.catalina.startup.HostConfig deployDirectory
INFO: Deploying web application directory E:\WebPortal\liferay-portal-6.2-ce\tomcat-7.0.42\webapps\kaleo-web
Nov 16, 2015 10:37:04 AM org.apache.catalina.startup.HostConfig deployDirectory
INFO: Deploying web application directory E:\WebPortal\liferay-portal-6.2-ce\tomcat-7.0.42\webapps\marketplace-portlet
Nov 16, 2015 10:37:09 AM org.apache.catalina.startup.HostConfig deployDirectory
INFO: Deploying web application directory E:\WebPortal\liferay-portal-6.2-ce\tomcat-7.0.42\webapps\notifications-portlet
Nov 16, 2015 10:37:11 AM org.apache.catalina.startup.HostConfig deployDirectory
INFO: Deploying web application directory E:\WebPortal\liferay-portal-6.2-ce\tomcat-7.0.42\webapps\opensocial-portlet
Nov 16, 2015 10:37:15 AM org.apache.catalina.startup.HostConfig deployDirectory
INFO: Deploying web application directory E:\WebPortal\liferay-portal-6.2-ce\tomcat-7.0.42\webapps\resources-importer-web
Nov 16, 2015 10:37:16 AM org.apache.shindig.config.JsonContainerConfig loadContainers
INFO: Loading resources from: containers/default/container.js
Nov 16, 2015 10:37:16 AM org.apache.shindig.config.JsonContainerConfig loadResources
INFO: Reading container config: containers/default/container.js
Nov 16, 2015 10:37:16 AM org.apache.catalina.startup.HostConfig deployDirectory
INFO: Deploying web application directory E:\WebPortal\liferay-portal-6.2-ce\tomcat-7.0.42\webapps\sync-web
Nov 16, 2015 10:37:16 AM org.apache.shindig.gadgets.features.FeatureRegistry register
INFO: Loading resources from: res:features-extras/features.txt
Nov 16, 2015 10:37:16 AM org.apache.shindig.common.xml.XmlUtil <clinit>
INFO: Reusing document builders
Nov 16, 2015 10:37:16 AM org.apache.shindig.gadgets.features.FeatureRegistry register
INFO: Loading resources from: res:features/features.txt
Nov 16, 2015 10:37:16 AM org.apache.shindig.gadgets.servlet.CajaContentRewriter <init>
INFO: Cajoled cache createdorg.apache.shindig.common.cache.ehcache.EhConfiguredCache@7360eeb4
Nov 16, 2015 10:37:17 AM org.apache.shindig.gadgets.servlet.CajaContentRewriter <init>
INFO: Cajoled cache createdorg.apache.shindig.common.cache.ehcache.EhConfiguredCache@7360eeb4
Nov 16, 2015 10:37:17 AM org.apache.shindig.gadgets.oauth.OAuthModule$OAuthCrypterProvider <init>
INFO: Using random key for OAuth client-side state encryption
Nov 16, 2015 10:37:17 AM org.apache.catalina.startup.HostConfig deployDirectory
INFO: Deploying web application directory E:\WebPortal\liferay-portal-6.2-ce\tomcat-7.0.42\webapps\web-form-portlet
Nov 16, 2015 10:37:18 AM org.apache.catalina.startup.HostConfig deployDirectory
INFO: Deploying web application directory E:\WebPortal\liferay-portal-6.2-ce\tomcat-7.0.42\webapps\WebPortal-portlet
Nov 16, 2015 10:37:21 AM org.apache.catalina.startup.HostConfig deployDirectory
INFO: Deploying web application directory E:\WebPortal\liferay-portal-6.2-ce\tomcat-7.0.42\webapps\welcome-theme
Nov 16, 2015 10:37:22 AM org.apache.coyote.AbstractProtocol start
INFO: Starting ProtocolHandler ["http-bio-80"]
Nov 16, 2015 10:37:22 AM org.apache.coyote.AbstractProtocol start
INFO: Starting ProtocolHandler ["ajp-bio-8009"]
Nov 16, 2015 10:37:22 AM org.apache.catalina.startup.Catalina start
INFO: Server startup in 50039 ms
Nov 16, 2015 12:08:13 PM org.apache.catalina.core.StandardServer await
INFO: A valid shutdown command was received via the shutdown port. Stopping the Server instance.
Nov 16, 2015 12:08:13 PM org.apache.coyote.AbstractProtocol pause
INFO: Pausing ProtocolHandler ["http-bio-80"]
Nov 16, 2015 12:08:13 PM org.apache.coyote.AbstractProtocol pause
INFO: Pausing ProtocolHandler ["ajp-bio-8009"]
Nov 16, 2015 12:08:13 PM org.apache.catalina.core.StandardService stopInternal
INFO: Stopping service Catalina
Nov 16, 2015 12:08:15 PM org.apache.catalina.loader.WebappClassLoader clearReferencesThreads
SEVERE: The web application [] appears to have started a thread named [org.python.google.common.base.internal.Finalizer] but has failed to stop it. This is very likely to create a memory leak.
Nov 16, 2015 12:08:15 PM org.apache.catalina.loader.WebappClassLoader clearReferencesThreads
SEVERE: The web application [] appears to have started a thread named [Thread-41] but has failed to stop it. This is very likely to create a memory leak.
Nov 16, 2015 12:08:15 PM org.apache.catalina.loader.WebappClassLoader clearReferencesThreads
SEVERE: The web application [] appears to have started a thread named [Thread-42] but has failed to stop it. This is very likely to create a memory leak.
Nov 16, 2015 12:08:15 PM org.apache.catalina.loader.WebappClassLoader clearReferencesThreads
SEVERE: The web application [] appears to have started a thread named [ReferenceReaper] but has failed to stop it. This is very likely to create a memory leak.
Nov 16, 2015 12:08:16 PM org.apache.catalina.loader.WebappClassLoader checkThreadLocalMapForLeaks
SEVERE: The web application [/opensocial-portlet] created a ThreadLocal with key of type [com.google.inject.InjectorImpl$1] (value [com.google.inject.InjectorImpl$1@71de74e4]) and a value of type [java.lang.Object[]] (value [[Ljava.lang.Object;@43cc5f23]) but failed to remove it when the web application was stopped. Threads are going to be renewed over time to try and avoid a probable memory leak.
Nov 16, 2015 12:08:17 PM org.apache.coyote.AbstractProtocol stop
INFO: Stopping ProtocolHandler ["http-bio-80"]
Nov 16, 2015 12:08:17 PM org.apache.coyote.AbstractProtocol stop
INFO: Stopping ProtocolHandler ["ajp-bio-8009"]
Nov 16, 2015 12:08:17 PM org.apache.coyote.AbstractProtocol destroy
INFO: Destroying ProtocolHandler ["http-bio-80"]
Nov 16, 2015 12:08:17 PM org.apache.coyote.AbstractProtocol destroy
INFO: Destroying ProtocolHandler ["ajp-bio-8009"]
Nov 16, 2015 12:08:18 PM org.apache.catalina.core.AprLifecycleListener init
INFO: The APR based Apache Tomcat Native library which allows optimal performance in production environments was not found on the java.library.path: E:\WebPortal\eclipse\Java\jre7\bin;C:\windows\Sun\Java\bin;C:\windows\system32;C:\windows;C:\ProgramData\Oracle\Java\javapath;C:\windows\system32;C:\windows;C:\windows\System32\Wbem;C:\windows\System32\WindowsPowerShell\v1.0\;C:\Program Files (x86)\Brackets\command;.
Nov 16, 2015 12:08:18 PM org.apache.coyote.AbstractProtocol init
INFO: Initializing ProtocolHandler ["http-bio-80"]
Nov 16, 2015 12:08:18 PM org.apache.coyote.AbstractProtocol init
INFO: Initializing ProtocolHandler ["ajp-bio-8009"]
Nov 16, 2015 12:08:18 PM org.apache.catalina.startup.Catalina load
INFO: Initialization processed in 334 ms
Nov 16, 2015 12:08:18 PM org.apache.catalina.core.StandardService startInternal
INFO: Starting service Catalina
Nov 16, 2015 12:08:18 PM org.apache.catalina.core.StandardEngine startInternal
INFO: Starting Servlet Engine: Apache Tomcat/7.0.42
Nov 16, 2015 12:08:18 PM org.apache.catalina.startup.HostConfig deployDescriptor
INFO: Deploying configuration descriptor E:\WebPortal\liferay-portal-6.2-ce\tomcat-7.0.42\conf\Catalina\localhost\ROOT.xml
Nov 16, 2015 12:08:46 PM org.apache.catalina.startup.HostConfig deployDescriptor
INFO: Deploying configuration descriptor E:\WebPortal\liferay-portal-6.2-ce\tomcat-7.0.42\conf\Catalina\localhost\WebPortal-portlet.xml
Nov 16, 2015 12:08:46 PM org.apache.catalina.startup.HostConfig deployDescriptor
WARNING: A docBase E:\WebPortal\liferay-portal-6.2-ce\tomcat-7.0.42\webapps\WebPortal-portlet inside the host appBase has been specified, and will be ignored
Nov 16, 2015 12:08:46 PM org.apache.catalina.startup.SetContextPropertiesRule begin
WARNING: [SetContextPropertiesRule]{Context} Setting property 'source' to 'org.eclipse.jst.jee.server:WebPortal-portlet' did not find a matching property.
Nov 16, 2015 12:08:46 PM org.apache.catalina.startup.HostConfig deployDirectory
INFO: Deploying web application directory E:\WebPortal\liferay-portal-6.2-ce\tomcat-7.0.42\webapps\calendar-portlet
Nov 16, 2015 12:08:48 PM org.apache.catalina.startup.HostConfig deployDirectory
INFO: Deploying web application directory E:\WebPortal\liferay-portal-6.2-ce\tomcat-7.0.42\webapps\kaleo-web
Nov 16, 2015 12:08:51 PM org.apache.catalina.startup.HostConfig deployDirectory
INFO: Deploying web application directory E:\WebPortal\liferay-portal-6.2-ce\tomcat-7.0.42\webapps\marketplace-portlet
Nov 16, 2015 12:08:56 PM org.apache.catalina.startup.HostConfig deployDirectory
INFO: Deploying web application directory E:\WebPortal\liferay-portal-6.2-ce\tomcat-7.0.42\webapps\notifications-portlet
Nov 16, 2015 12:08:57 PM org.apache.catalina.startup.HostConfig deployDirectory
INFO: Deploying web application directory E:\WebPortal\liferay-portal-6.2-ce\tomcat-7.0.42\webapps\opensocial-portlet
Nov 16, 2015 12:09:02 PM org.apache.catalina.startup.HostConfig deployDirectory
INFO: Deploying web application directory E:\WebPortal\liferay-portal-6.2-ce\tomcat-7.0.42\webapps\resources-importer-web
Nov 16, 2015 12:09:02 PM org.apache.shindig.config.JsonContainerConfig loadContainers
INFO: Loading resources from: containers/default/container.js
Nov 16, 2015 12:09:02 PM org.apache.shindig.config.JsonContainerConfig loadResources
INFO: Reading container config: containers/default/container.js
Nov 16, 2015 12:09:02 PM org.apache.catalina.startup.HostConfig deployDirectory
INFO: Deploying web application directory E:\WebPortal\liferay-portal-6.2-ce\tomcat-7.0.42\webapps\sync-web
Nov 16, 2015 12:09:02 PM org.apache.shindig.gadgets.features.FeatureRegistry register
INFO: Loading resources from: res:features-extras/features.txt
Nov 16, 2015 12:09:03 PM org.apache.shindig.common.xml.XmlUtil <clinit>
INFO: Reusing document builders
Nov 16, 2015 12:09:03 PM org.apache.catalina.startup.HostConfig deployDirectory
INFO: Deploying web application directory E:\WebPortal\liferay-portal-6.2-ce\tomcat-7.0.42\webapps\web-form-portlet
Nov 16, 2015 12:09:04 PM org.apache.catalina.startup.HostConfig deployDirectory
INFO: Deploying web application directory E:\WebPortal\liferay-portal-6.2-ce\tomcat-7.0.42\webapps\welcome-theme
Nov 16, 2015 12:09:05 PM org.apache.shindig.gadgets.features.FeatureRegistry register
INFO: Loading resources from: res:features/features.txt
Nov 16, 2015 12:09:05 PM org.apache.coyote.AbstractProtocol start
INFO: Starting ProtocolHandler ["http-bio-80"]
Nov 16, 2015 12:09:05 PM org.apache.coyote.AbstractProtocol start
INFO: Starting ProtocolHandler ["ajp-bio-8009"]
Nov 16, 2015 12:09:05 PM org.apache.catalina.startup.Catalina start
INFO: Server startup in 47246 ms
Nov 16, 2015 12:09:13 PM org.apache.shindig.gadgets.servlet.CajaContentRewriter <init>
INFO: Cajoled cache createdorg.apache.shindig.common.cache.ehcache.EhConfiguredCache@5d4bf6
Nov 16, 2015 12:09:13 PM org.apache.shindig.gadgets.servlet.CajaContentRewriter <init>
INFO: Cajoled cache createdorg.apache.shindig.common.cache.ehcache.EhConfiguredCache@5d4bf6
Nov 16, 2015 12:09:13 PM org.apache.shindig.gadgets.oauth.OAuthModule$OAuthCrypterProvider <init>
INFO: Using random key for OAuth client-side state encryption
Nov 16, 2015 12:32:29 PM org.apache.catalina.core.AprLifecycleListener init
INFO: The APR based Apache Tomcat Native library which allows optimal performance in production environments was not found on the java.library.path: E:\WebPortal\eclipse\Java\jre7\bin;C:\windows\Sun\Java\bin;C:\windows\system32;C:\windows;C:\ProgramData\Oracle\Java\javapath;C:\windows\system32;C:\windows;C:\windows\System32\Wbem;C:\windows\System32\WindowsPowerShell\v1.0\;C:\Program Files (x86)\Brackets\command;.
Nov 16, 2015 12:32:29 PM org.apache.coyote.AbstractProtocol init
INFO: Initializing ProtocolHandler ["http-bio-80"]
Nov 16, 2015 12:32:29 PM org.apache.coyote.AbstractProtocol init
INFO: Initializing ProtocolHandler ["ajp-bio-8009"]
Nov 16, 2015 12:32:29 PM org.apache.catalina.startup.Catalina load
INFO: Initialization processed in 334 ms
Nov 16, 2015 12:32:29 PM org.apache.catalina.core.StandardService startInternal
INFO: Starting service Catalina
Nov 16, 2015 12:32:29 PM org.apache.catalina.core.StandardEngine startInternal
INFO: Starting Servlet Engine: Apache Tomcat/7.0.42
Nov 16, 2015 12:32:29 PM org.apache.catalina.startup.HostConfig deployDescriptor
INFO: Deploying configuration descriptor E:\WebPortal\liferay-portal-6.2-ce\tomcat-7.0.42\conf\Catalina\localhost\ROOT.xml
Nov 16, 2015 12:32:57 PM org.apache.catalina.startup.HostConfig deployDescriptor
INFO: Deploying configuration descriptor E:\WebPortal\liferay-portal-6.2-ce\tomcat-7.0.42\conf\Catalina\localhost\WebPortal-portlet.xml
Nov 16, 2015 12:32:57 PM org.apache.catalina.startup.HostConfig deployDescriptor
WARNING: A docBase E:\WebPortal\liferay-portal-6.2-ce\tomcat-7.0.42\webapps\WebPortal-portlet inside the host appBase has been specified, and will be ignored
Nov 16, 2015 12:32:57 PM org.apache.catalina.startup.SetContextPropertiesRule begin
WARNING: [SetContextPropertiesRule]{Context} Setting property 'source' to 'org.eclipse.jst.jee.server:WebPortal-portlet' did not find a matching property.
Nov 16, 2015 12:32:58 PM org.apache.catalina.startup.HostConfig deployDirectory
INFO: Deploying web application directory E:\WebPortal\liferay-portal-6.2-ce\tomcat-7.0.42\webapps\calendar-portlet
Nov 16, 2015 12:33:00 PM org.apache.catalina.startup.HostConfig deployDirectory
INFO: Deploying web application directory E:\WebPortal\liferay-portal-6.2-ce\tomcat-7.0.42\webapps\kaleo-web
Nov 16, 2015 12:33:04 PM org.apache.catalina.startup.HostConfig deployDirectory
INFO: Deploying web application directory E:\WebPortal\liferay-portal-6.2-ce\tomcat-7.0.42\webapps\marketplace-portlet
Nov 16, 2015 12:33:09 PM org.apache.catalina.startup.HostConfig deployDirectory
INFO: Deploying web application directory E:\WebPortal\liferay-portal-6.2-ce\tomcat-7.0.42\webapps\notifications-portlet
Nov 16, 2015 12:33:10 PM org.apache.catalina.startup.HostConfig deployDirectory
INFO: Deploying web application directory E:\WebPortal\liferay-portal-6.2-ce\tomcat-7.0.42\webapps\opensocial-portlet
Nov 16, 2015 12:33:16 PM org.apache.catalina.startup.HostConfig deployDirectory
INFO: Deploying web application directory E:\WebPortal\liferay-portal-6.2-ce\tomcat-7.0.42\webapps\resources-importer-web
Nov 16, 2015 12:33:17 PM org.apache.shindig.config.JsonContainerConfig loadContainers
INFO: Loading resources from: containers/default/container.js
Nov 16, 2015 12:33:17 PM org.apache.shindig.config.JsonContainerConfig loadResources
INFO: Reading container config: containers/default/container.js
Nov 16, 2015 12:33:17 PM org.apache.catalina.startup.HostConfig deployDirectory
INFO: Deploying web application directory E:\WebPortal\liferay-portal-6.2-ce\tomcat-7.0.42\webapps\sync-web
Nov 16, 2015 12:33:17 PM org.apache.shindig.gadgets.features.FeatureRegistry register
INFO: Loading resources from: res:features-extras/features.txt
Nov 16, 2015 12:33:17 PM org.apache.shindig.common.xml.XmlUtil <clinit>
INFO: Reusing document builders
Nov 16, 2015 12:33:17 PM org.apache.shindig.gadgets.features.FeatureRegistry register
INFO: Loading resources from: res:features/features.txt
Nov 16, 2015 12:33:18 PM org.apache.shindig.gadgets.servlet.CajaContentRewriter <init>
INFO: Cajoled cache createdorg.apache.shindig.common.cache.ehcache.EhConfiguredCache@7114ab90
Nov 16, 2015 12:33:18 PM org.apache.shindig.gadgets.servlet.CajaContentRewriter <init>
INFO: Cajoled cache createdorg.apache.shindig.common.cache.ehcache.EhConfiguredCache@7114ab90
Nov 16, 2015 12:33:18 PM org.apache.shindig.gadgets.oauth.OAuthModule$OAuthCrypterProvider <init>
INFO: Using random key for OAuth client-side state encryption
Nov 16, 2015 12:33:18 PM org.apache.catalina.startup.HostConfig deployDirectory
INFO: Deploying web application directory E:\WebPortal\liferay-portal-6.2-ce\tomcat-7.0.42\webapps\web-form-portlet
Nov 16, 2015 12:33:19 PM org.apache.catalina.startup.HostConfig deployDirectory
INFO: Deploying web application directory E:\WebPortal\liferay-portal-6.2-ce\tomcat-7.0.42\webapps\welcome-theme
Nov 16, 2015 12:33:20 PM org.apache.coyote.AbstractProtocol start
INFO: Starting ProtocolHandler ["http-bio-80"]
Nov 16, 2015 12:33:20 PM org.apache.coyote.AbstractProtocol start
INFO: Starting ProtocolHandler ["ajp-bio-8009"]
Nov 16, 2015 12:33:20 PM org.apache.catalina.startup.Catalina start
INFO: Server startup in 50307 ms
Nov 16, 2015 12:35:45 PM org.apache.catalina.core.StandardServer await
INFO: A valid shutdown command was received via the shutdown port. Stopping the Server instance.
Nov 16, 2015 12:35:45 PM org.apache.coyote.AbstractProtocol pause
INFO: Pausing ProtocolHandler ["http-bio-80"]
Nov 16, 2015 12:35:45 PM org.apache.coyote.AbstractProtocol pause
INFO: Pausing ProtocolHandler ["ajp-bio-8009"]
Nov 16, 2015 12:35:45 PM org.apache.catalina.core.StandardService stopInternal
INFO: Stopping service Catalina
Nov 16, 2015 12:35:46 PM org.apache.catalina.loader.WebappClassLoader clearReferencesThreads
SEVERE: The web application [] appears to have started a thread named [org.python.google.common.base.internal.Finalizer] but has failed to stop it. This is very likely to create a memory leak.
Nov 16, 2015 12:35:46 PM org.apache.catalina.loader.WebappClassLoader clearReferencesThreads
SEVERE: The web application [] appears to have started a thread named [ReferenceReaper] but has failed to stop it. This is very likely to create a memory leak.
Nov 16, 2015 12:35:48 PM org.apache.coyote.AbstractProtocol stop
INFO: Stopping ProtocolHandler ["http-bio-80"]
Nov 16, 2015 12:35:48 PM org.apache.coyote.AbstractProtocol stop
INFO: Stopping ProtocolHandler ["ajp-bio-8009"]
Nov 16, 2015 12:35:48 PM org.apache.coyote.AbstractProtocol destroy
INFO: Destroying ProtocolHandler ["http-bio-80"]
Nov 16, 2015 12:35:48 PM org.apache.coyote.AbstractProtocol destroy
INFO: Destroying ProtocolHandler ["ajp-bio-8009"]
Nov 16, 2015 1:11:51 PM org.apache.catalina.core.AprLifecycleListener init
INFO: The APR based Apache Tomcat Native library which allows optimal performance in production environments was not found on the java.library.path: E:\WebPortal\eclipse\Java\jre7\bin;C:\windows\Sun\Java\bin;C:\windows\system32;C:\windows;C:\ProgramData\Oracle\Java\javapath;C:\windows\system32;C:\windows;C:\windows\System32\Wbem;C:\windows\System32\WindowsPowerShell\v1.0\;C:\Program Files (x86)\Brackets\command;.
Nov 16, 2015 1:11:51 PM org.apache.coyote.AbstractProtocol init
INFO: Initializing ProtocolHandler ["http-bio-80"]
Nov 16, 2015 1:11:51 PM org.apache.coyote.AbstractProtocol init
INFO: Initializing ProtocolHandler ["ajp-bio-8009"]
Nov 16, 2015 1:11:51 PM org.apache.catalina.startup.Catalina load
INFO: Initialization processed in 327 ms
Nov 16, 2015 1:11:51 PM org.apache.catalina.core.StandardService startInternal
INFO: Starting service Catalina
Nov 16, 2015 1:11:51 PM org.apache.catalina.core.StandardEngine startInternal
INFO: Starting Servlet Engine: Apache Tomcat/7.0.42
Nov 16, 2015 1:11:51 PM org.apache.catalina.startup.HostConfig deployDescriptor
INFO: Deploying configuration descriptor E:\WebPortal\liferay-portal-6.2-ce\tomcat-7.0.42\conf\Catalina\localhost\ROOT.xml
Nov 16, 2015 1:12:19 PM org.apache.catalina.startup.HostConfig deployDescriptor
INFO: Deploying configuration descriptor E:\WebPortal\liferay-portal-6.2-ce\tomcat-7.0.42\conf\Catalina\localhost\WebPortal-portlet.xml
Nov 16, 2015 1:12:19 PM org.apache.catalina.startup.HostConfig deployDescriptor
WARNING: A docBase E:\WebPortal\liferay-portal-6.2-ce\tomcat-7.0.42\webapps\WebPortal-portlet inside the host appBase has been specified, and will be ignored
Nov 16, 2015 1:12:19 PM org.apache.catalina.startup.SetContextPropertiesRule begin
WARNING: [SetContextPropertiesRule]{Context} Setting property 'source' to 'org.eclipse.jst.jee.server:WebPortal-portlet' did not find a matching property.
Nov 16, 2015 1:12:20 PM org.apache.catalina.startup.HostConfig deployDirectory
INFO: Deploying web application directory E:\WebPortal\liferay-portal-6.2-ce\tomcat-7.0.42\webapps\calendar-portlet
Nov 16, 2015 1:12:22 PM org.apache.catalina.startup.HostConfig deployDirectory
INFO: Deploying web application directory E:\WebPortal\liferay-portal-6.2-ce\tomcat-7.0.42\webapps\kaleo-web
Nov 16, 2015 1:12:24 PM org.apache.catalina.startup.HostConfig deployDirectory
INFO: Deploying web application directory E:\WebPortal\liferay-portal-6.2-ce\tomcat-7.0.42\webapps\marketplace-portlet
Nov 16, 2015 1:12:30 PM org.apache.catalina.startup.HostConfig deployDirectory
INFO: Deploying web application directory E:\WebPortal\liferay-portal-6.2-ce\tomcat-7.0.42\webapps\notifications-portlet
Nov 16, 2015 1:12:32 PM org.apache.catalina.startup.HostConfig deployDirectory
INFO: Deploying web application directory E:\WebPortal\liferay-portal-6.2-ce\tomcat-7.0.42\webapps\opensocial-portlet
Nov 16, 2015 1:12:35 PM org.apache.catalina.startup.HostConfig deployDirectory
INFO: Deploying web application directory E:\WebPortal\liferay-portal-6.2-ce\tomcat-7.0.42\webapps\resources-importer-web
Nov 16, 2015 1:12:36 PM org.apache.shindig.config.JsonContainerConfig loadContainers
INFO: Loading resources from: containers/default/container.js
Nov 16, 2015 1:12:36 PM org.apache.shindig.config.JsonContainerConfig loadResources
INFO: Reading container config: containers/default/container.js
Nov 16, 2015 1:12:36 PM org.apache.shindig.gadgets.features.FeatureRegistry register
INFO: Loading resources from: res:features-extras/features.txt
Nov 16, 2015 1:12:36 PM org.apache.catalina.startup.HostConfig deployDirectory
INFO: Deploying web application directory E:\WebPortal\liferay-portal-6.2-ce\tomcat-7.0.42\webapps\sync-web
Nov 16, 2015 1:12:36 PM org.apache.shindig.common.xml.XmlUtil <clinit>
INFO: Reusing document builders
Nov 16, 2015 1:12:37 PM org.apache.catalina.startup.HostConfig deployDirectory
INFO: Deploying web application directory E:\WebPortal\liferay-portal-6.2-ce\tomcat-7.0.42\webapps\web-form-portlet
Nov 16, 2015 1:12:37 PM org.apache.shindig.gadgets.features.FeatureRegistry register
INFO: Loading resources from: res:features/features.txt
Nov 16, 2015 1:12:38 PM org.apache.catalina.startup.HostConfig deployDirectory
INFO: Deploying web application directory E:\WebPortal\liferay-portal-6.2-ce\tomcat-7.0.42\webapps\welcome-theme
Nov 16, 2015 1:12:39 PM org.apache.coyote.AbstractProtocol start
INFO: Starting ProtocolHandler ["http-bio-80"]
Nov 16, 2015 1:12:39 PM org.apache.coyote.AbstractProtocol start
INFO: Starting ProtocolHandler ["ajp-bio-8009"]
Nov 16, 2015 1:12:39 PM org.apache.catalina.startup.Catalina start
INFO: Server startup in 47286 ms
Nov 16, 2015 1:12:43 PM org.apache.shindig.gadgets.servlet.CajaContentRewriter <init>
INFO: Cajoled cache createdorg.apache.shindig.common.cache.ehcache.EhConfiguredCache@78a358b4
Nov 16, 2015 1:12:43 PM org.apache.shindig.gadgets.servlet.CajaContentRewriter <init>
INFO: Cajoled cache createdorg.apache.shindig.common.cache.ehcache.EhConfiguredCache@78a358b4
Nov 16, 2015 1:12:43 PM org.apache.shindig.gadgets.oauth.OAuthModule$OAuthCrypterProvider <init>
INFO: Using random key for OAuth client-side state encryption
Nov 16, 2015 1:36:56 PM org.apache.catalina.core.AprLifecycleListener init
INFO: The APR based Apache Tomcat Native library which allows optimal performance in production environments was not found on the java.library.path: E:\WebPortal\eclipse\Java\jre7\bin;C:\windows\Sun\Java\bin;C:\windows\system32;C:\windows;C:\ProgramData\Oracle\Java\javapath;C:\windows\system32;C:\windows;C:\windows\System32\Wbem;C:\windows\System32\WindowsPowerShell\v1.0\;C:\Program Files (x86)\Brackets\command;.
Nov 16, 2015 1:36:56 PM org.apache.coyote.AbstractProtocol init
INFO: Initializing ProtocolHandler ["http-bio-80"]
Nov 16, 2015 1:36:56 PM org.apache.coyote.AbstractProtocol init
INFO: Initializing ProtocolHandler ["ajp-bio-8009"]
Nov 16, 2015 1:36:56 PM org.apache.catalina.startup.Catalina load
INFO: Initialization processed in 335 ms
Nov 16, 2015 1:36:56 PM org.apache.catalina.core.StandardService startInternal
INFO: Starting service Catalina
Nov 16, 2015 1:36:56 PM org.apache.catalina.core.StandardEngine startInternal
INFO: Starting Servlet Engine: Apache Tomcat/7.0.42
Nov 16, 2015 1:36:56 PM org.apache.catalina.startup.HostConfig deployDescriptor
INFO: Deploying configuration descriptor E:\WebPortal\liferay-portal-6.2-ce\tomcat-7.0.42\conf\Catalina\localhost\ROOT.xml
Nov 16, 2015 1:37:24 PM org.apache.catalina.startup.HostConfig deployDescriptor
INFO: Deploying configuration descriptor E:\WebPortal\liferay-portal-6.2-ce\tomcat-7.0.42\conf\Catalina\localhost\WebPortal-portlet.xml
Nov 16, 2015 1:37:24 PM org.apache.catalina.startup.HostConfig deployDescriptor
WARNING: A docBase E:\WebPortal\liferay-portal-6.2-ce\tomcat-7.0.42\webapps\WebPortal-portlet inside the host appBase has been specified, and will be ignored
Nov 16, 2015 1:37:24 PM org.apache.catalina.startup.SetContextPropertiesRule begin
WARNING: [SetContextPropertiesRule]{Context} Setting property 'source' to 'org.eclipse.jst.jee.server:WebPortal-portlet' did not find a matching property.
Nov 16, 2015 1:37:25 PM org.apache.catalina.startup.HostConfig deployDirectory
INFO: Deploying web application directory E:\WebPortal\liferay-portal-6.2-ce\tomcat-7.0.42\webapps\calendar-portlet
Nov 16, 2015 1:37:27 PM org.apache.catalina.startup.HostConfig deployDirectory
INFO: Deploying web application directory E:\WebPortal\liferay-portal-6.2-ce\tomcat-7.0.42\webapps\kaleo-web
Nov 16, 2015 1:37:30 PM org.apache.catalina.startup.HostConfig deployDirectory
INFO: Deploying web application directory E:\WebPortal\liferay-portal-6.2-ce\tomcat-7.0.42\webapps\marketplace-portlet
Nov 16, 2015 1:37:35 PM org.apache.catalina.startup.HostConfig deployDirectory
INFO: Deploying web application directory E:\WebPortal\liferay-portal-6.2-ce\tomcat-7.0.42\webapps\notifications-portlet
Nov 16, 2015 1:37:38 PM org.apache.catalina.startup.HostConfig deployDirectory
INFO: Deploying web application directory E:\WebPortal\liferay-portal-6.2-ce\tomcat-7.0.42\webapps\opensocial-portlet
Nov 16, 2015 1:37:41 PM org.apache.catalina.startup.HostConfig deployDirectory
INFO: Deploying web application directory E:\WebPortal\liferay-portal-6.2-ce\tomcat-7.0.42\webapps\resources-importer-web
Nov 16, 2015 1:37:42 PM org.apache.shindig.config.JsonContainerConfig loadContainers
INFO: Loading resources from: containers/default/container.js
Nov 16, 2015 1:37:42 PM org.apache.shindig.config.JsonContainerConfig loadResources
INFO: Reading container config: containers/default/container.js
Nov 16, 2015 1:37:42 PM org.apache.catalina.startup.HostConfig deployDirectory
INFO: Deploying web application directory E:\WebPortal\liferay-portal-6.2-ce\tomcat-7.0.42\webapps\sync-web
Nov 16, 2015 1:37:42 PM org.apache.shindig.gadgets.features.FeatureRegistry register
INFO: Loading resources from: res:features-extras/features.txt
Nov 16, 2015 1:37:42 PM org.apache.shindig.common.xml.XmlUtil <clinit>
INFO: Reusing document builders
Nov 16, 2015 1:37:42 PM org.apache.shindig.gadgets.features.FeatureRegistry register
INFO: Loading resources from: res:features/features.txt
Nov 16, 2015 1:37:42 PM org.apache.shindig.gadgets.servlet.CajaContentRewriter <init>
INFO: Cajoled cache createdorg.apache.shindig.common.cache.ehcache.EhConfiguredCache@34529ec3
Nov 16, 2015 1:37:42 PM org.apache.shindig.gadgets.servlet.CajaContentRewriter <init>
INFO: Cajoled cache createdorg.apache.shindig.common.cache.ehcache.EhConfiguredCache@34529ec3
Nov 16, 2015 1:37:42 PM org.apache.shindig.gadgets.oauth.OAuthModule$OAuthCrypterProvider <init>
INFO: Using random key for OAuth client-side state encryption
Nov 16, 2015 1:37:43 PM org.apache.catalina.startup.HostConfig deployDirectory
INFO: Deploying web application directory E:\WebPortal\liferay-portal-6.2-ce\tomcat-7.0.42\webapps\web-form-portlet
Nov 16, 2015 1:37:44 PM org.apache.catalina.startup.HostConfig deployDirectory
INFO: Deploying web application directory E:\WebPortal\liferay-portal-6.2-ce\tomcat-7.0.42\webapps\welcome-theme
Nov 16, 2015 1:37:44 PM org.apache.coyote.AbstractProtocol start
INFO: Starting ProtocolHandler ["http-bio-80"]
Nov 16, 2015 1:37:44 PM org.apache.coyote.AbstractProtocol start
INFO: Starting ProtocolHandler ["ajp-bio-8009"]
Nov 16, 2015 1:37:44 PM org.apache.catalina.startup.Catalina start
INFO: Server startup in 48008 ms
